<?xml version="1.0" encoding="UTF-8"?>
<testsuites name="TS - Buy Product" time="335.17" tests="3" failures="1" skips="0" errors="0">
   <testsuite name="TS - Buy Product" tests="3" failures="1" errors="0" time="335.17" skips="0" timestamp="2022-02-16 17:19:02" hostname="Lenovo - Muri" id="Test Suites/TS - Buy Product">
      <properties>
         <property name="deviceName" value="Xiaomi Redmi 7 (Android 10)"/>
         <property name="devicePlatform" value=""/>
         <property name="logFolder" value="C:\\Users\\Lenovo\\Katalon Studio\\Sauce Labs Mobile Test\\Reports\\20220216_171857\\TS - Buy Product\\20220216_171857"/>
         <property name="logFiles" value="C:\\Users\\Lenovo\\Katalon Studio\\Sauce Labs Mobile Test\\Reports\\20220216_171857\\TS - Buy Product\\20220216_171857\\appium.log, C:\\Users\\Lenovo\\Katalon Studio\\Sauce Labs Mobile Test\\Reports\\20220216_171857\\TS - Buy Product\\20220216_171857\\execution0.log"/>
         <property name="attachments" value="C:\\Users\\Lenovo\\Katalon Studio\\Sauce Labs Mobile Test\\Reports\\20220216_171857\\TS - Buy Product\\20220216_171857\\1645006956147.png"/>
         <property name="hostName" value="Lenovo - Muri"/>
         <property name="os" value="Windows 10 64bit"/>
         <property name="appiumServerStatus" value="{&quot;value&quot;:{&quot;build&quot;:{&quot;version&quot;:&quot;1.21.0&quot;}},&quot;sessionId&quot;:null,&quot;status&quot;:0}"/>
         <property name="katalonVersion" value="7.8.0.208"/>
         <property name="deviceOS" value="Android"/>
         <property name="appiumVersion" value="1.21.0"/>
         <property name="deviceModel" value="Redmi 7"/>
         <property name="hostAddress" value="192.168.43.147"/>
         <property name="deviceManufacturer" value="Xiaomi"/>
         <property name="deviceId" value="4a90dd0d"/>
         <property name="deviceName" value="Xiaomi Redmi 7 (Android 10)"/>
         <property name="deviceOSVersion" value="10"/>
      </properties>
      <testcase name="Test Cases/TC - 000 - Swag Labs Master" time="91.413" classname="Test Cases/TC - 000 - Swag Labs Master" status="PASSED">
         <system-out><![CDATA[2022-02-16 17:19:05 - [TEST_CASE][PASSED] - Test Cases/TC - 000 - Swag Labs Master: Test Cases/TC - 000 - Swag Labs Master

2022-02-16 17:19:07 - [TEST_STEP][PASSED] - callTestCase(findTestCase("TC - 001 - Login"), [:], STOP_ON_FAILURE): Call Test Case 'Test Cases/TC - 001 - Login' successfully

2022-02-16 17:19:07 - [TEST_CASE][PASSED] - Test Cases/TC - 001 - Login: Test Cases/TC - 001 - Login

2022-02-16 17:19:08 - [TEST_STEP][PASSED] - startExistingApplication("com.swaglabsmobileapp"): Starting app with application ID: 'com.swaglabsmobileapp'

2022-02-16 17:19:12 - [MESSAGE][INFO] - Appium server started on port 52,594

2022-02-16 17:19:29 - [MESSAGE][INFO] - Failed to get Android statusbar's information.

2022-02-16 17:19:30 - [MESSAGE][PASSED] - Starting app with application ID: 'com.swaglabsmobileapp'

2022-02-16 17:19:30 - [TEST_STEP][PASSED] - setText(findTestObject("Object Repository/Login/EditText - Username"), "standard_user", 0): Text 'standard_user' has been set to element 'Object Repository/Login/EditText - Username'

2022-02-16 17:19:30 - [MESSAGE][WARNING] - Timeout '0' is invalid. Using default page load timeout: '30'

2022-02-16 17:19:45 - [MESSAGE][PASSED] - Text 'standard_user' has been set to element 'Object Repository/Login/EditText - Username'

2022-02-16 17:19:45 - [TEST_STEP][PASSED] - setText(findTestObject("Object Repository/Login/EditText - Password"), "secret_sauce", 0): Text 'secret_sauce' has been set to element 'Object Repository/Login/EditText - Password'

2022-02-16 17:19:45 - [MESSAGE][WARNING] - Timeout '0' is invalid. Using default page load timeout: '30'

2022-02-16 17:19:47 - [MESSAGE][PASSED] - Text 'secret_sauce' has been set to element 'Object Repository/Login/EditText - Password'

2022-02-16 17:19:47 - [TEST_STEP][PASSED] - tap(findTestObject("Object Repository/Login/Button - Login"), 0): Tapped on element 'Object Repository/Login/Button - Login'

2022-02-16 17:19:47 - [MESSAGE][WARNING] - Timeout '0' is invalid. Using default page load timeout: '30'

2022-02-16 17:19:48 - [MESSAGE][PASSED] - Tapped on element 'Object Repository/Login/Button - Login'

2022-02-16 17:19:48 - [MESSAGE][PASSED] - Call Test Case 'Test Cases/TC - 001 - Login' successfully

2022-02-16 17:19:48 - [TEST_STEP][PASSED] - delay(2, STOP_ON_FAILURE): Delayed 2 second(s)

2022-02-16 17:19:50 - [MESSAGE][PASSED] - Delayed 2 second(s)

2022-02-16 17:19:50 - [TEST_STEP][PASSED] - callTestCase(findTestCase("TC - 002 - Products"), ["Total":Total, "Item0":Item0, "Item1":Item1, "Item2":Item2, "Item3":Item3, "Item4":Item4, "Item5":Item5], STOP_ON_FAILURE): Call Test Case 'Test Cases/TC - 002 - Products' successfully

2022-02-16 17:19:50 - [TEST_CASE][PASSED] - Test Cases/TC - 002 - Products: Test Cases/TC - 002 - Products

2022-02-16 17:19:51 - [TEST_STEP][PASSED] - for ([i = 0, i < Total, (i++)]): Tapped on element 'Object Repository/Product/Button - Back To Products'

2022-02-16 17:19:51 - [TEST_STEP][PASSED] - if (i == 0): Tapped on element 'Object Repository/Product/TextView - Sauce Labs Backpack'

2022-02-16 17:19:51 - [TEST_STEP][PASSED] - scrollToText(Item0, STOP_ON_FAILURE): Scrolling to text 'Onesie' successfully

2022-02-16 17:19:57 - [MESSAGE][PASSED] - Scrolling to text 'Onesie' successfully

2022-02-16 17:19:57 - [TEST_STEP][PASSED] - tap(findTestObject("Product/TextView - Sauce Labs Backpack", ["text":Item0]), 0): Tapped on element 'Object Repository/Product/TextView - Sauce Labs Backpack'

2022-02-16 17:19:57 - [MESSAGE][WARNING] - Timeout '0' is invalid. Using default page load timeout: '30'

2022-02-16 17:19:59 - [MESSAGE][PASSED] - Tapped on element 'Object Repository/Product/TextView - Sauce Labs Backpack'

2022-02-16 17:19:59 - [TEST_STEP][PASSED] - scrollToText("ADD TO CART", STOP_ON_FAILURE): Scrolling to text 'ADD TO CART' successfully

2022-02-16 17:20:03 - [MESSAGE][PASSED] - Scrolling to text 'ADD TO CART' successfully

2022-02-16 17:20:03 - [TEST_STEP][PASSED] - tap(findTestObject("Product/Add To Cart - Detail Item"), 0): Tapped on element 'Object Repository/Product/Add To Cart - Detail Item'

2022-02-16 17:20:04 - [MESSAGE][WARNING] - Timeout '0' is invalid. Using default page load timeout: '30'

2022-02-16 17:20:04 - [MESSAGE][PASSED] - Tapped on element 'Object Repository/Product/Add To Cart - Detail Item'

2022-02-16 17:20:04 - [TEST_STEP][PASSED] - tap(findTestObject("Product/Button - Back To Products"), 0): Tapped on element 'Object Repository/Product/Button - Back To Products'

2022-02-16 17:20:04 - [MESSAGE][WARNING] - Timeout '0' is invalid. Using default page load timeout: '30'

2022-02-16 17:20:05 - [MESSAGE][PASSED] - Tapped on element 'Object Repository/Product/Button - Back To Products'

2022-02-16 17:20:05 - [TEST_STEP][PASSED] - if (i == 0): null

2022-02-16 17:20:05 - [TEST_STEP][PASSED] - else if (i == 1): Tapped on element 'Object Repository/Product/TextView - Sauce Labs Backpack'

2022-02-16 17:20:05 - [TEST_STEP][PASSED] - scrollToText(Item1, STOP_ON_FAILURE): Scrolling to text 'Bolt' successfully

2022-02-16 17:20:07 - [MESSAGE][PASSED] - Scrolling to text 'Bolt' successfully

2022-02-16 17:20:07 - [TEST_STEP][PASSED] - tap(findTestObject("Product/TextView - Sauce Labs Backpack", ["text":Item1]), 0): Tapped on element 'Object Repository/Product/TextView - Sauce Labs Backpack'

2022-02-16 17:20:07 - [MESSAGE][WARNING] - Timeout '0' is invalid. Using default page load timeout: '30'

2022-02-16 17:20:08 - [MESSAGE][PASSED] - Tapped on element 'Object Repository/Product/TextView - Sauce Labs Backpack'

2022-02-16 17:20:08 - [TEST_STEP][PASSED] - scrollToText("ADD TO CART", STOP_ON_FAILURE): Scrolling to text 'ADD TO CART' successfully

2022-02-16 17:20:13 - [MESSAGE][PASSED] - Scrolling to text 'ADD TO CART' successfully

2022-02-16 17:20:13 - [TEST_STEP][PASSED] - tap(findTestObject("Product/Add To Cart - Detail Item"), 0): Tapped on element 'Object Repository/Product/Add To Cart - Detail Item'

2022-02-16 17:20:13 - [MESSAGE][WARNING] - Timeout '0' is invalid. Using default page load timeout: '30'

2022-02-16 17:20:13 - [MESSAGE][PASSED] - Tapped on element 'Object Repository/Product/Add To Cart - Detail Item'

2022-02-16 17:20:13 - [TEST_STEP][PASSED] - tap(findTestObject("Product/Button - Back To Products"), 0): Tapped on element 'Object Repository/Product/Button - Back To Products'

2022-02-16 17:20:13 - [MESSAGE][WARNING] - Timeout '0' is invalid. Using default page load timeout: '30'

2022-02-16 17:20:14 - [MESSAGE][PASSED] - Tapped on element 'Object Repository/Product/Button - Back To Products'

2022-02-16 17:20:14 - [TEST_STEP][PASSED] - tap(findTestObject("Object Repository/Product/Image - Cart"), 0): Tapped on element 'Object Repository/Product/Image - Cart'

2022-02-16 17:20:14 - [MESSAGE][WARNING] - Timeout '0' is invalid. Using default page load timeout: '30'

2022-02-16 17:20:16 - [MESSAGE][PASSED] - Tapped on element 'Object Repository/Product/Image - Cart'

2022-02-16 17:20:16 - [TEST_STEP][PASSED] - scrollToText("CHECKOUT", STOP_ON_FAILURE): Scrolling to text 'CHECKOUT' successfully

2022-02-16 17:20:20 - [MESSAGE][PASSED] - Scrolling to text 'CHECKOUT' successfully

2022-02-16 17:20:20 - [TEST_STEP][PASSED] - tap(findTestObject("Product/TextView - CHECKOUT"), 0): Tapped on element 'Object Repository/Product/TextView - CHECKOUT'

2022-02-16 17:20:20 - [MESSAGE][WARNING] - Timeout '0' is invalid. Using default page load timeout: '30'

2022-02-16 17:20:21 - [MESSAGE][PASSED] - Tapped on element 'Object Repository/Product/TextView - CHECKOUT'

2022-02-16 17:20:21 - [MESSAGE][PASSED] - Call Test Case 'Test Cases/TC - 002 - Products' successfully

2022-02-16 17:20:21 - [TEST_STEP][PASSED] - callTestCase(findTestCase("TC - 003 - Checkout"), ["FirstName":FirstName, "LastName":LastName, "Pos":Pos], STOP_ON_FAILURE): Call Test Case 'Test Cases/TC - 003 - Checkout' successfully

2022-02-16 17:20:21 - [TEST_CASE][PASSED] - Test Cases/TC - 003 - Checkout: Test Cases/TC - 003 - Checkout

2022-02-16 17:20:21 - [TEST_STEP][PASSED] - setText(findTestObject("Object Repository/Checkout/EditText - First Name"), FirstName, 0): Text 'Mu' has been set to element 'Object Repository/Checkout/EditText - First Name'

2022-02-16 17:20:21 - [MESSAGE][WARNING] - Timeout '0' is invalid. Using default page load timeout: '30'

2022-02-16 17:20:24 - [MESSAGE][PASSED] - Text 'Mu' has been set to element 'Object Repository/Checkout/EditText - First Name'

2022-02-16 17:20:24 - [TEST_STEP][PASSED] - setText(findTestObject("Object Repository/Checkout/EditText - Last Name"), LastName, 0): Text 'Ri' has been set to element 'Object Repository/Checkout/EditText - Last Name'

2022-02-16 17:20:24 - [MESSAGE][WARNING] - Timeout '0' is invalid. Using default page load timeout: '30'

2022-02-16 17:20:25 - [MESSAGE][PASSED] - Text 'Ri' has been set to element 'Object Repository/Checkout/EditText - Last Name'

2022-02-16 17:20:25 - [TEST_STEP][PASSED] - setText(findTestObject("Checkout/EditText - ZipPostal Code"), Pos, 0): Text '1234' has been set to element 'Object Repository/Checkout/EditText - ZipPostal Code'

2022-02-16 17:20:26 - [MESSAGE][WARNING] - Timeout '0' is invalid. Using default page load timeout: '30'

2022-02-16 17:20:27 - [MESSAGE][PASSED] - Text '1234' has been set to element 'Object Repository/Checkout/EditText - ZipPostal Code'

2022-02-16 17:20:27 - [TEST_STEP][PASSED] - tap(findTestObject("Object Repository/Checkout/Button - Continue"), 0): Tapped on element 'Object Repository/Checkout/Button - Continue'

2022-02-16 17:20:27 - [MESSAGE][WARNING] - Timeout '0' is invalid. Using default page load timeout: '30'

2022-02-16 17:20:28 - [MESSAGE][PASSED] - Tapped on element 'Object Repository/Checkout/Button - Continue'

2022-02-16 17:20:28 - [TEST_STEP][PASSED] - scrollToText("FINISH", STOP_ON_FAILURE): Scrolling to text 'FINISH' successfully

2022-02-16 17:20:35 - [MESSAGE][PASSED] - Scrolling to text 'FINISH' successfully

2022-02-16 17:20:35 - [TEST_STEP][PASSED] - tap(findTestObject("Object Repository/Checkout/Button - Finish"), 0): Tapped on element 'Object Repository/Checkout/Button - Finish'

2022-02-16 17:20:36 - [MESSAGE][WARNING] - Timeout '0' is invalid. Using default page load timeout: '30'

2022-02-16 17:20:36 - [MESSAGE][PASSED] - Tapped on element 'Object Repository/Checkout/Button - Finish'

2022-02-16 17:20:36 - [MESSAGE][PASSED] - Call Test Case 'Test Cases/TC - 003 - Checkout' successfully

2022-02-16 17:20:36 - [TEST_STEP][PASSED] - closeApplication(): Close app successfully

2022-02-16 17:20:37 - [MESSAGE][PASSED] - Close app successfully]]></system-out>
         <system-err><![CDATA[]]></system-err>
      </testcase>
      <testcase name="Test Cases/TC - 000 - Swag Labs Master" time="119.823" classname="Test Cases/TC - 000 - Swag Labs Master" status="FAILED">
         <failure type="FAILED" message="Test Cases/TC - 000 - Swag Labs Master FAILED.
Reason:
com.kms.katalon.core.exception.StepFailedException: Call Test Case 'Test Cases/TC - 003 - Checkout' failed
	at com.kms.katalon.core.keyword.builtin.CallTestCaseKeyword$_callTestCase_closure1.doCall(CallTestCaseKeyword.groovy:63)
	at com.kms.katalon.core.keyword.builtin.CallTestCaseKeyword$_callTestCase_closure1.call(CallTestCaseKeyword.groovy)
	at com.kms.katalon.core.keyword.internal.KeywordMain.runKeyword(KeywordMain.groovy:68)
	at com.kms.katalon.core.keyword.builtin.CallTestCaseKeyword.callTestCase(CallTestCaseKeyword.groovy:81)
	at com.kms.katalon.core.keyword.builtin.CallTestCaseKeyword.execute(CallTestCaseKeyword.groovy:44)
	at com.kms.katalon.core.keyword.internal.KeywordExecutor.executeKeywordForPlatform(KeywordExecutor.groovy:73)
	at com.kms.katalon.core.keyword.BuiltinKeywords.callTestCase(BuiltinKeywords.groovy:334)
	at TC - 000 - Swag Labs Master.run(TC - 000 - Swag Labs Master:25)
	at com.kms.katalon.core.main.ScriptEngine.run(ScriptEngine.java:194)
	at com.kms.katalon.core.main.ScriptEngine.runScriptAsRawText(ScriptEngine.java:119)
	at com.kms.katalon.core.main.TestCaseExecutor.runScript(TestCaseExecutor.java:393)
	at com.kms.katalon.core.main.TestCaseExecutor.doExecute(TestCaseExecutor.java:384)
	at com.kms.katalon.core.main.TestCaseExecutor.processExecutionPhase(TestCaseExecutor.java:363)
	at com.kms.katalon.core.main.TestCaseExecutor.accessMainPhase(TestCaseExecutor.java:355)
	at com.kms.katalon.core.main.TestCaseExecutor.execute(TestCaseExecutor.java:251)
	at com.kms.katalon.core.main.TestSuiteExecutor.accessTestCaseMainPhase(TestSuiteExecutor.java:203)
	at com.kms.katalon.core.main.TestSuiteExecutor.accessTestSuiteMainPhase(TestSuiteExecutor.java:152)
	at com.kms.katalon.core.main.TestSuiteExecutor.execute(TestSuiteExecutor.java:95)
	at com.kms.katalon.core.main.TestCaseMain.startTestSuite(TestCaseMain.java:157)
	at com.kms.katalon.core.main.TestCaseMain$startTestSuite$0.call(Unknown Source)
	at TempTestSuite1645006737640.run(TempTestSuite1645006737640.groovy:39)
Caused by: com.kms.katalon.core.exception.StepFailedException: Failed to tap on element 'Object Repository/Checkout/Button - Finish' (Root cause: org.openqa.selenium.InvalidArgumentException: Coordinate [x=21.0, y=1403.0] is outside of element rect: [0,0][720,1369]
Build info: version: '3.141.59', revision: 'e82be7d358', time: '2018-11-14T08:25:53'
System info: host: 'MURI', ip: '192.168.43.147', os.name: 'Windows 10', os.arch: 'amd64', os.version: '10.0', java.version: '1.8.0_181'
Driver info: com.kms.katalon.core.appium.driver.SwipeableAndroidDriver
Capabilities {appActivity: .Settings, appPackage: com.android.settings, autoGrantPermissions: true, automationName: uiautomator2, chromedriverPort: 52933, databaseEnabled: false, desired: {appActivity: .Settings, appPackage: com.android.settings, autoGrantPermissions: true, automationName: uiautomator2, chromedriverPort: 52933, deviceName: Xiaomi Redmi 7 (Android 10), newCommandTimeout: 1800, platform: ANDROID, platformName: android, platformVersion: 10, systemPort: 8277, udid: 4a90dd0d}, deviceApiLevel: 29, deviceManufacturer: Xiaomi, deviceModel: Redmi 7, deviceName: 4a90dd0d, deviceScreenDensity: 320, deviceScreenSize: 720x1520, deviceUDID: 4a90dd0d, javascriptEnabled: true, locationContextEnabled: false, networkConnectionEnabled: true, newCommandTimeout: 1800, pixelRatio: 2, platform: ANDROID, platformName: Android, platformVersion: 10, statBarHeight: 55, systemPort: 8277, takesScreenshot: true, udid: 4a90dd0d, viewportRect: {height: 1314, left: 0, top: 55, width: 720}, warnings: {}, webStorageEnabled: false}
Session ID: f9cc691f-0a85-41d7-bda4-eb13be7f3456
	at org.openqa.selenium.remote.http.W3CHttpResponseCodec.createException(W3CHttpResponseCodec.java:187)
	at org.openqa.selenium.remote.http.W3CHttpResponseCodec.decode(W3CHttpResponseCodec.java:122)
	at org.openqa.selenium.remote.http.W3CHttpResponseCodec.decode(W3CHttpResponseCodec.java:49)
	at org.openqa.selenium.remote.HttpCommandExecutor.execute(HttpCommandExecutor.java:158)
	at io.appium.java_client.remote.AppiumCommandExecutor.execute(AppiumCommandExecutor.java:239)
	at org.openqa.selenium.remote.RemoteWebDriver.execute(RemoteWebDriver.java:552)
	at io.appium.java_client.DefaultGenericMobileDriver.execute(DefaultGenericMobileDriver.java:42)
	at io.appium.java_client.AppiumDriver.execute(AppiumDriver.java:1)
	at io.appium.java_client.android.AndroidDriver.execute(AndroidDriver.java:1)
	at com.kms.katalon.core.appium.driver.SwipeableAndroidDriver.execute(SwipeableAndroidDriver.java:1)
	at io.appium.java_client.PerformsTouchActions.performTouchAction(PerformsTouchActions.java:41)
	at io.appium.java_client.TouchAction.perform(TouchAction.java:187)
	at com.kms.katalon.core.mobile.keyword.builtin.TapKeyword$_tap_closure1.doCall(TapKeyword.groovy:84)
	at com.kms.katalon.core.mobile.keyword.builtin.TapKeyword$_tap_closure1.call(TapKeyword.groovy)
	at com.kms.katalon.core.mobile.keyword.internal.MobileKeywordMain.runKeyword(MobileKeywordMain.groovy:21)
	at com.kms.katalon.core.mobile.keyword.builtin.TapKeyword.tap(TapKeyword.groovy:86)
	at com.kms.katalon.core.mobile.keyword.builtin.TapKeyword.execute(TapKeyword.groovy:68)
	at com.kms.katalon.core.keyword.internal.KeywordExecutor.executeKeywordForPlatform(KeywordExecutor.groovy:73)
	at com.kms.katalon.core.mobile.keyword.MobileBuiltInKeywords.tap(MobileBuiltInKeywords.groovy:1267)
	at com.kms.katalon.core.mobile.keyword.MobileBuiltInKeywords$tap$1.call(Unknown Source)
	at TC - 003 - Checkout.run(TC - 003 - Checkout:29)
	at com.kms.katalon.core.main.ScriptEngine.run(ScriptEngine.java:194)
	at com.kms.katalon.core.main.ScriptEngine.runScriptAsRawText(ScriptEngine.java:119)
	at com.kms.katalon.core.main.TestCaseExecutor.runScript(TestCaseExecutor.java:393)
	at com.kms.katalon.core.main.TestCaseExecutor.doExecute(TestCaseExecutor.java:384)
	at com.kms.katalon.core.main.TestCaseExecutor.processExecutionPhase(TestCaseExecutor.java:363)
	at com.kms.katalon.core.main.TestCaseExecutor.accessMainPhase(TestCaseExecutor.java:355)
	at com.kms.katalon.core.main.TestCaseExecutor.execute(TestCaseExecutor.java:251)
	at com.kms.katalon.core.main.TestCaseMain.runTestCase(TestCaseMain.java:114)
	at com.kms.katalon.core.keyword.builtin.CallTestCaseKeyword$_callTestCase_closure1.doCall(CallTestCaseKeyword.groovy:59)
	at com.kms.katalon.core.keyword.builtin.CallTestCaseKeyword$_callTestCase_closure1.call(CallTestCaseKeyword.groovy)
	at com.kms.katalon.core.keyword.internal.KeywordMain.runKeyword(KeywordMain.groovy:68)
	at com.kms.katalon.core.keyword.builtin.CallTestCaseKeyword.callTestCase(CallTestCaseKeyword.groovy:81)
	at com.kms.katalon.core.keyword.builtin.CallTestCaseKeyword.execute(CallTestCaseKeyword.groovy:44)
	at com.kms.katalon.core.keyword.internal.KeywordExecutor.executeKeywordForPlatform(KeywordExecutor.groovy:73)
	at com.kms.katalon.core.keyword.BuiltinKeywords.callTestCase(BuiltinKeywords.groovy:334)
	at TC - 000 - Swag Labs Master.run(TC - 000 - Swag Labs Master:25)
	at com.kms.katalon.core.main.ScriptEngine.run(ScriptEngine.java:194)
	at com.kms.katalon.core.main.ScriptEngine.runScriptAsRawText(ScriptEngine.java:119)
	at com.kms.katalon.core.main.TestCaseExecutor.runScript(TestCaseExecutor.java:393)
	at com.kms.katalon.core.main.TestCaseExecutor.doExecute(TestCaseExecutor.java:384)
	at com.kms.katalon.core.main.TestCaseExecutor.processExecutionPhase(TestCaseExecutor.java:363)
	at com.kms.katalon.core.main.TestCaseExecutor.accessMainPhase(TestCaseExecutor.java:355)
	at com.kms.katalon.core.main.TestCaseExecutor.execute(TestCaseExecutor.java:251)
	at com.kms.katalon.core.main.TestSuiteExecutor.accessTestCaseMainPhase(TestSuiteExecutor.java:203)
	at com.kms.katalon.core.main.TestSuiteExecutor.accessTestSuiteMainPhase(TestSuiteExecutor.java:152)
	at com.kms.katalon.core.main.TestSuiteExecutor.execute(TestSuiteExecutor.java:95)
	at com.kms.katalon.core.main.TestCaseMain.startTestSuite(TestCaseMain.java:157)
	at com.kms.katalon.core.main.TestCaseMain$startTestSuite$0.call(Unknown Source)
	at TempTestSuite1645006737640.run(TempTestSuite1645006737640.groovy:39)
)
	at com.kms.katalon.core.keyword.internal.KeywordMain.stepFailed(KeywordMain.groovy:50)
	at com.kms.katalon.core.mobile.keyword.internal.MobileKeywordMain.stepFailed(MobileKeywordMain.groovy:40)
	at com.kms.katalon.core.mobile.keyword.internal.MobileKeywordMain.runKeyword(MobileKeywordMain.groovy:23)
	at com.kms.katalon.core.mobile.keyword.builtin.TapKeyword.tap(TapKeyword.groovy:86)
	at com.kms.katalon.core.mobile.keyword.builtin.TapKeyword.execute(TapKeyword.groovy:68)
	at com.kms.katalon.core.keyword.internal.KeywordExecutor.executeKeywordForPlatform(KeywordExecutor.groovy:73)
	at com.kms.katalon.core.mobile.keyword.MobileBuiltInKeywords.tap(MobileBuiltInKeywords.groovy:1267)
	at com.kms.katalon.core.mobile.keyword.MobileBuiltInKeywords$tap$1.call(Unknown Source)
	at TC - 003 - Checkout.run(TC - 003 - Checkout:29)
	at com.kms.katalon.core.main.ScriptEngine.run(ScriptEngine.java:194)
	at com.kms.katalon.core.main.ScriptEngine.runScriptAsRawText(ScriptEngine.java:119)
	at com.kms.katalon.core.main.TestCaseExecutor.runScript(TestCaseExecutor.java:393)
	at com.kms.katalon.core.main.TestCaseExecutor.doExecute(TestCaseExecutor.java:384)
	at com.kms.katalon.core.main.TestCaseExecutor.processExecutionPhase(TestCaseExecutor.java:363)
	at com.kms.katalon.core.main.TestCaseExecutor.accessMainPhase(TestCaseExecutor.java:355)
	at com.kms.katalon.core.main.TestCaseExecutor.execute(TestCaseExecutor.java:251)
	at com.kms.katalon.core.main.TestCaseMain.runTestCase(TestCaseMain.java:114)
	at com.kms.katalon.core.keyword.builtin.CallTestCaseKeyword$_callTestCase_closure1.doCall(CallTestCaseKeyword.groovy:59)
	... 20 more
Caused by: org.openqa.selenium.InvalidArgumentException: Coordinate [x=21.0, y=1403.0] is outside of element rect: [0,0][720,1369]
Build info: version: '3.141.59', revision: 'e82be7d358', time: '2018-11-14T08:25:53'
System info: host: 'MURI', ip: '192.168.43.147', os.name: 'Windows 10', os.arch: 'amd64', os.version: '10.0', java.version: '1.8.0_181'
Driver info: com.kms.katalon.core.appium.driver.SwipeableAndroidDriver
Capabilities {appActivity: .Settings, appPackage: com.android.settings, autoGrantPermissions: true, automationName: uiautomator2, chromedriverPort: 52933, databaseEnabled: false, desired: {appActivity: .Settings, appPackage: com.android.settings, autoGrantPermissions: true, automationName: uiautomator2, chromedriverPort: 52933, deviceName: Xiaomi Redmi 7 (Android 10), newCommandTimeout: 1800, platform: ANDROID, platformName: android, platformVersion: 10, systemPort: 8277, udid: 4a90dd0d}, deviceApiLevel: 29, deviceManufacturer: Xiaomi, deviceModel: Redmi 7, deviceName: 4a90dd0d, deviceScreenDensity: 320, deviceScreenSize: 720x1520, deviceUDID: 4a90dd0d, javascriptEnabled: true, locationContextEnabled: false, networkConnectionEnabled: true, newCommandTimeout: 1800, pixelRatio: 2, platform: ANDROID, platformName: Android, platformVersion: 10, statBarHeight: 55, systemPort: 8277, takesScreenshot: true, udid: 4a90dd0d, viewportRect: {height: 1314, left: 0, top: 55, width: 720}, warnings: {}, webStorageEnabled: false}
Session ID: f9cc691f-0a85-41d7-bda4-eb13be7f3456
	at org.openqa.selenium.remote.http.W3CHttpResponseCodec.createException(W3CHttpResponseCodec.java:187)
	at org.openqa.selenium.remote.http.W3CHttpResponseCodec.decode(W3CHttpResponseCodec.java:122)
	at org.openqa.selenium.remote.http.W3CHttpResponseCodec.decode(W3CHttpResponseCodec.java:49)
	at org.openqa.selenium.remote.HttpCommandExecutor.execute(HttpCommandExecutor.java:158)
	at io.appium.java_client.remote.AppiumCommandExecutor.execute(AppiumCommandExecutor.java:239)
	at org.openqa.selenium.remote.RemoteWebDriver.execute(RemoteWebDriver.java:552)
	at io.appium.java_client.DefaultGenericMobileDriver.execute(DefaultGenericMobileDriver.java:42)
	at io.appium.java_client.AppiumDriver.execute(AppiumDriver.java:1)
	at io.appium.java_client.android.AndroidDriver.execute(AndroidDriver.java:1)
	at com.kms.katalon.core.appium.driver.SwipeableAndroidDriver.execute(SwipeableAndroidDriver.java:1)
	at io.appium.java_client.PerformsTouchActions.performTouchAction(PerformsTouchActions.java:41)
	at io.appium.java_client.TouchAction.perform(TouchAction.java:187)
	at com.kms.katalon.core.mobile.keyword.builtin.TapKeyword$_tap_closure1.doCall(TapKeyword.groovy:84)
	at com.kms.katalon.core.mobile.keyword.builtin.TapKeyword$_tap_closure1.call(TapKeyword.groovy)
	at com.kms.katalon.core.mobile.keyword.internal.MobileKeywordMain.runKeyword(MobileKeywordMain.groovy:21)
	... 35 more
"/>
         <system-out><![CDATA[2022-02-16 17:20:37 - [TEST_CASE][FAILED] - Test Cases/TC - 000 - Swag Labs Master: Test Cases/TC - 000 - Swag Labs Master FAILED.
Reason:
com.kms.katalon.core.exception.StepFailedException: Call Test Case 'Test Cases/TC - 003 - Checkout' failed
	at com.kms.katalon.core.keyword.builtin.CallTestCaseKeyword$_callTestCase_closure1.doCall(CallTestCaseKeyword.groovy:63)
	at com.kms.katalon.core.keyword.builtin.CallTestCaseKeyword$_callTestCase_closure1.call(CallTestCaseKeyword.groovy)
	at com.kms.katalon.core.keyword.internal.KeywordMain.runKeyword(KeywordMain.groovy:68)
	at com.kms.katalon.core.keyword.builtin.CallTestCaseKeyword.callTestCase(CallTestCaseKeyword.groovy:81)
	at com.kms.katalon.core.keyword.builtin.CallTestCaseKeyword.execute(CallTestCaseKeyword.groovy:44)
	at com.kms.katalon.core.keyword.internal.KeywordExecutor.executeKeywordForPlatform(KeywordExecutor.groovy:73)
	at com.kms.katalon.core.keyword.BuiltinKeywords.callTestCase(BuiltinKeywords.groovy:334)
	at TC - 000 - Swag Labs Master.run(TC - 000 - Swag Labs Master:25)
	at com.kms.katalon.core.main.ScriptEngine.run(ScriptEngine.java:194)
	at com.kms.katalon.core.main.ScriptEngine.runScriptAsRawText(ScriptEngine.java:119)
	at com.kms.katalon.core.main.TestCaseExecutor.runScript(TestCaseExecutor.java:393)
	at com.kms.katalon.core.main.TestCaseExecutor.doExecute(TestCaseExecutor.java:384)
	at com.kms.katalon.core.main.TestCaseExecutor.processExecutionPhase(TestCaseExecutor.java:363)
	at com.kms.katalon.core.main.TestCaseExecutor.accessMainPhase(TestCaseExecutor.java:355)
	at com.kms.katalon.core.main.TestCaseExecutor.execute(TestCaseExecutor.java:251)
	at com.kms.katalon.core.main.TestSuiteExecutor.accessTestCaseMainPhase(TestSuiteExecutor.java:203)
	at com.kms.katalon.core.main.TestSuiteExecutor.accessTestSuiteMainPhase(TestSuiteExecutor.java:152)
	at com.kms.katalon.core.main.TestSuiteExecutor.execute(TestSuiteExecutor.java:95)
	at com.kms.katalon.core.main.TestCaseMain.startTestSuite(TestCaseMain.java:157)
	at com.kms.katalon.core.main.TestCaseMain$startTestSuite$0.call(Unknown Source)
	at TempTestSuite1645006737640.run(TempTestSuite1645006737640.groovy:39)
Caused by: com.kms.katalon.core.exception.StepFailedException: Failed to tap on element 'Object Repository/Checkout/Button - Finish' (Root cause: org.openqa.selenium.InvalidArgumentException: Coordinate [x=21.0, y=1403.0] is outside of element rect: [0,0][720,1369]
Build info: version: '3.141.59', revision: 'e82be7d358', time: '2018-11-14T08:25:53'
System info: host: 'MURI', ip: '192.168.43.147', os.name: 'Windows 10', os.arch: 'amd64', os.version: '10.0', java.version: '1.8.0_181'
Driver info: com.kms.katalon.core.appium.driver.SwipeableAndroidDriver
Capabilities {appActivity: .Settings, appPackage: com.android.settings, autoGrantPermissions: true, automationName: uiautomator2, chromedriverPort: 52933, databaseEnabled: false, desired: {appActivity: .Settings, appPackage: com.android.settings, autoGrantPermissions: true, automationName: uiautomator2, chromedriverPort: 52933, deviceName: Xiaomi Redmi 7 (Android 10), newCommandTimeout: 1800, platform: ANDROID, platformName: android, platformVersion: 10, systemPort: 8277, udid: 4a90dd0d}, deviceApiLevel: 29, deviceManufacturer: Xiaomi, deviceModel: Redmi 7, deviceName: 4a90dd0d, deviceScreenDensity: 320, deviceScreenSize: 720x1520, deviceUDID: 4a90dd0d, javascriptEnabled: true, locationContextEnabled: false, networkConnectionEnabled: true, newCommandTimeout: 1800, pixelRatio: 2, platform: ANDROID, platformName: Android, platformVersion: 10, statBarHeight: 55, systemPort: 8277, takesScreenshot: true, udid: 4a90dd0d, viewportRect: {height: 1314, left: 0, top: 55, width: 720}, warnings: {}, webStorageEnabled: false}
Session ID: f9cc691f-0a85-41d7-bda4-eb13be7f3456
	at org.openqa.selenium.remote.http.W3CHttpResponseCodec.createException(W3CHttpResponseCodec.java:187)
	at org.openqa.selenium.remote.http.W3CHttpResponseCodec.decode(W3CHttpResponseCodec.java:122)
	at org.openqa.selenium.remote.http.W3CHttpResponseCodec.decode(W3CHttpResponseCodec.java:49)
	at org.openqa.selenium.remote.HttpCommandExecutor.execute(HttpCommandExecutor.java:158)
	at io.appium.java_client.remote.AppiumCommandExecutor.execute(AppiumCommandExecutor.java:239)
	at org.openqa.selenium.remote.RemoteWebDriver.execute(RemoteWebDriver.java:552)
	at io.appium.java_client.DefaultGenericMobileDriver.execute(DefaultGenericMobileDriver.java:42)
	at io.appium.java_client.AppiumDriver.execute(AppiumDriver.java:1)
	at io.appium.java_client.android.AndroidDriver.execute(AndroidDriver.java:1)
	at com.kms.katalon.core.appium.driver.SwipeableAndroidDriver.execute(SwipeableAndroidDriver.java:1)
	at io.appium.java_client.PerformsTouchActions.performTouchAction(PerformsTouchActions.java:41)
	at io.appium.java_client.TouchAction.perform(TouchAction.java:187)
	at com.kms.katalon.core.mobile.keyword.builtin.TapKeyword$_tap_closure1.doCall(TapKeyword.groovy:84)
	at com.kms.katalon.core.mobile.keyword.builtin.TapKeyword$_tap_closure1.call(TapKeyword.groovy)
	at com.kms.katalon.core.mobile.keyword.internal.MobileKeywordMain.runKeyword(MobileKeywordMain.groovy:21)
	at com.kms.katalon.core.mobile.keyword.builtin.TapKeyword.tap(TapKeyword.groovy:86)
	at com.kms.katalon.core.mobile.keyword.builtin.TapKeyword.execute(TapKeyword.groovy:68)
	at com.kms.katalon.core.keyword.internal.KeywordExecutor.executeKeywordForPlatform(KeywordExecutor.groovy:73)
	at com.kms.katalon.core.mobile.keyword.MobileBuiltInKeywords.tap(MobileBuiltInKeywords.groovy:1267)
	at com.kms.katalon.core.mobile.keyword.MobileBuiltInKeywords$tap$1.call(Unknown Source)
	at TC - 003 - Checkout.run(TC - 003 - Checkout:29)
	at com.kms.katalon.core.main.ScriptEngine.run(ScriptEngine.java:194)
	at com.kms.katalon.core.main.ScriptEngine.runScriptAsRawText(ScriptEngine.java:119)
	at com.kms.katalon.core.main.TestCaseExecutor.runScript(TestCaseExecutor.java:393)
	at com.kms.katalon.core.main.TestCaseExecutor.doExecute(TestCaseExecutor.java:384)
	at com.kms.katalon.core.main.TestCaseExecutor.processExecutionPhase(TestCaseExecutor.java:363)
	at com.kms.katalon.core.main.TestCaseExecutor.accessMainPhase(TestCaseExecutor.java:355)
	at com.kms.katalon.core.main.TestCaseExecutor.execute(TestCaseExecutor.java:251)
	at com.kms.katalon.core.main.TestCaseMain.runTestCase(TestCaseMain.java:114)
	at com.kms.katalon.core.keyword.builtin.CallTestCaseKeyword$_callTestCase_closure1.doCall(CallTestCaseKeyword.groovy:59)
	at com.kms.katalon.core.keyword.builtin.CallTestCaseKeyword$_callTestCase_closure1.call(CallTestCaseKeyword.groovy)
	at com.kms.katalon.core.keyword.internal.KeywordMain.runKeyword(KeywordMain.groovy:68)
	at com.kms.katalon.core.keyword.builtin.CallTestCaseKeyword.callTestCase(CallTestCaseKeyword.groovy:81)
	at com.kms.katalon.core.keyword.builtin.CallTestCaseKeyword.execute(CallTestCaseKeyword.groovy:44)
	at com.kms.katalon.core.keyword.internal.KeywordExecutor.executeKeywordForPlatform(KeywordExecutor.groovy:73)
	at com.kms.katalon.core.keyword.BuiltinKeywords.callTestCase(BuiltinKeywords.groovy:334)
	at TC - 000 - Swag Labs Master.run(TC - 000 - Swag Labs Master:25)
	at com.kms.katalon.core.main.ScriptEngine.run(ScriptEngine.java:194)
	at com.kms.katalon.core.main.ScriptEngine.runScriptAsRawText(ScriptEngine.java:119)
	at com.kms.katalon.core.main.TestCaseExecutor.runScript(TestCaseExecutor.java:393)
	at com.kms.katalon.core.main.TestCaseExecutor.doExecute(TestCaseExecutor.java:384)
	at com.kms.katalon.core.main.TestCaseExecutor.processExecutionPhase(TestCaseExecutor.java:363)
	at com.kms.katalon.core.main.TestCaseExecutor.accessMainPhase(TestCaseExecutor.java:355)
	at com.kms.katalon.core.main.TestCaseExecutor.execute(TestCaseExecutor.java:251)
	at com.kms.katalon.core.main.TestSuiteExecutor.accessTestCaseMainPhase(TestSuiteExecutor.java:203)
	at com.kms.katalon.core.main.TestSuiteExecutor.accessTestSuiteMainPhase(TestSuiteExecutor.java:152)
	at com.kms.katalon.core.main.TestSuiteExecutor.execute(TestSuiteExecutor.java:95)
	at com.kms.katalon.core.main.TestCaseMain.startTestSuite(TestCaseMain.java:157)
	at com.kms.katalon.core.main.TestCaseMain$startTestSuite$0.call(Unknown Source)
	at TempTestSuite1645006737640.run(TempTestSuite1645006737640.groovy:39)
)
	at com.kms.katalon.core.keyword.internal.KeywordMain.stepFailed(KeywordMain.groovy:50)
	at com.kms.katalon.core.mobile.keyword.internal.MobileKeywordMain.stepFailed(MobileKeywordMain.groovy:40)
	at com.kms.katalon.core.mobile.keyword.internal.MobileKeywordMain.runKeyword(MobileKeywordMain.groovy:23)
	at com.kms.katalon.core.mobile.keyword.builtin.TapKeyword.tap(TapKeyword.groovy:86)
	at com.kms.katalon.core.mobile.keyword.builtin.TapKeyword.execute(TapKeyword.groovy:68)
	at com.kms.katalon.core.keyword.internal.KeywordExecutor.executeKeywordForPlatform(KeywordExecutor.groovy:73)
	at com.kms.katalon.core.mobile.keyword.MobileBuiltInKeywords.tap(MobileBuiltInKeywords.groovy:1267)
	at com.kms.katalon.core.mobile.keyword.MobileBuiltInKeywords$tap$1.call(Unknown Source)
	at TC - 003 - Checkout.run(TC - 003 - Checkout:29)
	at com.kms.katalon.core.main.ScriptEngine.run(ScriptEngine.java:194)
	at com.kms.katalon.core.main.ScriptEngine.runScriptAsRawText(ScriptEngine.java:119)
	at com.kms.katalon.core.main.TestCaseExecutor.runScript(TestCaseExecutor.java:393)
	at com.kms.katalon.core.main.TestCaseExecutor.doExecute(TestCaseExecutor.java:384)
	at com.kms.katalon.core.main.TestCaseExecutor.processExecutionPhase(TestCaseExecutor.java:363)
	at com.kms.katalon.core.main.TestCaseExecutor.accessMainPhase(TestCaseExecutor.java:355)
	at com.kms.katalon.core.main.TestCaseExecutor.execute(TestCaseExecutor.java:251)
	at com.kms.katalon.core.main.TestCaseMain.runTestCase(TestCaseMain.java:114)
	at com.kms.katalon.core.keyword.builtin.CallTestCaseKeyword$_callTestCase_closure1.doCall(CallTestCaseKeyword.groovy:59)
	... 20 more
Caused by: org.openqa.selenium.InvalidArgumentException: Coordinate [x=21.0, y=1403.0] is outside of element rect: [0,0][720,1369]
Build info: version: '3.141.59', revision: 'e82be7d358', time: '2018-11-14T08:25:53'
System info: host: 'MURI', ip: '192.168.43.147', os.name: 'Windows 10', os.arch: 'amd64', os.version: '10.0', java.version: '1.8.0_181'
Driver info: com.kms.katalon.core.appium.driver.SwipeableAndroidDriver
Capabilities {appActivity: .Settings, appPackage: com.android.settings, autoGrantPermissions: true, automationName: uiautomator2, chromedriverPort: 52933, databaseEnabled: false, desired: {appActivity: .Settings, appPackage: com.android.settings, autoGrantPermissions: true, automationName: uiautomator2, chromedriverPort: 52933, deviceName: Xiaomi Redmi 7 (Android 10), newCommandTimeout: 1800, platform: ANDROID, platformName: android, platformVersion: 10, systemPort: 8277, udid: 4a90dd0d}, deviceApiLevel: 29, deviceManufacturer: Xiaomi, deviceModel: Redmi 7, deviceName: 4a90dd0d, deviceScreenDensity: 320, deviceScreenSize: 720x1520, deviceUDID: 4a90dd0d, javascriptEnabled: true, locationContextEnabled: false, networkConnectionEnabled: true, newCommandTimeout: 1800, pixelRatio: 2, platform: ANDROID, platformName: Android, platformVersion: 10, statBarHeight: 55, systemPort: 8277, takesScreenshot: true, udid: 4a90dd0d, viewportRect: {height: 1314, left: 0, top: 55, width: 720}, warnings: {}, webStorageEnabled: false}
Session ID: f9cc691f-0a85-41d7-bda4-eb13be7f3456
	at org.openqa.selenium.remote.http.W3CHttpResponseCodec.createException(W3CHttpResponseCodec.java:187)
	at org.openqa.selenium.remote.http.W3CHttpResponseCodec.decode(W3CHttpResponseCodec.java:122)
	at org.openqa.selenium.remote.http.W3CHttpResponseCodec.decode(W3CHttpResponseCodec.java:49)
	at org.openqa.selenium.remote.HttpCommandExecutor.execute(HttpCommandExecutor.java:158)
	at io.appium.java_client.remote.AppiumCommandExecutor.execute(AppiumCommandExecutor.java:239)
	at org.openqa.selenium.remote.RemoteWebDriver.execute(RemoteWebDriver.java:552)
	at io.appium.java_client.DefaultGenericMobileDriver.execute(DefaultGenericMobileDriver.java:42)
	at io.appium.java_client.AppiumDriver.execute(AppiumDriver.java:1)
	at io.appium.java_client.android.AndroidDriver.execute(AndroidDriver.java:1)
	at com.kms.katalon.core.appium.driver.SwipeableAndroidDriver.execute(SwipeableAndroidDriver.java:1)
	at io.appium.java_client.PerformsTouchActions.performTouchAction(PerformsTouchActions.java:41)
	at io.appium.java_client.TouchAction.perform(TouchAction.java:187)
	at com.kms.katalon.core.mobile.keyword.builtin.TapKeyword$_tap_closure1.doCall(TapKeyword.groovy:84)
	at com.kms.katalon.core.mobile.keyword.builtin.TapKeyword$_tap_closure1.call(TapKeyword.groovy)
	at com.kms.katalon.core.mobile.keyword.internal.MobileKeywordMain.runKeyword(MobileKeywordMain.groovy:21)
	... 35 more


2022-02-16 17:20:37 - [TEST_STEP][PASSED] - callTestCase(findTestCase("TC - 001 - Login"), [:], STOP_ON_FAILURE): Call Test Case 'Test Cases/TC - 001 - Login' successfully

2022-02-16 17:20:37 - [TEST_CASE][PASSED] - Test Cases/TC - 001 - Login: Test Cases/TC - 001 - Login

2022-02-16 17:20:37 - [TEST_STEP][PASSED] - startExistingApplication("com.swaglabsmobileapp"): Starting app with application ID: 'com.swaglabsmobileapp'

2022-02-16 17:20:41 - [MESSAGE][INFO] - Appium server started on port 52,932

2022-02-16 17:20:56 - [MESSAGE][INFO] - Failed to get Android statusbar's information.

2022-02-16 17:20:57 - [MESSAGE][PASSED] - Starting app with application ID: 'com.swaglabsmobileapp'

2022-02-16 17:20:57 - [TEST_STEP][PASSED] - setText(findTestObject("Object Repository/Login/EditText - Username"), "standard_user", 0): Text 'standard_user' has been set to element 'Object Repository/Login/EditText - Username'

2022-02-16 17:20:57 - [MESSAGE][WARNING] - Timeout '0' is invalid. Using default page load timeout: '30'

2022-02-16 17:21:02 - [MESSAGE][PASSED] - Text 'standard_user' has been set to element 'Object Repository/Login/EditText - Username'

2022-02-16 17:21:02 - [TEST_STEP][PASSED] - setText(findTestObject("Object Repository/Login/EditText - Password"), "secret_sauce", 0): Text 'secret_sauce' has been set to element 'Object Repository/Login/EditText - Password'

2022-02-16 17:21:02 - [MESSAGE][WARNING] - Timeout '0' is invalid. Using default page load timeout: '30'

2022-02-16 17:21:04 - [MESSAGE][PASSED] - Text 'secret_sauce' has been set to element 'Object Repository/Login/EditText - Password'

2022-02-16 17:21:04 - [TEST_STEP][PASSED] - tap(findTestObject("Object Repository/Login/Button - Login"), 0): Tapped on element 'Object Repository/Login/Button - Login'

2022-02-16 17:21:04 - [MESSAGE][WARNING] - Timeout '0' is invalid. Using default page load timeout: '30'

2022-02-16 17:21:05 - [MESSAGE][PASSED] - Tapped on element 'Object Repository/Login/Button - Login'

2022-02-16 17:21:05 - [MESSAGE][PASSED] - Call Test Case 'Test Cases/TC - 001 - Login' successfully

2022-02-16 17:21:05 - [TEST_STEP][PASSED] - delay(2, STOP_ON_FAILURE): Delayed 2 second(s)

2022-02-16 17:21:07 - [MESSAGE][PASSED] - Delayed 2 second(s)

2022-02-16 17:21:07 - [TEST_STEP][PASSED] - callTestCase(findTestCase("TC - 002 - Products"), ["Total":Total, "Item0":Item0, "Item1":Item1, "Item2":Item2, "Item3":Item3, "Item4":Item4, "Item5":Item5], STOP_ON_FAILURE): Call Test Case 'Test Cases/TC - 002 - Products' successfully

2022-02-16 17:21:07 - [TEST_CASE][PASSED] - Test Cases/TC - 002 - Products: Test Cases/TC - 002 - Products

2022-02-16 17:21:07 - [TEST_STEP][PASSED] - for ([i = 0, i < Total, (i++)]): Tapped on element 'Object Repository/Product/Button - Back To Products'

2022-02-16 17:21:07 - [TEST_STEP][PASSED] - if (i == 0): Tapped on element 'Object Repository/Product/TextView - Sauce Labs Backpack'

2022-02-16 17:21:07 - [TEST_STEP][PASSED] - scrollToText(Item0, STOP_ON_FAILURE): Scrolling to text 'Jacket' successfully

2022-02-16 17:21:13 - [MESSAGE][PASSED] - Scrolling to text 'Jacket' successfully

2022-02-16 17:21:13 - [TEST_STEP][PASSED] - tap(findTestObject("Product/TextView - Sauce Labs Backpack", ["text":Item0]), 0): Tapped on element 'Object Repository/Product/TextView - Sauce Labs Backpack'

2022-02-16 17:21:13 - [MESSAGE][WARNING] - Timeout '0' is invalid. Using default page load timeout: '30'

2022-02-16 17:21:13 - [MESSAGE][PASSED] - Tapped on element 'Object Repository/Product/TextView - Sauce Labs Backpack'

2022-02-16 17:21:13 - [TEST_STEP][PASSED] - scrollToText("ADD TO CART", STOP_ON_FAILURE): Scrolling to text 'ADD TO CART' successfully

2022-02-16 17:21:19 - [MESSAGE][PASSED] - Scrolling to text 'ADD TO CART' successfully

2022-02-16 17:21:19 - [TEST_STEP][PASSED] - tap(findTestObject("Product/Add To Cart - Detail Item"), 0): Tapped on element 'Object Repository/Product/Add To Cart - Detail Item'

2022-02-16 17:21:19 - [MESSAGE][WARNING] - Timeout '0' is invalid. Using default page load timeout: '30'

2022-02-16 17:21:19 - [MESSAGE][PASSED] - Tapped on element 'Object Repository/Product/Add To Cart - Detail Item'

2022-02-16 17:21:19 - [TEST_STEP][PASSED] - tap(findTestObject("Product/Button - Back To Products"), 0): Tapped on element 'Object Repository/Product/Button - Back To Products'

2022-02-16 17:21:20 - [MESSAGE][WARNING] - Timeout '0' is invalid. Using default page load timeout: '30'

2022-02-16 17:21:21 - [MESSAGE][PASSED] - Tapped on element 'Object Repository/Product/Button - Back To Products'

2022-02-16 17:21:21 - [TEST_STEP][PASSED] - if (i == 0): null

2022-02-16 17:21:21 - [TEST_STEP][PASSED] - else if (i == 1): Tapped on element 'Object Repository/Product/TextView - Sauce Labs Backpack'

2022-02-16 17:21:21 - [TEST_STEP][PASSED] - scrollToText(Item1, STOP_ON_FAILURE): Scrolling to text 'Red' successfully

2022-02-16 17:21:22 - [MESSAGE][PASSED] - Scrolling to text 'Red' successfully

2022-02-16 17:21:22 - [TEST_STEP][PASSED] - tap(findTestObject("Product/TextView - Sauce Labs Backpack", ["text":Item1]), 0): Tapped on element 'Object Repository/Product/TextView - Sauce Labs Backpack'

2022-02-16 17:21:22 - [MESSAGE][WARNING] - Timeout '0' is invalid. Using default page load timeout: '30'

2022-02-16 17:21:23 - [MESSAGE][PASSED] - Tapped on element 'Object Repository/Product/TextView - Sauce Labs Backpack'

2022-02-16 17:21:23 - [TEST_STEP][PASSED] - scrollToText("ADD TO CART", STOP_ON_FAILURE): Scrolling to text 'ADD TO CART' successfully

2022-02-16 17:21:27 - [MESSAGE][PASSED] - Scrolling to text 'ADD TO CART' successfully

2022-02-16 17:21:27 - [TEST_STEP][PASSED] - tap(findTestObject("Product/Add To Cart - Detail Item"), 0): Tapped on element 'Object Repository/Product/Add To Cart - Detail Item'

2022-02-16 17:21:28 - [MESSAGE][WARNING] - Timeout '0' is invalid. Using default page load timeout: '30'

2022-02-16 17:21:28 - [MESSAGE][PASSED] - Tapped on element 'Object Repository/Product/Add To Cart - Detail Item'

2022-02-16 17:21:28 - [TEST_STEP][PASSED] - tap(findTestObject("Product/Button - Back To Products"), 0): Tapped on element 'Object Repository/Product/Button - Back To Products'

2022-02-16 17:21:28 - [MESSAGE][WARNING] - Timeout '0' is invalid. Using default page load timeout: '30'

2022-02-16 17:21:31 - [MESSAGE][PASSED] - Tapped on element 'Object Repository/Product/Button - Back To Products'

2022-02-16 17:21:31 - [TEST_STEP][PASSED] - if (i == 0): null

2022-02-16 17:21:31 - [TEST_STEP][PASSED] - else if (i == 1): null

2022-02-16 17:21:31 - [TEST_STEP][PASSED] - else if (i == 2): Tapped on element 'Object Repository/Product/TextView - Sauce Labs Backpack'

2022-02-16 17:21:31 - [TEST_STEP][PASSED] - scrollToText(Item2, STOP_ON_FAILURE): Scrolling to text 'Light' successfully

2022-02-16 17:21:36 - [MESSAGE][PASSED] - Scrolling to text 'Light' successfully

2022-02-16 17:21:36 - [TEST_STEP][PASSED] - tap(findTestObject("Product/TextView - Sauce Labs Backpack", ["text":Item2]), 0): Tapped on element 'Object Repository/Product/TextView - Sauce Labs Backpack'

2022-02-16 17:21:36 - [MESSAGE][WARNING] - Timeout '0' is invalid. Using default page load timeout: '30'

2022-02-16 17:21:36 - [MESSAGE][PASSED] - Tapped on element 'Object Repository/Product/TextView - Sauce Labs Backpack'

2022-02-16 17:21:36 - [TEST_STEP][PASSED] - scrollToText("ADD TO CART", STOP_ON_FAILURE): Scrolling to text 'ADD TO CART' successfully

2022-02-16 17:21:41 - [MESSAGE][PASSED] - Scrolling to text 'ADD TO CART' successfully

2022-02-16 17:21:41 - [TEST_STEP][PASSED] - tap(findTestObject("Product/Add To Cart - Detail Item"), 0): Tapped on element 'Object Repository/Product/Add To Cart - Detail Item'

2022-02-16 17:21:41 - [MESSAGE][WARNING] - Timeout '0' is invalid. Using default page load timeout: '30'

2022-02-16 17:21:42 - [MESSAGE][PASSED] - Tapped on element 'Object Repository/Product/Add To Cart - Detail Item'

2022-02-16 17:21:42 - [TEST_STEP][PASSED] - tap(findTestObject("Product/Button - Back To Products"), 0): Tapped on element 'Object Repository/Product/Button - Back To Products'

2022-02-16 17:21:42 - [MESSAGE][WARNING] - Timeout '0' is invalid. Using default page load timeout: '30'

2022-02-16 17:21:43 - [MESSAGE][PASSED] - Tapped on element 'Object Repository/Product/Button - Back To Products'

2022-02-16 17:21:43 - [TEST_STEP][PASSED] - tap(findTestObject("Object Repository/Product/Image - Cart"), 0): Tapped on element 'Object Repository/Product/Image - Cart'

2022-02-16 17:21:43 - [MESSAGE][WARNING] - Timeout '0' is invalid. Using default page load timeout: '30'

2022-02-16 17:21:44 - [MESSAGE][PASSED] - Tapped on element 'Object Repository/Product/Image - Cart'

2022-02-16 17:21:44 - [TEST_STEP][PASSED] - scrollToText("CHECKOUT", STOP_ON_FAILURE): Scrolling to text 'CHECKOUT' successfully

2022-02-16 17:21:51 - [MESSAGE][PASSED] - Scrolling to text 'CHECKOUT' successfully

2022-02-16 17:21:51 - [TEST_STEP][PASSED] - tap(findTestObject("Product/TextView - CHECKOUT"), 0): Tapped on element 'Object Repository/Product/TextView - CHECKOUT'

2022-02-16 17:21:51 - [MESSAGE][WARNING] - Timeout '0' is invalid. Using default page load timeout: '30'

2022-02-16 17:21:52 - [MESSAGE][PASSED] - Tapped on element 'Object Repository/Product/TextView - CHECKOUT'

2022-02-16 17:21:52 - [MESSAGE][PASSED] - Call Test Case 'Test Cases/TC - 002 - Products' successfully

2022-02-16 17:21:52 - [TEST_STEP][FAILED] - callTestCase(findTestCase("TC - 003 - Checkout"), ["FirstName":FirstName, "LastName":LastName, "Pos":Pos], STOP_ON_FAILURE): Unable to call Test Case 'Test Cases/TC - 003 - Checkout' (Root cause: com.kms.katalon.core.exception.StepFailedException: Call Test Case 'Test Cases/TC - 003 - Checkout' failed
	at com.kms.katalon.core.keyword.builtin.CallTestCaseKeyword$_callTestCase_closure1.doCall(CallTestCaseKeyword.groovy:63)
	at com.kms.katalon.core.keyword.builtin.CallTestCaseKeyword$_callTestCase_closure1.call(CallTestCaseKeyword.groovy)
	at com.kms.katalon.core.keyword.internal.KeywordMain.runKeyword(KeywordMain.groovy:68)
	at com.kms.katalon.core.keyword.builtin.CallTestCaseKeyword.callTestCase(CallTestCaseKeyword.groovy:81)
	at com.kms.katalon.core.keyword.builtin.CallTestCaseKeyword.execute(CallTestCaseKeyword.groovy:44)
	at com.kms.katalon.core.keyword.internal.KeywordExecutor.executeKeywordForPlatform(KeywordExecutor.groovy:73)
	at com.kms.katalon.core.keyword.BuiltinKeywords.callTestCase(BuiltinKeywords.groovy:334)
	at TC - 000 - Swag Labs Master.run(TC - 000 - Swag Labs Master:25)
	at com.kms.katalon.core.main.ScriptEngine.run(ScriptEngine.java:194)
	at com.kms.katalon.core.main.ScriptEngine.runScriptAsRawText(ScriptEngine.java:119)
	at com.kms.katalon.core.main.TestCaseExecutor.runScript(TestCaseExecutor.java:393)
	at com.kms.katalon.core.main.TestCaseExecutor.doExecute(TestCaseExecutor.java:384)
	at com.kms.katalon.core.main.TestCaseExecutor.processExecutionPhase(TestCaseExecutor.java:363)
	at com.kms.katalon.core.main.TestCaseExecutor.accessMainPhase(TestCaseExecutor.java:355)
	at com.kms.katalon.core.main.TestCaseExecutor.execute(TestCaseExecutor.java:251)
	at com.kms.katalon.core.main.TestSuiteExecutor.accessTestCaseMainPhase(TestSuiteExecutor.java:203)
	at com.kms.katalon.core.main.TestSuiteExecutor.accessTestSuiteMainPhase(TestSuiteExecutor.java:152)
	at com.kms.katalon.core.main.TestSuiteExecutor.execute(TestSuiteExecutor.java:95)
	at com.kms.katalon.core.main.TestCaseMain.startTestSuite(TestCaseMain.java:157)
	at com.kms.katalon.core.main.TestCaseMain$startTestSuite$0.call(Unknown Source)
	at TempTestSuite1645006737640.run(TempTestSuite1645006737640.groovy:39)
Caused by: com.kms.katalon.core.exception.StepFailedException: Failed to tap on element 'Object Repository/Checkout/Button - Finish' (Root cause: org.openqa.selenium.InvalidArgumentException: Coordinate [x=21.0, y=1403.0] is outside of element rect: [0,0][720,1369]
Build info: version: '3.141.59', revision: 'e82be7d358', time: '2018-11-14T08:25:53'
System info: host: 'MURI', ip: '192.168.43.147', os.name: 'Windows 10', os.arch: 'amd64', os.version: '10.0', java.version: '1.8.0_181'
Driver info: com.kms.katalon.core.appium.driver.SwipeableAndroidDriver
Capabilities {appActivity: .Settings, appPackage: com.android.settings, autoGrantPermissions: true, automationName: uiautomator2, chromedriverPort: 52933, databaseEnabled: false, desired: {appActivity: .Settings, appPackage: com.android.settings, autoGrantPermissions: true, automationName: uiautomator2, chromedriverPort: 52933, deviceName: Xiaomi Redmi 7 (Android 10), newCommandTimeout: 1800, platform: ANDROID, platformName: android, platformVersion: 10, systemPort: 8277, udid: 4a90dd0d}, deviceApiLevel: 29, deviceManufacturer: Xiaomi, deviceModel: Redmi 7, deviceName: 4a90dd0d, deviceScreenDensity: 320, deviceScreenSize: 720x1520, deviceUDID: 4a90dd0d, javascriptEnabled: true, locationContextEnabled: false, networkConnectionEnabled: true, newCommandTimeout: 1800, pixelRatio: 2, platform: ANDROID, platformName: Android, platformVersion: 10, statBarHeight: 55, systemPort: 8277, takesScreenshot: true, udid: 4a90dd0d, viewportRect: {height: 1314, left: 0, top: 55, width: 720}, warnings: {}, webStorageEnabled: false}
Session ID: f9cc691f-0a85-41d7-bda4-eb13be7f3456
	at org.openqa.selenium.remote.http.W3CHttpResponseCodec.createException(W3CHttpResponseCodec.java:187)
	at org.openqa.selenium.remote.http.W3CHttpResponseCodec.decode(W3CHttpResponseCodec.java:122)
	at org.openqa.selenium.remote.http.W3CHttpResponseCodec.decode(W3CHttpResponseCodec.java:49)
	at org.openqa.selenium.remote.HttpCommandExecutor.execute(HttpCommandExecutor.java:158)
	at io.appium.java_client.remote.AppiumCommandExecutor.execute(AppiumCommandExecutor.java:239)
	at org.openqa.selenium.remote.RemoteWebDriver.execute(RemoteWebDriver.java:552)
	at io.appium.java_client.DefaultGenericMobileDriver.execute(DefaultGenericMobileDriver.java:42)
	at io.appium.java_client.AppiumDriver.execute(AppiumDriver.java:1)
	at io.appium.java_client.android.AndroidDriver.execute(AndroidDriver.java:1)
	at com.kms.katalon.core.appium.driver.SwipeableAndroidDriver.execute(SwipeableAndroidDriver.java:1)
	at io.appium.java_client.PerformsTouchActions.performTouchAction(PerformsTouchActions.java:41)
	at io.appium.java_client.TouchAction.perform(TouchAction.java:187)
	at com.kms.katalon.core.mobile.keyword.builtin.TapKeyword$_tap_closure1.doCall(TapKeyword.groovy:84)
	at com.kms.katalon.core.mobile.keyword.builtin.TapKeyword$_tap_closure1.call(TapKeyword.groovy)
	at com.kms.katalon.core.mobile.keyword.internal.MobileKeywordMain.runKeyword(MobileKeywordMain.groovy:21)
	at com.kms.katalon.core.mobile.keyword.builtin.TapKeyword.tap(TapKeyword.groovy:86)
	at com.kms.katalon.core.mobile.keyword.builtin.TapKeyword.execute(TapKeyword.groovy:68)
	at com.kms.katalon.core.keyword.internal.KeywordExecutor.executeKeywordForPlatform(KeywordExecutor.groovy:73)
	at com.kms.katalon.core.mobile.keyword.MobileBuiltInKeywords.tap(MobileBuiltInKeywords.groovy:1267)
	at com.kms.katalon.core.mobile.keyword.MobileBuiltInKeywords$tap$1.call(Unknown Source)
	at TC - 003 - Checkout.run(TC - 003 - Checkout:29)
	at com.kms.katalon.core.main.ScriptEngine.run(ScriptEngine.java:194)
	at com.kms.katalon.core.main.ScriptEngine.runScriptAsRawText(ScriptEngine.java:119)
	at com.kms.katalon.core.main.TestCaseExecutor.runScript(TestCaseExecutor.java:393)
	at com.kms.katalon.core.main.TestCaseExecutor.doExecute(TestCaseExecutor.java:384)
	at com.kms.katalon.core.main.TestCaseExecutor.processExecutionPhase(TestCaseExecutor.java:363)
	at com.kms.katalon.core.main.TestCaseExecutor.accessMainPhase(TestCaseExecutor.java:355)
	at com.kms.katalon.core.main.TestCaseExecutor.execute(TestCaseExecutor.java:251)
	at com.kms.katalon.core.main.TestCaseMain.runTestCase(TestCaseMain.java:114)
	at com.kms.katalon.core.keyword.builtin.CallTestCaseKeyword$_callTestCase_closure1.doCall(CallTestCaseKeyword.groovy:59)
	at com.kms.katalon.core.keyword.builtin.CallTestCaseKeyword$_callTestCase_closure1.call(CallTestCaseKeyword.groovy)
	at com.kms.katalon.core.keyword.internal.KeywordMain.runKeyword(KeywordMain.groovy:68)
	at com.kms.katalon.core.keyword.builtin.CallTestCaseKeyword.callTestCase(CallTestCaseKeyword.groovy:81)
	at com.kms.katalon.core.keyword.builtin.CallTestCaseKeyword.execute(CallTestCaseKeyword.groovy:44)
	at com.kms.katalon.core.keyword.internal.KeywordExecutor.executeKeywordForPlatform(KeywordExecutor.groovy:73)
	at com.kms.katalon.core.keyword.BuiltinKeywords.callTestCase(BuiltinKeywords.groovy:334)
	at TC - 000 - Swag Labs Master.run(TC - 000 - Swag Labs Master:25)
	at com.kms.katalon.core.main.ScriptEngine.run(ScriptEngine.java:194)
	at com.kms.katalon.core.main.ScriptEngine.runScriptAsRawText(ScriptEngine.java:119)
	at com.kms.katalon.core.main.TestCaseExecutor.runScript(TestCaseExecutor.java:393)
	at com.kms.katalon.core.main.TestCaseExecutor.doExecute(TestCaseExecutor.java:384)
	at com.kms.katalon.core.main.TestCaseExecutor.processExecutionPhase(TestCaseExecutor.java:363)
	at com.kms.katalon.core.main.TestCaseExecutor.accessMainPhase(TestCaseExecutor.java:355)
	at com.kms.katalon.core.main.TestCaseExecutor.execute(TestCaseExecutor.java:251)
	at com.kms.katalon.core.main.TestSuiteExecutor.accessTestCaseMainPhase(TestSuiteExecutor.java:203)
	at com.kms.katalon.core.main.TestSuiteExecutor.accessTestSuiteMainPhase(TestSuiteExecutor.java:152)
	at com.kms.katalon.core.main.TestSuiteExecutor.execute(TestSuiteExecutor.java:95)
	at com.kms.katalon.core.main.TestCaseMain.startTestSuite(TestCaseMain.java:157)
	at com.kms.katalon.core.main.TestCaseMain$startTestSuite$0.call(Unknown Source)
	at TempTestSuite1645006737640.run(TempTestSuite1645006737640.groovy:39)
)
	at com.kms.katalon.core.keyword.internal.KeywordMain.stepFailed(KeywordMain.groovy:50)
	at com.kms.katalon.core.mobile.keyword.internal.MobileKeywordMain.stepFailed(MobileKeywordMain.groovy:40)
	at com.kms.katalon.core.mobile.keyword.internal.MobileKeywordMain.runKeyword(MobileKeywordMain.groovy:23)
	at com.kms.katalon.core.mobile.keyword.builtin.TapKeyword.tap(TapKeyword.groovy:86)
	at com.kms.katalon.core.mobile.keyword.builtin.TapKeyword.execute(TapKeyword.groovy:68)
	at com.kms.katalon.core.keyword.internal.KeywordExecutor.executeKeywordForPlatform(KeywordExecutor.groovy:73)
	at com.kms.katalon.core.mobile.keyword.MobileBuiltInKeywords.tap(MobileBuiltInKeywords.groovy:1267)
	at com.kms.katalon.core.mobile.keyword.MobileBuiltInKeywords$tap$1.call(Unknown Source)
	at TC - 003 - Checkout.run(TC - 003 - Checkout:29)
	at com.kms.katalon.core.main.ScriptEngine.run(ScriptEngine.java:194)
	at com.kms.katalon.core.main.ScriptEngine.runScriptAsRawText(ScriptEngine.java:119)
	at com.kms.katalon.core.main.TestCaseExecutor.runScript(TestCaseExecutor.java:393)
	at com.kms.katalon.core.main.TestCaseExecutor.doExecute(TestCaseExecutor.java:384)
	at com.kms.katalon.core.main.TestCaseExecutor.processExecutionPhase(TestCaseExecutor.java:363)
	at com.kms.katalon.core.main.TestCaseExecutor.accessMainPhase(TestCaseExecutor.java:355)
	at com.kms.katalon.core.main.TestCaseExecutor.execute(TestCaseExecutor.java:251)
	at com.kms.katalon.core.main.TestCaseMain.runTestCase(TestCaseMain.java:114)
	at com.kms.katalon.core.keyword.builtin.CallTestCaseKeyword$_callTestCase_closure1.doCall(CallTestCaseKeyword.groovy:59)
	... 20 more
Caused by: org.openqa.selenium.InvalidArgumentException: Coordinate [x=21.0, y=1403.0] is outside of element rect: [0,0][720,1369]
Build info: version: '3.141.59', revision: 'e82be7d358', time: '2018-11-14T08:25:53'
System info: host: 'MURI', ip: '192.168.43.147', os.name: 'Windows 10', os.arch: 'amd64', os.version: '10.0', java.version: '1.8.0_181'
Driver info: com.kms.katalon.core.appium.driver.SwipeableAndroidDriver
Capabilities {appActivity: .Settings, appPackage: com.android.settings, autoGrantPermissions: true, automationName: uiautomator2, chromedriverPort: 52933, databaseEnabled: false, desired: {appActivity: .Settings, appPackage: com.android.settings, autoGrantPermissions: true, automationName: uiautomator2, chromedriverPort: 52933, deviceName: Xiaomi Redmi 7 (Android 10), newCommandTimeout: 1800, platform: ANDROID, platformName: android, platformVersion: 10, systemPort: 8277, udid: 4a90dd0d}, deviceApiLevel: 29, deviceManufacturer: Xiaomi, deviceModel: Redmi 7, deviceName: 4a90dd0d, deviceScreenDensity: 320, deviceScreenSize: 720x1520, deviceUDID: 4a90dd0d, javascriptEnabled: true, locationContextEnabled: false, networkConnectionEnabled: true, newCommandTimeout: 1800, pixelRatio: 2, platform: ANDROID, platformName: Android, platformVersion: 10, statBarHeight: 55, systemPort: 8277, takesScreenshot: true, udid: 4a90dd0d, viewportRect: {height: 1314, left: 0, top: 55, width: 720}, warnings: {}, webStorageEnabled: false}
Session ID: f9cc691f-0a85-41d7-bda4-eb13be7f3456
	at org.openqa.selenium.remote.http.W3CHttpResponseCodec.createException(W3CHttpResponseCodec.java:187)
	at org.openqa.selenium.remote.http.W3CHttpResponseCodec.decode(W3CHttpResponseCodec.java:122)
	at org.openqa.selenium.remote.http.W3CHttpResponseCodec.decode(W3CHttpResponseCodec.java:49)
	at org.openqa.selenium.remote.HttpCommandExecutor.execute(HttpCommandExecutor.java:158)
	at io.appium.java_client.remote.AppiumCommandExecutor.execute(AppiumCommandExecutor.java:239)
	at org.openqa.selenium.remote.RemoteWebDriver.execute(RemoteWebDriver.java:552)
	at io.appium.java_client.DefaultGenericMobileDriver.execute(DefaultGenericMobileDriver.java:42)
	at io.appium.java_client.AppiumDriver.execute(AppiumDriver.java:1)
	at io.appium.java_client.android.AndroidDriver.execute(AndroidDriver.java:1)
	at com.kms.katalon.core.appium.driver.SwipeableAndroidDriver.execute(SwipeableAndroidDriver.java:1)
	at io.appium.java_client.PerformsTouchActions.performTouchAction(PerformsTouchActions.java:41)
	at io.appium.java_client.TouchAction.perform(TouchAction.java:187)
	at com.kms.katalon.core.mobile.keyword.builtin.TapKeyword$_tap_closure1.doCall(TapKeyword.groovy:84)
	at com.kms.katalon.core.mobile.keyword.builtin.TapKeyword$_tap_closure1.call(TapKeyword.groovy)
	at com.kms.katalon.core.mobile.keyword.internal.MobileKeywordMain.runKeyword(MobileKeywordMain.groovy:21)
	... 35 more
)

2022-02-16 17:21:52 - [TEST_CASE][FAILED] - Test Cases/TC - 003 - Checkout: Test Cases/TC - 003 - Checkout FAILED.
Reason:
com.kms.katalon.core.exception.StepFailedException: Failed to tap on element 'Object Repository/Checkout/Button - Finish' (Root cause: org.openqa.selenium.InvalidArgumentException: Coordinate [x=21.0, y=1403.0] is outside of element rect: [0,0][720,1369]
Build info: version: '3.141.59', revision: 'e82be7d358', time: '2018-11-14T08:25:53'
System info: host: 'MURI', ip: '192.168.43.147', os.name: 'Windows 10', os.arch: 'amd64', os.version: '10.0', java.version: '1.8.0_181'
Driver info: com.kms.katalon.core.appium.driver.SwipeableAndroidDriver
Capabilities {appActivity: .Settings, appPackage: com.android.settings, autoGrantPermissions: true, automationName: uiautomator2, chromedriverPort: 52933, databaseEnabled: false, desired: {appActivity: .Settings, appPackage: com.android.settings, autoGrantPermissions: true, automationName: uiautomator2, chromedriverPort: 52933, deviceName: Xiaomi Redmi 7 (Android 10), newCommandTimeout: 1800, platform: ANDROID, platformName: android, platformVersion: 10, systemPort: 8277, udid: 4a90dd0d}, deviceApiLevel: 29, deviceManufacturer: Xiaomi, deviceModel: Redmi 7, deviceName: 4a90dd0d, deviceScreenDensity: 320, deviceScreenSize: 720x1520, deviceUDID: 4a90dd0d, javascriptEnabled: true, locationContextEnabled: false, networkConnectionEnabled: true, newCommandTimeout: 1800, pixelRatio: 2, platform: ANDROID, platformName: Android, platformVersion: 10, statBarHeight: 55, systemPort: 8277, takesScreenshot: true, udid: 4a90dd0d, viewportRect: {height: 1314, left: 0, top: 55, width: 720}, warnings: {}, webStorageEnabled: false}
Session ID: f9cc691f-0a85-41d7-bda4-eb13be7f3456
	at org.openqa.selenium.remote.http.W3CHttpResponseCodec.createException(W3CHttpResponseCodec.java:187)
	at org.openqa.selenium.remote.http.W3CHttpResponseCodec.decode(W3CHttpResponseCodec.java:122)
	at org.openqa.selenium.remote.http.W3CHttpResponseCodec.decode(W3CHttpResponseCodec.java:49)
	at org.openqa.selenium.remote.HttpCommandExecutor.execute(HttpCommandExecutor.java:158)
	at io.appium.java_client.remote.AppiumCommandExecutor.execute(AppiumCommandExecutor.java:239)
	at org.openqa.selenium.remote.RemoteWebDriver.execute(RemoteWebDriver.java:552)
	at io.appium.java_client.DefaultGenericMobileDriver.execute(DefaultGenericMobileDriver.java:42)
	at io.appium.java_client.AppiumDriver.execute(AppiumDriver.java:1)
	at io.appium.java_client.android.AndroidDriver.execute(AndroidDriver.java:1)
	at com.kms.katalon.core.appium.driver.SwipeableAndroidDriver.execute(SwipeableAndroidDriver.java:1)
	at io.appium.java_client.PerformsTouchActions.performTouchAction(PerformsTouchActions.java:41)
	at io.appium.java_client.TouchAction.perform(TouchAction.java:187)
	at com.kms.katalon.core.mobile.keyword.builtin.TapKeyword$_tap_closure1.doCall(TapKeyword.groovy:84)
	at com.kms.katalon.core.mobile.keyword.builtin.TapKeyword$_tap_closure1.call(TapKeyword.groovy)
	at com.kms.katalon.core.mobile.keyword.internal.MobileKeywordMain.runKeyword(MobileKeywordMain.groovy:21)
	at com.kms.katalon.core.mobile.keyword.builtin.TapKeyword.tap(TapKeyword.groovy:86)
	at com.kms.katalon.core.mobile.keyword.builtin.TapKeyword.execute(TapKeyword.groovy:68)
	at com.kms.katalon.core.keyword.internal.KeywordExecutor.executeKeywordForPlatform(KeywordExecutor.groovy:73)
	at com.kms.katalon.core.mobile.keyword.MobileBuiltInKeywords.tap(MobileBuiltInKeywords.groovy:1267)
	at com.kms.katalon.core.mobile.keyword.MobileBuiltInKeywords$tap$1.call(Unknown Source)
	at TC - 003 - Checkout.run(TC - 003 - Checkout:29)
	at com.kms.katalon.core.main.ScriptEngine.run(ScriptEngine.java:194)
	at com.kms.katalon.core.main.ScriptEngine.runScriptAsRawText(ScriptEngine.java:119)
	at com.kms.katalon.core.main.TestCaseExecutor.runScript(TestCaseExecutor.java:393)
	at com.kms.katalon.core.main.TestCaseExecutor.doExecute(TestCaseExecutor.java:384)
	at com.kms.katalon.core.main.TestCaseExecutor.processExecutionPhase(TestCaseExecutor.java:363)
	at com.kms.katalon.core.main.TestCaseExecutor.accessMainPhase(TestCaseExecutor.java:355)
	at com.kms.katalon.core.main.TestCaseExecutor.execute(TestCaseExecutor.java:251)
	at com.kms.katalon.core.main.TestCaseMain.runTestCase(TestCaseMain.java:114)
	at com.kms.katalon.core.keyword.builtin.CallTestCaseKeyword$_callTestCase_closure1.doCall(CallTestCaseKeyword.groovy:59)
	at com.kms.katalon.core.keyword.builtin.CallTestCaseKeyword$_callTestCase_closure1.call(CallTestCaseKeyword.groovy)
	at com.kms.katalon.core.keyword.internal.KeywordMain.runKeyword(KeywordMain.groovy:68)
	at com.kms.katalon.core.keyword.builtin.CallTestCaseKeyword.callTestCase(CallTestCaseKeyword.groovy:81)
	at com.kms.katalon.core.keyword.builtin.CallTestCaseKeyword.execute(CallTestCaseKeyword.groovy:44)
	at com.kms.katalon.core.keyword.internal.KeywordExecutor.executeKeywordForPlatform(KeywordExecutor.groovy:73)
	at com.kms.katalon.core.keyword.BuiltinKeywords.callTestCase(BuiltinKeywords.groovy:334)
	at TC - 000 - Swag Labs Master.run(TC - 000 - Swag Labs Master:25)
	at com.kms.katalon.core.main.ScriptEngine.run(ScriptEngine.java:194)
	at com.kms.katalon.core.main.ScriptEngine.runScriptAsRawText(ScriptEngine.java:119)
	at com.kms.katalon.core.main.TestCaseExecutor.runScript(TestCaseExecutor.java:393)
	at com.kms.katalon.core.main.TestCaseExecutor.doExecute(TestCaseExecutor.java:384)
	at com.kms.katalon.core.main.TestCaseExecutor.processExecutionPhase(TestCaseExecutor.java:363)
	at com.kms.katalon.core.main.TestCaseExecutor.accessMainPhase(TestCaseExecutor.java:355)
	at com.kms.katalon.core.main.TestCaseExecutor.execute(TestCaseExecutor.java:251)
	at com.kms.katalon.core.main.TestSuiteExecutor.accessTestCaseMainPhase(TestSuiteExecutor.java:203)
	at com.kms.katalon.core.main.TestSuiteExecutor.accessTestSuiteMainPhase(TestSuiteExecutor.java:152)
	at com.kms.katalon.core.main.TestSuiteExecutor.execute(TestSuiteExecutor.java:95)
	at com.kms.katalon.core.main.TestCaseMain.startTestSuite(TestCaseMain.java:157)
	at com.kms.katalon.core.main.TestCaseMain$startTestSuite$0.call(Unknown Source)
	at TempTestSuite1645006737640.run(TempTestSuite1645006737640.groovy:39)
)
	at com.kms.katalon.core.keyword.internal.KeywordMain.stepFailed(KeywordMain.groovy:50)
	at com.kms.katalon.core.mobile.keyword.internal.MobileKeywordMain.stepFailed(MobileKeywordMain.groovy:40)
	at com.kms.katalon.core.mobile.keyword.internal.MobileKeywordMain.runKeyword(MobileKeywordMain.groovy:23)
	at com.kms.katalon.core.mobile.keyword.builtin.TapKeyword.tap(TapKeyword.groovy:86)
	at com.kms.katalon.core.mobile.keyword.builtin.TapKeyword.execute(TapKeyword.groovy:68)
	at com.kms.katalon.core.keyword.internal.KeywordExecutor.executeKeywordForPlatform(KeywordExecutor.groovy:73)
	at com.kms.katalon.core.mobile.keyword.MobileBuiltInKeywords.tap(MobileBuiltInKeywords.groovy:1267)
	at com.kms.katalon.core.mobile.keyword.MobileBuiltInKeywords$tap$1.call(Unknown Source)
	at TC - 003 - Checkout.run(TC - 003 - Checkout:29)
	at com.kms.katalon.core.main.ScriptEngine.run(ScriptEngine.java:194)
	at com.kms.katalon.core.main.ScriptEngine.runScriptAsRawText(ScriptEngine.java:119)
	at com.kms.katalon.core.main.TestCaseExecutor.runScript(TestCaseExecutor.java:393)
	at com.kms.katalon.core.main.TestCaseExecutor.doExecute(TestCaseExecutor.java:384)
	at com.kms.katalon.core.main.TestCaseExecutor.processExecutionPhase(TestCaseExecutor.java:363)
	at com.kms.katalon.core.main.TestCaseExecutor.accessMainPhase(TestCaseExecutor.java:355)
	at com.kms.katalon.core.main.TestCaseExecutor.execute(TestCaseExecutor.java:251)
	at com.kms.katalon.core.main.TestCaseMain.runTestCase(TestCaseMain.java:114)
	at com.kms.katalon.core.keyword.builtin.CallTestCaseKeyword$_callTestCase_closure1.doCall(CallTestCaseKeyword.groovy:59)
	at com.kms.katalon.core.keyword.builtin.CallTestCaseKeyword$_callTestCase_closure1.call(CallTestCaseKeyword.groovy)
	at com.kms.katalon.core.keyword.internal.KeywordMain.runKeyword(KeywordMain.groovy:68)
	at com.kms.katalon.core.keyword.builtin.CallTestCaseKeyword.callTestCase(CallTestCaseKeyword.groovy:81)
	at com.kms.katalon.core.keyword.builtin.CallTestCaseKeyword.execute(CallTestCaseKeyword.groovy:44)
	at com.kms.katalon.core.keyword.internal.KeywordExecutor.executeKeywordForPlatform(KeywordExecutor.groovy:73)
	at com.kms.katalon.core.keyword.BuiltinKeywords.callTestCase(BuiltinKeywords.groovy:334)
	at TC - 000 - Swag Labs Master.run(TC - 000 - Swag Labs Master:25)
	at com.kms.katalon.core.main.ScriptEngine.run(ScriptEngine.java:194)
	at com.kms.katalon.core.main.ScriptEngine.runScriptAsRawText(ScriptEngine.java:119)
	at com.kms.katalon.core.main.TestCaseExecutor.runScript(TestCaseExecutor.java:393)
	at com.kms.katalon.core.main.TestCaseExecutor.doExecute(TestCaseExecutor.java:384)
	at com.kms.katalon.core.main.TestCaseExecutor.processExecutionPhase(TestCaseExecutor.java:363)
	at com.kms.katalon.core.main.TestCaseExecutor.accessMainPhase(TestCaseExecutor.java:355)
	at com.kms.katalon.core.main.TestCaseExecutor.execute(TestCaseExecutor.java:251)
	at com.kms.katalon.core.main.TestSuiteExecutor.accessTestCaseMainPhase(TestSuiteExecutor.java:203)
	at com.kms.katalon.core.main.TestSuiteExecutor.accessTestSuiteMainPhase(TestSuiteExecutor.java:152)
	at com.kms.katalon.core.main.TestSuiteExecutor.execute(TestSuiteExecutor.java:95)
	at com.kms.katalon.core.main.TestCaseMain.startTestSuite(TestCaseMain.java:157)
	at com.kms.katalon.core.main.TestCaseMain$startTestSuite$0.call(Unknown Source)
	at TempTestSuite1645006737640.run(TempTestSuite1645006737640.groovy:39)
Caused by: org.openqa.selenium.InvalidArgumentException: Coordinate [x=21.0, y=1403.0] is outside of element rect: [0,0][720,1369]
Build info: version: '3.141.59', revision: 'e82be7d358', time: '2018-11-14T08:25:53'
System info: host: 'MURI', ip: '192.168.43.147', os.name: 'Windows 10', os.arch: 'amd64', os.version: '10.0', java.version: '1.8.0_181'
Driver info: com.kms.katalon.core.appium.driver.SwipeableAndroidDriver
Capabilities {appActivity: .Settings, appPackage: com.android.settings, autoGrantPermissions: true, automationName: uiautomator2, chromedriverPort: 52933, databaseEnabled: false, desired: {appActivity: .Settings, appPackage: com.android.settings, autoGrantPermissions: true, automationName: uiautomator2, chromedriverPort: 52933, deviceName: Xiaomi Redmi 7 (Android 10), newCommandTimeout: 1800, platform: ANDROID, platformName: android, platformVersion: 10, systemPort: 8277, udid: 4a90dd0d}, deviceApiLevel: 29, deviceManufacturer: Xiaomi, deviceModel: Redmi 7, deviceName: 4a90dd0d, deviceScreenDensity: 320, deviceScreenSize: 720x1520, deviceUDID: 4a90dd0d, javascriptEnabled: true, locationContextEnabled: false, networkConnectionEnabled: true, newCommandTimeout: 1800, pixelRatio: 2, platform: ANDROID, platformName: Android, platformVersion: 10, statBarHeight: 55, systemPort: 8277, takesScreenshot: true, udid: 4a90dd0d, viewportRect: {height: 1314, left: 0, top: 55, width: 720}, warnings: {}, webStorageEnabled: false}
Session ID: f9cc691f-0a85-41d7-bda4-eb13be7f3456
	at org.openqa.selenium.remote.http.W3CHttpResponseCodec.createException(W3CHttpResponseCodec.java:187)
	at org.openqa.selenium.remote.http.W3CHttpResponseCodec.decode(W3CHttpResponseCodec.java:122)
	at org.openqa.selenium.remote.http.W3CHttpResponseCodec.decode(W3CHttpResponseCodec.java:49)
	at org.openqa.selenium.remote.HttpCommandExecutor.execute(HttpCommandExecutor.java:158)
	at io.appium.java_client.remote.AppiumCommandExecutor.execute(AppiumCommandExecutor.java:239)
	at org.openqa.selenium.remote.RemoteWebDriver.execute(RemoteWebDriver.java:552)
	at io.appium.java_client.DefaultGenericMobileDriver.execute(DefaultGenericMobileDriver.java:42)
	at io.appium.java_client.AppiumDriver.execute(AppiumDriver.java:1)
	at io.appium.java_client.android.AndroidDriver.execute(AndroidDriver.java:1)
	at com.kms.katalon.core.appium.driver.SwipeableAndroidDriver.execute(SwipeableAndroidDriver.java:1)
	at io.appium.java_client.PerformsTouchActions.performTouchAction(PerformsTouchActions.java:41)
	at io.appium.java_client.TouchAction.perform(TouchAction.java:187)
	at com.kms.katalon.core.mobile.keyword.builtin.TapKeyword$_tap_closure1.doCall(TapKeyword.groovy:84)
	at com.kms.katalon.core.mobile.keyword.builtin.TapKeyword$_tap_closure1.call(TapKeyword.groovy)
	at com.kms.katalon.core.mobile.keyword.internal.MobileKeywordMain.runKeyword(MobileKeywordMain.groovy:21)
	... 35 more


2022-02-16 17:21:52 - [TEST_STEP][PASSED] - setText(findTestObject("Object Repository/Checkout/EditText - First Name"), FirstName, 0): Text 'Do' has been set to element 'Object Repository/Checkout/EditText - First Name'

2022-02-16 17:21:52 - [MESSAGE][WARNING] - Timeout '0' is invalid. Using default page load timeout: '30'

2022-02-16 17:21:54 - [MESSAGE][PASSED] - Text 'Do' has been set to element 'Object Repository/Checkout/EditText - First Name'

2022-02-16 17:21:54 - [TEST_STEP][PASSED] - setText(findTestObject("Object Repository/Checkout/EditText - Last Name"), LastName, 0): Text 'Ni' has been set to element 'Object Repository/Checkout/EditText - Last Name'

2022-02-16 17:21:54 - [MESSAGE][WARNING] - Timeout '0' is invalid. Using default page load timeout: '30'

2022-02-16 17:21:56 - [MESSAGE][PASSED] - Text 'Ni' has been set to element 'Object Repository/Checkout/EditText - Last Name'

2022-02-16 17:21:56 - [TEST_STEP][PASSED] - setText(findTestObject("Checkout/EditText - ZipPostal Code"), Pos, 0): Text '4312' has been set to element 'Object Repository/Checkout/EditText - ZipPostal Code'

2022-02-16 17:21:56 - [MESSAGE][WARNING] - Timeout '0' is invalid. Using default page load timeout: '30'

2022-02-16 17:21:58 - [MESSAGE][PASSED] - Text '4312' has been set to element 'Object Repository/Checkout/EditText - ZipPostal Code'

2022-02-16 17:21:58 - [TEST_STEP][PASSED] - tap(findTestObject("Object Repository/Checkout/Button - Continue"), 0): Tapped on element 'Object Repository/Checkout/Button - Continue'

2022-02-16 17:21:58 - [MESSAGE][WARNING] - Timeout '0' is invalid. Using default page load timeout: '30'

2022-02-16 17:21:59 - [MESSAGE][PASSED] - Tapped on element 'Object Repository/Checkout/Button - Continue'

2022-02-16 17:21:59 - [TEST_STEP][PASSED] - scrollToText("FINISH", STOP_ON_FAILURE): Scrolling to text 'FINISH' successfully

2022-02-16 17:22:05 - [MESSAGE][PASSED] - Scrolling to text 'FINISH' successfully

2022-02-16 17:22:05 - [TEST_STEP][FAILED] - tap(findTestObject("Object Repository/Checkout/Button - Finish"), 0): Failed to tap on element 'Object Repository/Checkout/Button - Finish' (Root cause: org.openqa.selenium.InvalidArgumentException: Coordinate [x=21.0, y=1403.0] is outside of element rect: [0,0][720,1369]
Build info: version: '3.141.59', revision: 'e82be7d358', time: '2018-11-14T08:25:53'
System info: host: 'MURI', ip: '192.168.43.147', os.name: 'Windows 10', os.arch: 'amd64', os.version: '10.0', java.version: '1.8.0_181'
Driver info: com.kms.katalon.core.appium.driver.SwipeableAndroidDriver
Capabilities {appActivity: .Settings, appPackage: com.android.settings, autoGrantPermissions: true, automationName: uiautomator2, chromedriverPort: 52933, databaseEnabled: false, desired: {appActivity: .Settings, appPackage: com.android.settings, autoGrantPermissions: true, automationName: uiautomator2, chromedriverPort: 52933, deviceName: Xiaomi Redmi 7 (Android 10), newCommandTimeout: 1800, platform: ANDROID, platformName: android, platformVersion: 10, systemPort: 8277, udid: 4a90dd0d}, deviceApiLevel: 29, deviceManufacturer: Xiaomi, deviceModel: Redmi 7, deviceName: 4a90dd0d, deviceScreenDensity: 320, deviceScreenSize: 720x1520, deviceUDID: 4a90dd0d, javascriptEnabled: true, locationContextEnabled: false, networkConnectionEnabled: true, newCommandTimeout: 1800, pixelRatio: 2, platform: ANDROID, platformName: Android, platformVersion: 10, statBarHeight: 55, systemPort: 8277, takesScreenshot: true, udid: 4a90dd0d, viewportRect: {height: 1314, left: 0, top: 55, width: 720}, warnings: {}, webStorageEnabled: false}
Session ID: f9cc691f-0a85-41d7-bda4-eb13be7f3456
	at org.openqa.selenium.remote.http.W3CHttpResponseCodec.createException(W3CHttpResponseCodec.java:187)
	at org.openqa.selenium.remote.http.W3CHttpResponseCodec.decode(W3CHttpResponseCodec.java:122)
	at org.openqa.selenium.remote.http.W3CHttpResponseCodec.decode(W3CHttpResponseCodec.java:49)
	at org.openqa.selenium.remote.HttpCommandExecutor.execute(HttpCommandExecutor.java:158)
	at io.appium.java_client.remote.AppiumCommandExecutor.execute(AppiumCommandExecutor.java:239)
	at org.openqa.selenium.remote.RemoteWebDriver.execute(RemoteWebDriver.java:552)
	at io.appium.java_client.DefaultGenericMobileDriver.execute(DefaultGenericMobileDriver.java:42)
	at io.appium.java_client.AppiumDriver.execute(AppiumDriver.java:1)
	at io.appium.java_client.android.AndroidDriver.execute(AndroidDriver.java:1)
	at com.kms.katalon.core.appium.driver.SwipeableAndroidDriver.execute(SwipeableAndroidDriver.java:1)
	at io.appium.java_client.PerformsTouchActions.performTouchAction(PerformsTouchActions.java:41)
	at io.appium.java_client.TouchAction.perform(TouchAction.java:187)
	at com.kms.katalon.core.mobile.keyword.builtin.TapKeyword$_tap_closure1.doCall(TapKeyword.groovy:84)
	at com.kms.katalon.core.mobile.keyword.builtin.TapKeyword$_tap_closure1.call(TapKeyword.groovy)
	at com.kms.katalon.core.mobile.keyword.internal.MobileKeywordMain.runKeyword(MobileKeywordMain.groovy:21)
	at com.kms.katalon.core.mobile.keyword.builtin.TapKeyword.tap(TapKeyword.groovy:86)
	at com.kms.katalon.core.mobile.keyword.builtin.TapKeyword.execute(TapKeyword.groovy:68)
	at com.kms.katalon.core.keyword.internal.KeywordExecutor.executeKeywordForPlatform(KeywordExecutor.groovy:73)
	at com.kms.katalon.core.mobile.keyword.MobileBuiltInKeywords.tap(MobileBuiltInKeywords.groovy:1267)
	at com.kms.katalon.core.mobile.keyword.MobileBuiltInKeywords$tap$1.call(Unknown Source)
	at TC - 003 - Checkout.run(TC - 003 - Checkout:29)
	at com.kms.katalon.core.main.ScriptEngine.run(ScriptEngine.java:194)
	at com.kms.katalon.core.main.ScriptEngine.runScriptAsRawText(ScriptEngine.java:119)
	at com.kms.katalon.core.main.TestCaseExecutor.runScript(TestCaseExecutor.java:393)
	at com.kms.katalon.core.main.TestCaseExecutor.doExecute(TestCaseExecutor.java:384)
	at com.kms.katalon.core.main.TestCaseExecutor.processExecutionPhase(TestCaseExecutor.java:363)
	at com.kms.katalon.core.main.TestCaseExecutor.accessMainPhase(TestCaseExecutor.java:355)
	at com.kms.katalon.core.main.TestCaseExecutor.execute(TestCaseExecutor.java:251)
	at com.kms.katalon.core.main.TestCaseMain.runTestCase(TestCaseMain.java:114)
	at com.kms.katalon.core.keyword.builtin.CallTestCaseKeyword$_callTestCase_closure1.doCall(CallTestCaseKeyword.groovy:59)
	at com.kms.katalon.core.keyword.builtin.CallTestCaseKeyword$_callTestCase_closure1.call(CallTestCaseKeyword.groovy)
	at com.kms.katalon.core.keyword.internal.KeywordMain.runKeyword(KeywordMain.groovy:68)
	at com.kms.katalon.core.keyword.builtin.CallTestCaseKeyword.callTestCase(CallTestCaseKeyword.groovy:81)
	at com.kms.katalon.core.keyword.builtin.CallTestCaseKeyword.execute(CallTestCaseKeyword.groovy:44)
	at com.kms.katalon.core.keyword.internal.KeywordExecutor.executeKeywordForPlatform(KeywordExecutor.groovy:73)
	at com.kms.katalon.core.keyword.BuiltinKeywords.callTestCase(BuiltinKeywords.groovy:334)
	at TC - 000 - Swag Labs Master.run(TC - 000 - Swag Labs Master:25)
	at com.kms.katalon.core.main.ScriptEngine.run(ScriptEngine.java:194)
	at com.kms.katalon.core.main.ScriptEngine.runScriptAsRawText(ScriptEngine.java:119)
	at com.kms.katalon.core.main.TestCaseExecutor.runScript(TestCaseExecutor.java:393)
	at com.kms.katalon.core.main.TestCaseExecutor.doExecute(TestCaseExecutor.java:384)
	at com.kms.katalon.core.main.TestCaseExecutor.processExecutionPhase(TestCaseExecutor.java:363)
	at com.kms.katalon.core.main.TestCaseExecutor.accessMainPhase(TestCaseExecutor.java:355)
	at com.kms.katalon.core.main.TestCaseExecutor.execute(TestCaseExecutor.java:251)
	at com.kms.katalon.core.main.TestSuiteExecutor.accessTestCaseMainPhase(TestSuiteExecutor.java:203)
	at com.kms.katalon.core.main.TestSuiteExecutor.accessTestSuiteMainPhase(TestSuiteExecutor.java:152)
	at com.kms.katalon.core.main.TestSuiteExecutor.execute(TestSuiteExecutor.java:95)
	at com.kms.katalon.core.main.TestCaseMain.startTestSuite(TestCaseMain.java:157)
	at com.kms.katalon.core.main.TestCaseMain$startTestSuite$0.call(Unknown Source)
	at TempTestSuite1645006737640.run(TempTestSuite1645006737640.groovy:39)
)

2022-02-16 17:22:05 - [MESSAGE][WARNING] - Timeout '0' is invalid. Using default page load timeout: '30'

2022-02-16 17:22:37 - [MESSAGE][FAILED] - Failed to tap on element 'Object Repository/Checkout/Button - Finish' (Root cause: org.openqa.selenium.InvalidArgumentException: Coordinate [x=21.0, y=1403.0] is outside of element rect: [0,0][720,1369]
Build info: version: '3.141.59', revision: 'e82be7d358', time: '2018-11-14T08:25:53'
System info: host: 'MURI', ip: '192.168.43.147', os.name: 'Windows 10', os.arch: 'amd64', os.version: '10.0', java.version: '1.8.0_181'
Driver info: com.kms.katalon.core.appium.driver.SwipeableAndroidDriver
Capabilities {appActivity: .Settings, appPackage: com.android.settings, autoGrantPermissions: true, automationName: uiautomator2, chromedriverPort: 52933, databaseEnabled: false, desired: {appActivity: .Settings, appPackage: com.android.settings, autoGrantPermissions: true, automationName: uiautomator2, chromedriverPort: 52933, deviceName: Xiaomi Redmi 7 (Android 10), newCommandTimeout: 1800, platform: ANDROID, platformName: android, platformVersion: 10, systemPort: 8277, udid: 4a90dd0d}, deviceApiLevel: 29, deviceManufacturer: Xiaomi, deviceModel: Redmi 7, deviceName: 4a90dd0d, deviceScreenDensity: 320, deviceScreenSize: 720x1520, deviceUDID: 4a90dd0d, javascriptEnabled: true, locationContextEnabled: false, networkConnectionEnabled: true, newCommandTimeout: 1800, pixelRatio: 2, platform: ANDROID, platformName: Android, platformVersion: 10, statBarHeight: 55, systemPort: 8277, takesScreenshot: true, udid: 4a90dd0d, viewportRect: {height: 1314, left: 0, top: 55, width: 720}, warnings: {}, webStorageEnabled: false}
Session ID: f9cc691f-0a85-41d7-bda4-eb13be7f3456
	at org.openqa.selenium.remote.http.W3CHttpResponseCodec.createException(W3CHttpResponseCodec.java:187)
	at org.openqa.selenium.remote.http.W3CHttpResponseCodec.decode(W3CHttpResponseCodec.java:122)
	at org.openqa.selenium.remote.http.W3CHttpResponseCodec.decode(W3CHttpResponseCodec.java:49)
	at org.openqa.selenium.remote.HttpCommandExecutor.execute(HttpCommandExecutor.java:158)
	at io.appium.java_client.remote.AppiumCommandExecutor.execute(AppiumCommandExecutor.java:239)
	at org.openqa.selenium.remote.RemoteWebDriver.execute(RemoteWebDriver.java:552)
	at io.appium.java_client.DefaultGenericMobileDriver.execute(DefaultGenericMobileDriver.java:42)
	at io.appium.java_client.AppiumDriver.execute(AppiumDriver.java:1)
	at io.appium.java_client.android.AndroidDriver.execute(AndroidDriver.java:1)
	at com.kms.katalon.core.appium.driver.SwipeableAndroidDriver.execute(SwipeableAndroidDriver.java:1)
	at io.appium.java_client.PerformsTouchActions.performTouchAction(PerformsTouchActions.java:41)
	at io.appium.java_client.TouchAction.perform(TouchAction.java:187)
	at com.kms.katalon.core.mobile.keyword.builtin.TapKeyword$_tap_closure1.doCall(TapKeyword.groovy:84)
	at com.kms.katalon.core.mobile.keyword.builtin.TapKeyword$_tap_closure1.call(TapKeyword.groovy)
	at com.kms.katalon.core.mobile.keyword.internal.MobileKeywordMain.runKeyword(MobileKeywordMain.groovy:21)
	at com.kms.katalon.core.mobile.keyword.builtin.TapKeyword.tap(TapKeyword.groovy:86)
	at com.kms.katalon.core.mobile.keyword.builtin.TapKeyword.execute(TapKeyword.groovy:68)
	at com.kms.katalon.core.keyword.internal.KeywordExecutor.executeKeywordForPlatform(KeywordExecutor.groovy:73)
	at com.kms.katalon.core.mobile.keyword.MobileBuiltInKeywords.tap(MobileBuiltInKeywords.groovy:1267)
	at com.kms.katalon.core.mobile.keyword.MobileBuiltInKeywords$tap$1.call(Unknown Source)
	at TC - 003 - Checkout.run(TC - 003 - Checkout:29)
	at com.kms.katalon.core.main.ScriptEngine.run(ScriptEngine.java:194)
	at com.kms.katalon.core.main.ScriptEngine.runScriptAsRawText(ScriptEngine.java:119)
	at com.kms.katalon.core.main.TestCaseExecutor.runScript(TestCaseExecutor.java:393)
	at com.kms.katalon.core.main.TestCaseExecutor.doExecute(TestCaseExecutor.java:384)
	at com.kms.katalon.core.main.TestCaseExecutor.processExecutionPhase(TestCaseExecutor.java:363)
	at com.kms.katalon.core.main.TestCaseExecutor.accessMainPhase(TestCaseExecutor.java:355)
	at com.kms.katalon.core.main.TestCaseExecutor.execute(TestCaseExecutor.java:251)
	at com.kms.katalon.core.main.TestCaseMain.runTestCase(TestCaseMain.java:114)
	at com.kms.katalon.core.keyword.builtin.CallTestCaseKeyword$_callTestCase_closure1.doCall(CallTestCaseKeyword.groovy:59)
	at com.kms.katalon.core.keyword.builtin.CallTestCaseKeyword$_callTestCase_closure1.call(CallTestCaseKeyword.groovy)
	at com.kms.katalon.core.keyword.internal.KeywordMain.runKeyword(KeywordMain.groovy:68)
	at com.kms.katalon.core.keyword.builtin.CallTestCaseKeyword.callTestCase(CallTestCaseKeyword.groovy:81)
	at com.kms.katalon.core.keyword.builtin.CallTestCaseKeyword.execute(CallTestCaseKeyword.groovy:44)
	at com.kms.katalon.core.keyword.internal.KeywordExecutor.executeKeywordForPlatform(KeywordExecutor.groovy:73)
	at com.kms.katalon.core.keyword.BuiltinKeywords.callTestCase(BuiltinKeywords.groovy:334)
	at TC - 000 - Swag Labs Master.run(TC - 000 - Swag Labs Master:25)
	at com.kms.katalon.core.main.ScriptEngine.run(ScriptEngine.java:194)
	at com.kms.katalon.core.main.ScriptEngine.runScriptAsRawText(ScriptEngine.java:119)
	at com.kms.katalon.core.main.TestCaseExecutor.runScript(TestCaseExecutor.java:393)
	at com.kms.katalon.core.main.TestCaseExecutor.doExecute(TestCaseExecutor.java:384)
	at com.kms.katalon.core.main.TestCaseExecutor.processExecutionPhase(TestCaseExecutor.java:363)
	at com.kms.katalon.core.main.TestCaseExecutor.accessMainPhase(TestCaseExecutor.java:355)
	at com.kms.katalon.core.main.TestCaseExecutor.execute(TestCaseExecutor.java:251)
	at com.kms.katalon.core.main.TestSuiteExecutor.accessTestCaseMainPhase(TestSuiteExecutor.java:203)
	at com.kms.katalon.core.main.TestSuiteExecutor.accessTestSuiteMainPhase(TestSuiteExecutor.java:152)
	at com.kms.katalon.core.main.TestSuiteExecutor.execute(TestSuiteExecutor.java:95)
	at com.kms.katalon.core.main.TestCaseMain.startTestSuite(TestCaseMain.java:157)
	at com.kms.katalon.core.main.TestCaseMain$startTestSuite$0.call(Unknown Source)
	at TempTestSuite1645006737640.run(TempTestSuite1645006737640.groovy:39)
)
[[ATTACHMENT|C:\\Users\\Lenovo\\Katalon Studio\\Sauce Labs Mobile Test\\Reports\\20220216_171857\\TS - Buy Product\\20220216_171857\\1645006956147.png]]

2022-02-16 17:22:37 - [MESSAGE][FAILED] - Unable to call Test Case 'Test Cases/TC - 003 - Checkout' (Root cause: com.kms.katalon.core.exception.StepFailedException: Call Test Case 'Test Cases/TC - 003 - Checkout' failed
	at com.kms.katalon.core.keyword.builtin.CallTestCaseKeyword$_callTestCase_closure1.doCall(CallTestCaseKeyword.groovy:63)
	at com.kms.katalon.core.keyword.builtin.CallTestCaseKeyword$_callTestCase_closure1.call(CallTestCaseKeyword.groovy)
	at com.kms.katalon.core.keyword.internal.KeywordMain.runKeyword(KeywordMain.groovy:68)
	at com.kms.katalon.core.keyword.builtin.CallTestCaseKeyword.callTestCase(CallTestCaseKeyword.groovy:81)
	at com.kms.katalon.core.keyword.builtin.CallTestCaseKeyword.execute(CallTestCaseKeyword.groovy:44)
	at com.kms.katalon.core.keyword.internal.KeywordExecutor.executeKeywordForPlatform(KeywordExecutor.groovy:73)
	at com.kms.katalon.core.keyword.BuiltinKeywords.callTestCase(BuiltinKeywords.groovy:334)
	at TC - 000 - Swag Labs Master.run(TC - 000 - Swag Labs Master:25)
	at com.kms.katalon.core.main.ScriptEngine.run(ScriptEngine.java:194)
	at com.kms.katalon.core.main.ScriptEngine.runScriptAsRawText(ScriptEngine.java:119)
	at com.kms.katalon.core.main.TestCaseExecutor.runScript(TestCaseExecutor.java:393)
	at com.kms.katalon.core.main.TestCaseExecutor.doExecute(TestCaseExecutor.java:384)
	at com.kms.katalon.core.main.TestCaseExecutor.processExecutionPhase(TestCaseExecutor.java:363)
	at com.kms.katalon.core.main.TestCaseExecutor.accessMainPhase(TestCaseExecutor.java:355)
	at com.kms.katalon.core.main.TestCaseExecutor.execute(TestCaseExecutor.java:251)
	at com.kms.katalon.core.main.TestSuiteExecutor.accessTestCaseMainPhase(TestSuiteExecutor.java:203)
	at com.kms.katalon.core.main.TestSuiteExecutor.accessTestSuiteMainPhase(TestSuiteExecutor.java:152)
	at com.kms.katalon.core.main.TestSuiteExecutor.execute(TestSuiteExecutor.java:95)
	at com.kms.katalon.core.main.TestCaseMain.startTestSuite(TestCaseMain.java:157)
	at com.kms.katalon.core.main.TestCaseMain$startTestSuite$0.call(Unknown Source)
	at TempTestSuite1645006737640.run(TempTestSuite1645006737640.groovy:39)
Caused by: com.kms.katalon.core.exception.StepFailedException: Failed to tap on element 'Object Repository/Checkout/Button - Finish' (Root cause: org.openqa.selenium.InvalidArgumentException: Coordinate [x=21.0, y=1403.0] is outside of element rect: [0,0][720,1369]
Build info: version: '3.141.59', revision: 'e82be7d358', time: '2018-11-14T08:25:53'
System info: host: 'MURI', ip: '192.168.43.147', os.name: 'Windows 10', os.arch: 'amd64', os.version: '10.0', java.version: '1.8.0_181'
Driver info: com.kms.katalon.core.appium.driver.SwipeableAndroidDriver
Capabilities {appActivity: .Settings, appPackage: com.android.settings, autoGrantPermissions: true, automationName: uiautomator2, chromedriverPort: 52933, databaseEnabled: false, desired: {appActivity: .Settings, appPackage: com.android.settings, autoGrantPermissions: true, automationName: uiautomator2, chromedriverPort: 52933, deviceName: Xiaomi Redmi 7 (Android 10), newCommandTimeout: 1800, platform: ANDROID, platformName: android, platformVersion: 10, systemPort: 8277, udid: 4a90dd0d}, deviceApiLevel: 29, deviceManufacturer: Xiaomi, deviceModel: Redmi 7, deviceName: 4a90dd0d, deviceScreenDensity: 320, deviceScreenSize: 720x1520, deviceUDID: 4a90dd0d, javascriptEnabled: true, locationContextEnabled: false, networkConnectionEnabled: true, newCommandTimeout: 1800, pixelRatio: 2, platform: ANDROID, platformName: Android, platformVersion: 10, statBarHeight: 55, systemPort: 8277, takesScreenshot: true, udid: 4a90dd0d, viewportRect: {height: 1314, left: 0, top: 55, width: 720}, warnings: {}, webStorageEnabled: false}
Session ID: f9cc691f-0a85-41d7-bda4-eb13be7f3456
	at org.openqa.selenium.remote.http.W3CHttpResponseCodec.createException(W3CHttpResponseCodec.java:187)
	at org.openqa.selenium.remote.http.W3CHttpResponseCodec.decode(W3CHttpResponseCodec.java:122)
	at org.openqa.selenium.remote.http.W3CHttpResponseCodec.decode(W3CHttpResponseCodec.java:49)
	at org.openqa.selenium.remote.HttpCommandExecutor.execute(HttpCommandExecutor.java:158)
	at io.appium.java_client.remote.AppiumCommandExecutor.execute(AppiumCommandExecutor.java:239)
	at org.openqa.selenium.remote.RemoteWebDriver.execute(RemoteWebDriver.java:552)
	at io.appium.java_client.DefaultGenericMobileDriver.execute(DefaultGenericMobileDriver.java:42)
	at io.appium.java_client.AppiumDriver.execute(AppiumDriver.java:1)
	at io.appium.java_client.android.AndroidDriver.execute(AndroidDriver.java:1)
	at com.kms.katalon.core.appium.driver.SwipeableAndroidDriver.execute(SwipeableAndroidDriver.java:1)
	at io.appium.java_client.PerformsTouchActions.performTouchAction(PerformsTouchActions.java:41)
	at io.appium.java_client.TouchAction.perform(TouchAction.java:187)
	at com.kms.katalon.core.mobile.keyword.builtin.TapKeyword$_tap_closure1.doCall(TapKeyword.groovy:84)
	at com.kms.katalon.core.mobile.keyword.builtin.TapKeyword$_tap_closure1.call(TapKeyword.groovy)
	at com.kms.katalon.core.mobile.keyword.internal.MobileKeywordMain.runKeyword(MobileKeywordMain.groovy:21)
	at com.kms.katalon.core.mobile.keyword.builtin.TapKeyword.tap(TapKeyword.groovy:86)
	at com.kms.katalon.core.mobile.keyword.builtin.TapKeyword.execute(TapKeyword.groovy:68)
	at com.kms.katalon.core.keyword.internal.KeywordExecutor.executeKeywordForPlatform(KeywordExecutor.groovy:73)
	at com.kms.katalon.core.mobile.keyword.MobileBuiltInKeywords.tap(MobileBuiltInKeywords.groovy:1267)
	at com.kms.katalon.core.mobile.keyword.MobileBuiltInKeywords$tap$1.call(Unknown Source)
	at TC - 003 - Checkout.run(TC - 003 - Checkout:29)
	at com.kms.katalon.core.main.ScriptEngine.run(ScriptEngine.java:194)
	at com.kms.katalon.core.main.ScriptEngine.runScriptAsRawText(ScriptEngine.java:119)
	at com.kms.katalon.core.main.TestCaseExecutor.runScript(TestCaseExecutor.java:393)
	at com.kms.katalon.core.main.TestCaseExecutor.doExecute(TestCaseExecutor.java:384)
	at com.kms.katalon.core.main.TestCaseExecutor.processExecutionPhase(TestCaseExecutor.java:363)
	at com.kms.katalon.core.main.TestCaseExecutor.accessMainPhase(TestCaseExecutor.java:355)
	at com.kms.katalon.core.main.TestCaseExecutor.execute(TestCaseExecutor.java:251)
	at com.kms.katalon.core.main.TestCaseMain.runTestCase(TestCaseMain.java:114)
	at com.kms.katalon.core.keyword.builtin.CallTestCaseKeyword$_callTestCase_closure1.doCall(CallTestCaseKeyword.groovy:59)
	at com.kms.katalon.core.keyword.builtin.CallTestCaseKeyword$_callTestCase_closure1.call(CallTestCaseKeyword.groovy)
	at com.kms.katalon.core.keyword.internal.KeywordMain.runKeyword(KeywordMain.groovy:68)
	at com.kms.katalon.core.keyword.builtin.CallTestCaseKeyword.callTestCase(CallTestCaseKeyword.groovy:81)
	at com.kms.katalon.core.keyword.builtin.CallTestCaseKeyword.execute(CallTestCaseKeyword.groovy:44)
	at com.kms.katalon.core.keyword.internal.KeywordExecutor.executeKeywordForPlatform(KeywordExecutor.groovy:73)
	at com.kms.katalon.core.keyword.BuiltinKeywords.callTestCase(BuiltinKeywords.groovy:334)
	at TC - 000 - Swag Labs Master.run(TC - 000 - Swag Labs Master:25)
	at com.kms.katalon.core.main.ScriptEngine.run(ScriptEngine.java:194)
	at com.kms.katalon.core.main.ScriptEngine.runScriptAsRawText(ScriptEngine.java:119)
	at com.kms.katalon.core.main.TestCaseExecutor.runScript(TestCaseExecutor.java:393)
	at com.kms.katalon.core.main.TestCaseExecutor.doExecute(TestCaseExecutor.java:384)
	at com.kms.katalon.core.main.TestCaseExecutor.processExecutionPhase(TestCaseExecutor.java:363)
	at com.kms.katalon.core.main.TestCaseExecutor.accessMainPhase(TestCaseExecutor.java:355)
	at com.kms.katalon.core.main.TestCaseExecutor.execute(TestCaseExecutor.java:251)
	at com.kms.katalon.core.main.TestSuiteExecutor.accessTestCaseMainPhase(TestSuiteExecutor.java:203)
	at com.kms.katalon.core.main.TestSuiteExecutor.accessTestSuiteMainPhase(TestSuiteExecutor.java:152)
	at com.kms.katalon.core.main.TestSuiteExecutor.execute(TestSuiteExecutor.java:95)
	at com.kms.katalon.core.main.TestCaseMain.startTestSuite(TestCaseMain.java:157)
	at com.kms.katalon.core.main.TestCaseMain$startTestSuite$0.call(Unknown Source)
	at TempTestSuite1645006737640.run(TempTestSuite1645006737640.groovy:39)
)
	at com.kms.katalon.core.keyword.internal.KeywordMain.stepFailed(KeywordMain.groovy:50)
	at com.kms.katalon.core.mobile.keyword.internal.MobileKeywordMain.stepFailed(MobileKeywordMain.groovy:40)
	at com.kms.katalon.core.mobile.keyword.internal.MobileKeywordMain.runKeyword(MobileKeywordMain.groovy:23)
	at com.kms.katalon.core.mobile.keyword.builtin.TapKeyword.tap(TapKeyword.groovy:86)
	at com.kms.katalon.core.mobile.keyword.builtin.TapKeyword.execute(TapKeyword.groovy:68)
	at com.kms.katalon.core.keyword.internal.KeywordExecutor.executeKeywordForPlatform(KeywordExecutor.groovy:73)
	at com.kms.katalon.core.mobile.keyword.MobileBuiltInKeywords.tap(MobileBuiltInKeywords.groovy:1267)
	at com.kms.katalon.core.mobile.keyword.MobileBuiltInKeywords$tap$1.call(Unknown Source)
	at TC - 003 - Checkout.run(TC - 003 - Checkout:29)
	at com.kms.katalon.core.main.ScriptEngine.run(ScriptEngine.java:194)
	at com.kms.katalon.core.main.ScriptEngine.runScriptAsRawText(ScriptEngine.java:119)
	at com.kms.katalon.core.main.TestCaseExecutor.runScript(TestCaseExecutor.java:393)
	at com.kms.katalon.core.main.TestCaseExecutor.doExecute(TestCaseExecutor.java:384)
	at com.kms.katalon.core.main.TestCaseExecutor.processExecutionPhase(TestCaseExecutor.java:363)
	at com.kms.katalon.core.main.TestCaseExecutor.accessMainPhase(TestCaseExecutor.java:355)
	at com.kms.katalon.core.main.TestCaseExecutor.execute(TestCaseExecutor.java:251)
	at com.kms.katalon.core.main.TestCaseMain.runTestCase(TestCaseMain.java:114)
	at com.kms.katalon.core.keyword.builtin.CallTestCaseKeyword$_callTestCase_closure1.doCall(CallTestCaseKeyword.groovy:59)
	... 20 more
Caused by: org.openqa.selenium.InvalidArgumentException: Coordinate [x=21.0, y=1403.0] is outside of element rect: [0,0][720,1369]
Build info: version: '3.141.59', revision: 'e82be7d358', time: '2018-11-14T08:25:53'
System info: host: 'MURI', ip: '192.168.43.147', os.name: 'Windows 10', os.arch: 'amd64', os.version: '10.0', java.version: '1.8.0_181'
Driver info: com.kms.katalon.core.appium.driver.SwipeableAndroidDriver
Capabilities {appActivity: .Settings, appPackage: com.android.settings, autoGrantPermissions: true, automationName: uiautomator2, chromedriverPort: 52933, databaseEnabled: false, desired: {appActivity: .Settings, appPackage: com.android.settings, autoGrantPermissions: true, automationName: uiautomator2, chromedriverPort: 52933, deviceName: Xiaomi Redmi 7 (Android 10), newCommandTimeout: 1800, platform: ANDROID, platformName: android, platformVersion: 10, systemPort: 8277, udid: 4a90dd0d}, deviceApiLevel: 29, deviceManufacturer: Xiaomi, deviceModel: Redmi 7, deviceName: 4a90dd0d, deviceScreenDensity: 320, deviceScreenSize: 720x1520, deviceUDID: 4a90dd0d, javascriptEnabled: true, locationContextEnabled: false, networkConnectionEnabled: true, newCommandTimeout: 1800, pixelRatio: 2, platform: ANDROID, platformName: Android, platformVersion: 10, statBarHeight: 55, systemPort: 8277, takesScreenshot: true, udid: 4a90dd0d, viewportRect: {height: 1314, left: 0, top: 55, width: 720}, warnings: {}, webStorageEnabled: false}
Session ID: f9cc691f-0a85-41d7-bda4-eb13be7f3456
	at org.openqa.selenium.remote.http.W3CHttpResponseCodec.createException(W3CHttpResponseCodec.java:187)
	at org.openqa.selenium.remote.http.W3CHttpResponseCodec.decode(W3CHttpResponseCodec.java:122)
	at org.openqa.selenium.remote.http.W3CHttpResponseCodec.decode(W3CHttpResponseCodec.java:49)
	at org.openqa.selenium.remote.HttpCommandExecutor.execute(HttpCommandExecutor.java:158)
	at io.appium.java_client.remote.AppiumCommandExecutor.execute(AppiumCommandExecutor.java:239)
	at org.openqa.selenium.remote.RemoteWebDriver.execute(RemoteWebDriver.java:552)
	at io.appium.java_client.DefaultGenericMobileDriver.execute(DefaultGenericMobileDriver.java:42)
	at io.appium.java_client.AppiumDriver.execute(AppiumDriver.java:1)
	at io.appium.java_client.android.AndroidDriver.execute(AndroidDriver.java:1)
	at com.kms.katalon.core.appium.driver.SwipeableAndroidDriver.execute(SwipeableAndroidDriver.java:1)
	at io.appium.java_client.PerformsTouchActions.performTouchAction(PerformsTouchActions.java:41)
	at io.appium.java_client.TouchAction.perform(TouchAction.java:187)
	at com.kms.katalon.core.mobile.keyword.builtin.TapKeyword$_tap_closure1.doCall(TapKeyword.groovy:84)
	at com.kms.katalon.core.mobile.keyword.builtin.TapKeyword$_tap_closure1.call(TapKeyword.groovy)
	at com.kms.katalon.core.mobile.keyword.internal.MobileKeywordMain.runKeyword(MobileKeywordMain.groovy:21)
	... 35 more
)]]></system-out>
         <system-err><![CDATA[2022-02-16 17:20:37 - [TEST_CASE][FAILED] - Test Cases/TC - 000 - Swag Labs Master: Test Cases/TC - 000 - Swag Labs Master FAILED.
Reason:
com.kms.katalon.core.exception.StepFailedException: Call Test Case 'Test Cases/TC - 003 - Checkout' failed
	at com.kms.katalon.core.keyword.builtin.CallTestCaseKeyword$_callTestCase_closure1.doCall(CallTestCaseKeyword.groovy:63)
	at com.kms.katalon.core.keyword.builtin.CallTestCaseKeyword$_callTestCase_closure1.call(CallTestCaseKeyword.groovy)
	at com.kms.katalon.core.keyword.internal.KeywordMain.runKeyword(KeywordMain.groovy:68)
	at com.kms.katalon.core.keyword.builtin.CallTestCaseKeyword.callTestCase(CallTestCaseKeyword.groovy:81)
	at com.kms.katalon.core.keyword.builtin.CallTestCaseKeyword.execute(CallTestCaseKeyword.groovy:44)
	at com.kms.katalon.core.keyword.internal.KeywordExecutor.executeKeywordForPlatform(KeywordExecutor.groovy:73)
	at com.kms.katalon.core.keyword.BuiltinKeywords.callTestCase(BuiltinKeywords.groovy:334)
	at TC - 000 - Swag Labs Master.run(TC - 000 - Swag Labs Master:25)
	at com.kms.katalon.core.main.ScriptEngine.run(ScriptEngine.java:194)
	at com.kms.katalon.core.main.ScriptEngine.runScriptAsRawText(ScriptEngine.java:119)
	at com.kms.katalon.core.main.TestCaseExecutor.runScript(TestCaseExecutor.java:393)
	at com.kms.katalon.core.main.TestCaseExecutor.doExecute(TestCaseExecutor.java:384)
	at com.kms.katalon.core.main.TestCaseExecutor.processExecutionPhase(TestCaseExecutor.java:363)
	at com.kms.katalon.core.main.TestCaseExecutor.accessMainPhase(TestCaseExecutor.java:355)
	at com.kms.katalon.core.main.TestCaseExecutor.execute(TestCaseExecutor.java:251)
	at com.kms.katalon.core.main.TestSuiteExecutor.accessTestCaseMainPhase(TestSuiteExecutor.java:203)
	at com.kms.katalon.core.main.TestSuiteExecutor.accessTestSuiteMainPhase(TestSuiteExecutor.java:152)
	at com.kms.katalon.core.main.TestSuiteExecutor.execute(TestSuiteExecutor.java:95)
	at com.kms.katalon.core.main.TestCaseMain.startTestSuite(TestCaseMain.java:157)
	at com.kms.katalon.core.main.TestCaseMain$startTestSuite$0.call(Unknown Source)
	at TempTestSuite1645006737640.run(TempTestSuite1645006737640.groovy:39)
Caused by: com.kms.katalon.core.exception.StepFailedException: Failed to tap on element 'Object Repository/Checkout/Button - Finish' (Root cause: org.openqa.selenium.InvalidArgumentException: Coordinate [x=21.0, y=1403.0] is outside of element rect: [0,0][720,1369]
Build info: version: '3.141.59', revision: 'e82be7d358', time: '2018-11-14T08:25:53'
System info: host: 'MURI', ip: '192.168.43.147', os.name: 'Windows 10', os.arch: 'amd64', os.version: '10.0', java.version: '1.8.0_181'
Driver info: com.kms.katalon.core.appium.driver.SwipeableAndroidDriver
Capabilities {appActivity: .Settings, appPackage: com.android.settings, autoGrantPermissions: true, automationName: uiautomator2, chromedriverPort: 52933, databaseEnabled: false, desired: {appActivity: .Settings, appPackage: com.android.settings, autoGrantPermissions: true, automationName: uiautomator2, chromedriverPort: 52933, deviceName: Xiaomi Redmi 7 (Android 10), newCommandTimeout: 1800, platform: ANDROID, platformName: android, platformVersion: 10, systemPort: 8277, udid: 4a90dd0d}, deviceApiLevel: 29, deviceManufacturer: Xiaomi, deviceModel: Redmi 7, deviceName: 4a90dd0d, deviceScreenDensity: 320, deviceScreenSize: 720x1520, deviceUDID: 4a90dd0d, javascriptEnabled: true, locationContextEnabled: false, networkConnectionEnabled: true, newCommandTimeout: 1800, pixelRatio: 2, platform: ANDROID, platformName: Android, platformVersion: 10, statBarHeight: 55, systemPort: 8277, takesScreenshot: true, udid: 4a90dd0d, viewportRect: {height: 1314, left: 0, top: 55, width: 720}, warnings: {}, webStorageEnabled: false}
Session ID: f9cc691f-0a85-41d7-bda4-eb13be7f3456
	at org.openqa.selenium.remote.http.W3CHttpResponseCodec.createException(W3CHttpResponseCodec.java:187)
	at org.openqa.selenium.remote.http.W3CHttpResponseCodec.decode(W3CHttpResponseCodec.java:122)
	at org.openqa.selenium.remote.http.W3CHttpResponseCodec.decode(W3CHttpResponseCodec.java:49)
	at org.openqa.selenium.remote.HttpCommandExecutor.execute(HttpCommandExecutor.java:158)
	at io.appium.java_client.remote.AppiumCommandExecutor.execute(AppiumCommandExecutor.java:239)
	at org.openqa.selenium.remote.RemoteWebDriver.execute(RemoteWebDriver.java:552)
	at io.appium.java_client.DefaultGenericMobileDriver.execute(DefaultGenericMobileDriver.java:42)
	at io.appium.java_client.AppiumDriver.execute(AppiumDriver.java:1)
	at io.appium.java_client.android.AndroidDriver.execute(AndroidDriver.java:1)
	at com.kms.katalon.core.appium.driver.SwipeableAndroidDriver.execute(SwipeableAndroidDriver.java:1)
	at io.appium.java_client.PerformsTouchActions.performTouchAction(PerformsTouchActions.java:41)
	at io.appium.java_client.TouchAction.perform(TouchAction.java:187)
	at com.kms.katalon.core.mobile.keyword.builtin.TapKeyword$_tap_closure1.doCall(TapKeyword.groovy:84)
	at com.kms.katalon.core.mobile.keyword.builtin.TapKeyword$_tap_closure1.call(TapKeyword.groovy)
	at com.kms.katalon.core.mobile.keyword.internal.MobileKeywordMain.runKeyword(MobileKeywordMain.groovy:21)
	at com.kms.katalon.core.mobile.keyword.builtin.TapKeyword.tap(TapKeyword.groovy:86)
	at com.kms.katalon.core.mobile.keyword.builtin.TapKeyword.execute(TapKeyword.groovy:68)
	at com.kms.katalon.core.keyword.internal.KeywordExecutor.executeKeywordForPlatform(KeywordExecutor.groovy:73)
	at com.kms.katalon.core.mobile.keyword.MobileBuiltInKeywords.tap(MobileBuiltInKeywords.groovy:1267)
	at com.kms.katalon.core.mobile.keyword.MobileBuiltInKeywords$tap$1.call(Unknown Source)
	at TC - 003 - Checkout.run(TC - 003 - Checkout:29)
	at com.kms.katalon.core.main.ScriptEngine.run(ScriptEngine.java:194)
	at com.kms.katalon.core.main.ScriptEngine.runScriptAsRawText(ScriptEngine.java:119)
	at com.kms.katalon.core.main.TestCaseExecutor.runScript(TestCaseExecutor.java:393)
	at com.kms.katalon.core.main.TestCaseExecutor.doExecute(TestCaseExecutor.java:384)
	at com.kms.katalon.core.main.TestCaseExecutor.processExecutionPhase(TestCaseExecutor.java:363)
	at com.kms.katalon.core.main.TestCaseExecutor.accessMainPhase(TestCaseExecutor.java:355)
	at com.kms.katalon.core.main.TestCaseExecutor.execute(TestCaseExecutor.java:251)
	at com.kms.katalon.core.main.TestCaseMain.runTestCase(TestCaseMain.java:114)
	at com.kms.katalon.core.keyword.builtin.CallTestCaseKeyword$_callTestCase_closure1.doCall(CallTestCaseKeyword.groovy:59)
	at com.kms.katalon.core.keyword.builtin.CallTestCaseKeyword$_callTestCase_closure1.call(CallTestCaseKeyword.groovy)
	at com.kms.katalon.core.keyword.internal.KeywordMain.runKeyword(KeywordMain.groovy:68)
	at com.kms.katalon.core.keyword.builtin.CallTestCaseKeyword.callTestCase(CallTestCaseKeyword.groovy:81)
	at com.kms.katalon.core.keyword.builtin.CallTestCaseKeyword.execute(CallTestCaseKeyword.groovy:44)
	at com.kms.katalon.core.keyword.internal.KeywordExecutor.executeKeywordForPlatform(KeywordExecutor.groovy:73)
	at com.kms.katalon.core.keyword.BuiltinKeywords.callTestCase(BuiltinKeywords.groovy:334)
	at TC - 000 - Swag Labs Master.run(TC - 000 - Swag Labs Master:25)
	at com.kms.katalon.core.main.ScriptEngine.run(ScriptEngine.java:194)
	at com.kms.katalon.core.main.ScriptEngine.runScriptAsRawText(ScriptEngine.java:119)
	at com.kms.katalon.core.main.TestCaseExecutor.runScript(TestCaseExecutor.java:393)
	at com.kms.katalon.core.main.TestCaseExecutor.doExecute(TestCaseExecutor.java:384)
	at com.kms.katalon.core.main.TestCaseExecutor.processExecutionPhase(TestCaseExecutor.java:363)
	at com.kms.katalon.core.main.TestCaseExecutor.accessMainPhase(TestCaseExecutor.java:355)
	at com.kms.katalon.core.main.TestCaseExecutor.execute(TestCaseExecutor.java:251)
	at com.kms.katalon.core.main.TestSuiteExecutor.accessTestCaseMainPhase(TestSuiteExecutor.java:203)
	at com.kms.katalon.core.main.TestSuiteExecutor.accessTestSuiteMainPhase(TestSuiteExecutor.java:152)
	at com.kms.katalon.core.main.TestSuiteExecutor.execute(TestSuiteExecutor.java:95)
	at com.kms.katalon.core.main.TestCaseMain.startTestSuite(TestCaseMain.java:157)
	at com.kms.katalon.core.main.TestCaseMain$startTestSuite$0.call(Unknown Source)
	at TempTestSuite1645006737640.run(TempTestSuite1645006737640.groovy:39)
)
	at com.kms.katalon.core.keyword.internal.KeywordMain.stepFailed(KeywordMain.groovy:50)
	at com.kms.katalon.core.mobile.keyword.internal.MobileKeywordMain.stepFailed(MobileKeywordMain.groovy:40)
	at com.kms.katalon.core.mobile.keyword.internal.MobileKeywordMain.runKeyword(MobileKeywordMain.groovy:23)
	at com.kms.katalon.core.mobile.keyword.builtin.TapKeyword.tap(TapKeyword.groovy:86)
	at com.kms.katalon.core.mobile.keyword.builtin.TapKeyword.execute(TapKeyword.groovy:68)
	at com.kms.katalon.core.keyword.internal.KeywordExecutor.executeKeywordForPlatform(KeywordExecutor.groovy:73)
	at com.kms.katalon.core.mobile.keyword.MobileBuiltInKeywords.tap(MobileBuiltInKeywords.groovy:1267)
	at com.kms.katalon.core.mobile.keyword.MobileBuiltInKeywords$tap$1.call(Unknown Source)
	at TC - 003 - Checkout.run(TC - 003 - Checkout:29)
	at com.kms.katalon.core.main.ScriptEngine.run(ScriptEngine.java:194)
	at com.kms.katalon.core.main.ScriptEngine.runScriptAsRawText(ScriptEngine.java:119)
	at com.kms.katalon.core.main.TestCaseExecutor.runScript(TestCaseExecutor.java:393)
	at com.kms.katalon.core.main.TestCaseExecutor.doExecute(TestCaseExecutor.java:384)
	at com.kms.katalon.core.main.TestCaseExecutor.processExecutionPhase(TestCaseExecutor.java:363)
	at com.kms.katalon.core.main.TestCaseExecutor.accessMainPhase(TestCaseExecutor.java:355)
	at com.kms.katalon.core.main.TestCaseExecutor.execute(TestCaseExecutor.java:251)
	at com.kms.katalon.core.main.TestCaseMain.runTestCase(TestCaseMain.java:114)
	at com.kms.katalon.core.keyword.builtin.CallTestCaseKeyword$_callTestCase_closure1.doCall(CallTestCaseKeyword.groovy:59)
	... 20 more
Caused by: org.openqa.selenium.InvalidArgumentException: Coordinate [x=21.0, y=1403.0] is outside of element rect: [0,0][720,1369]
Build info: version: '3.141.59', revision: 'e82be7d358', time: '2018-11-14T08:25:53'
System info: host: 'MURI', ip: '192.168.43.147', os.name: 'Windows 10', os.arch: 'amd64', os.version: '10.0', java.version: '1.8.0_181'
Driver info: com.kms.katalon.core.appium.driver.SwipeableAndroidDriver
Capabilities {appActivity: .Settings, appPackage: com.android.settings, autoGrantPermissions: true, automationName: uiautomator2, chromedriverPort: 52933, databaseEnabled: false, desired: {appActivity: .Settings, appPackage: com.android.settings, autoGrantPermissions: true, automationName: uiautomator2, chromedriverPort: 52933, deviceName: Xiaomi Redmi 7 (Android 10), newCommandTimeout: 1800, platform: ANDROID, platformName: android, platformVersion: 10, systemPort: 8277, udid: 4a90dd0d}, deviceApiLevel: 29, deviceManufacturer: Xiaomi, deviceModel: Redmi 7, deviceName: 4a90dd0d, deviceScreenDensity: 320, deviceScreenSize: 720x1520, deviceUDID: 4a90dd0d, javascriptEnabled: true, locationContextEnabled: false, networkConnectionEnabled: true, newCommandTimeout: 1800, pixelRatio: 2, platform: ANDROID, platformName: Android, platformVersion: 10, statBarHeight: 55, systemPort: 8277, takesScreenshot: true, udid: 4a90dd0d, viewportRect: {height: 1314, left: 0, top: 55, width: 720}, warnings: {}, webStorageEnabled: false}
Session ID: f9cc691f-0a85-41d7-bda4-eb13be7f3456
	at org.openqa.selenium.remote.http.W3CHttpResponseCodec.createException(W3CHttpResponseCodec.java:187)
	at org.openqa.selenium.remote.http.W3CHttpResponseCodec.decode(W3CHttpResponseCodec.java:122)
	at org.openqa.selenium.remote.http.W3CHttpResponseCodec.decode(W3CHttpResponseCodec.java:49)
	at org.openqa.selenium.remote.HttpCommandExecutor.execute(HttpCommandExecutor.java:158)
	at io.appium.java_client.remote.AppiumCommandExecutor.execute(AppiumCommandExecutor.java:239)
	at org.openqa.selenium.remote.RemoteWebDriver.execute(RemoteWebDriver.java:552)
	at io.appium.java_client.DefaultGenericMobileDriver.execute(DefaultGenericMobileDriver.java:42)
	at io.appium.java_client.AppiumDriver.execute(AppiumDriver.java:1)
	at io.appium.java_client.android.AndroidDriver.execute(AndroidDriver.java:1)
	at com.kms.katalon.core.appium.driver.SwipeableAndroidDriver.execute(SwipeableAndroidDriver.java:1)
	at io.appium.java_client.PerformsTouchActions.performTouchAction(PerformsTouchActions.java:41)
	at io.appium.java_client.TouchAction.perform(TouchAction.java:187)
	at com.kms.katalon.core.mobile.keyword.builtin.TapKeyword$_tap_closure1.doCall(TapKeyword.groovy:84)
	at com.kms.katalon.core.mobile.keyword.builtin.TapKeyword$_tap_closure1.call(TapKeyword.groovy)
	at com.kms.katalon.core.mobile.keyword.internal.MobileKeywordMain.runKeyword(MobileKeywordMain.groovy:21)
	... 35 more]]></system-err>
      </testcase>
      <testcase name="Test Cases/TC - 000 - Swag Labs Master" time="120.389" classname="Test Cases/TC - 000 - Swag Labs Master" status="PASSED">
         <system-out><![CDATA[2022-02-16 17:22:37 - [TEST_CASE][PASSED] - Test Cases/TC - 000 - Swag Labs Master: Test Cases/TC - 000 - Swag Labs Master

2022-02-16 17:22:37 - [TEST_STEP][PASSED] - callTestCase(findTestCase("TC - 001 - Login"), [:], STOP_ON_FAILURE): Call Test Case 'Test Cases/TC - 001 - Login' successfully

2022-02-16 17:22:37 - [TEST_CASE][PASSED] - Test Cases/TC - 001 - Login: Test Cases/TC - 001 - Login

2022-02-16 17:22:37 - [TEST_STEP][PASSED] - startExistingApplication("com.swaglabsmobileapp"): Starting app with application ID: 'com.swaglabsmobileapp'

2022-02-16 17:22:51 - [MESSAGE][INFO] - Failed to get Android statusbar's information.

2022-02-16 17:22:51 - [MESSAGE][PASSED] - Starting app with application ID: 'com.swaglabsmobileapp'

2022-02-16 17:22:51 - [TEST_STEP][PASSED] - setText(findTestObject("Object Repository/Login/EditText - Username"), "standard_user", 0): Text 'standard_user' has been set to element 'Object Repository/Login/EditText - Username'

2022-02-16 17:22:52 - [MESSAGE][WARNING] - Timeout '0' is invalid. Using default page load timeout: '30'

2022-02-16 17:22:57 - [MESSAGE][PASSED] - Text 'standard_user' has been set to element 'Object Repository/Login/EditText - Username'

2022-02-16 17:22:57 - [TEST_STEP][PASSED] - setText(findTestObject("Object Repository/Login/EditText - Password"), "secret_sauce", 0): Text 'secret_sauce' has been set to element 'Object Repository/Login/EditText - Password'

2022-02-16 17:22:57 - [MESSAGE][WARNING] - Timeout '0' is invalid. Using default page load timeout: '30'

2022-02-16 17:22:58 - [MESSAGE][PASSED] - Text 'secret_sauce' has been set to element 'Object Repository/Login/EditText - Password'

2022-02-16 17:22:58 - [TEST_STEP][PASSED] - tap(findTestObject("Object Repository/Login/Button - Login"), 0): Tapped on element 'Object Repository/Login/Button - Login'

2022-02-16 17:22:59 - [MESSAGE][WARNING] - Timeout '0' is invalid. Using default page load timeout: '30'

2022-02-16 17:22:59 - [MESSAGE][PASSED] - Tapped on element 'Object Repository/Login/Button - Login'

2022-02-16 17:22:59 - [MESSAGE][PASSED] - Call Test Case 'Test Cases/TC - 001 - Login' successfully

2022-02-16 17:22:59 - [TEST_STEP][PASSED] - delay(2, STOP_ON_FAILURE): Delayed 2 second(s)

2022-02-16 17:23:01 - [MESSAGE][PASSED] - Delayed 2 second(s)

2022-02-16 17:23:01 - [TEST_STEP][PASSED] - callTestCase(findTestCase("TC - 002 - Products"), ["Total":Total, "Item0":Item0, "Item1":Item1, "Item2":Item2, "Item3":Item3, "Item4":Item4, "Item5":Item5], STOP_ON_FAILURE): Call Test Case 'Test Cases/TC - 002 - Products' successfully

2022-02-16 17:23:02 - [TEST_CASE][PASSED] - Test Cases/TC - 002 - Products: Test Cases/TC - 002 - Products

2022-02-16 17:23:02 - [TEST_STEP][PASSED] - for ([i = 0, i < Total, (i++)]): Tapped on element 'Object Repository/Product/Button - Back To Products'

2022-02-16 17:23:02 - [TEST_STEP][PASSED] - if (i == 0): Tapped on element 'Object Repository/Product/TextView - Sauce Labs Backpack'

2022-02-16 17:23:02 - [TEST_STEP][PASSED] - scrollToText(Item0, STOP_ON_FAILURE): Scrolling to text 'Backpack' successfully

2022-02-16 17:23:03 - [MESSAGE][PASSED] - Scrolling to text 'Backpack' successfully

2022-02-16 17:23:03 - [TEST_STEP][PASSED] - tap(findTestObject("Product/TextView - Sauce Labs Backpack", ["text":Item0]), 0): Tapped on element 'Object Repository/Product/TextView - Sauce Labs Backpack'

2022-02-16 17:23:03 - [MESSAGE][WARNING] - Timeout '0' is invalid. Using default page load timeout: '30'

2022-02-16 17:23:04 - [MESSAGE][PASSED] - Tapped on element 'Object Repository/Product/TextView - Sauce Labs Backpack'

2022-02-16 17:23:04 - [TEST_STEP][PASSED] - scrollToText("ADD TO CART", STOP_ON_FAILURE): Scrolling to text 'ADD TO CART' successfully

2022-02-16 17:23:10 - [MESSAGE][PASSED] - Scrolling to text 'ADD TO CART' successfully

2022-02-16 17:23:10 - [TEST_STEP][PASSED] - tap(findTestObject("Product/Add To Cart - Detail Item"), 0): Tapped on element 'Object Repository/Product/Add To Cart - Detail Item'

2022-02-16 17:23:10 - [MESSAGE][WARNING] - Timeout '0' is invalid. Using default page load timeout: '30'

2022-02-16 17:23:11 - [MESSAGE][PASSED] - Tapped on element 'Object Repository/Product/Add To Cart - Detail Item'

2022-02-16 17:23:11 - [TEST_STEP][PASSED] - tap(findTestObject("Product/Button - Back To Products"), 0): Tapped on element 'Object Repository/Product/Button - Back To Products'

2022-02-16 17:23:11 - [MESSAGE][WARNING] - Timeout '0' is invalid. Using default page load timeout: '30'

2022-02-16 17:23:12 - [MESSAGE][PASSED] - Tapped on element 'Object Repository/Product/Button - Back To Products'

2022-02-16 17:23:12 - [TEST_STEP][PASSED] - if (i == 0): null

2022-02-16 17:23:12 - [TEST_STEP][PASSED] - else if (i == 1): Tapped on element 'Object Repository/Product/TextView - Sauce Labs Backpack'

2022-02-16 17:23:12 - [TEST_STEP][PASSED] - scrollToText(Item1, STOP_ON_FAILURE): Scrolling to text 'Jacket' successfully

2022-02-16 17:23:17 - [MESSAGE][PASSED] - Scrolling to text 'Jacket' successfully

2022-02-16 17:23:17 - [TEST_STEP][PASSED] - tap(findTestObject("Product/TextView - Sauce Labs Backpack", ["text":Item1]), 0): Tapped on element 'Object Repository/Product/TextView - Sauce Labs Backpack'

2022-02-16 17:23:17 - [MESSAGE][WARNING] - Timeout '0' is invalid. Using default page load timeout: '30'

2022-02-16 17:23:18 - [MESSAGE][PASSED] - Tapped on element 'Object Repository/Product/TextView - Sauce Labs Backpack'

2022-02-16 17:23:18 - [TEST_STEP][PASSED] - scrollToText("ADD TO CART", STOP_ON_FAILURE): Scrolling to text 'ADD TO CART' successfully

2022-02-16 17:23:23 - [MESSAGE][PASSED] - Scrolling to text 'ADD TO CART' successfully

2022-02-16 17:23:23 - [TEST_STEP][PASSED] - tap(findTestObject("Product/Add To Cart - Detail Item"), 0): Tapped on element 'Object Repository/Product/Add To Cart - Detail Item'

2022-02-16 17:23:23 - [MESSAGE][WARNING] - Timeout '0' is invalid. Using default page load timeout: '30'

2022-02-16 17:23:23 - [MESSAGE][PASSED] - Tapped on element 'Object Repository/Product/Add To Cart - Detail Item'

2022-02-16 17:23:23 - [TEST_STEP][PASSED] - tap(findTestObject("Product/Button - Back To Products"), 0): Tapped on element 'Object Repository/Product/Button - Back To Products'

2022-02-16 17:23:23 - [MESSAGE][WARNING] - Timeout '0' is invalid. Using default page load timeout: '30'

2022-02-16 17:23:24 - [MESSAGE][PASSED] - Tapped on element 'Object Repository/Product/Button - Back To Products'

2022-02-16 17:23:24 - [TEST_STEP][PASSED] - if (i == 0): null

2022-02-16 17:23:24 - [TEST_STEP][PASSED] - else if (i == 1): null

2022-02-16 17:23:24 - [TEST_STEP][PASSED] - else if (i == 2): Tapped on element 'Object Repository/Product/TextView - Sauce Labs Backpack'

2022-02-16 17:23:24 - [TEST_STEP][PASSED] - scrollToText(Item2, STOP_ON_FAILURE): Scrolling to text 'Light' successfully

2022-02-16 17:23:29 - [MESSAGE][PASSED] - Scrolling to text 'Light' successfully

2022-02-16 17:23:29 - [TEST_STEP][PASSED] - tap(findTestObject("Product/TextView - Sauce Labs Backpack", ["text":Item2]), 0): Tapped on element 'Object Repository/Product/TextView - Sauce Labs Backpack'

2022-02-16 17:23:29 - [MESSAGE][WARNING] - Timeout '0' is invalid. Using default page load timeout: '30'

2022-02-16 17:23:29 - [MESSAGE][PASSED] - Tapped on element 'Object Repository/Product/TextView - Sauce Labs Backpack'

2022-02-16 17:23:29 - [TEST_STEP][PASSED] - scrollToText("ADD TO CART", STOP_ON_FAILURE): Scrolling to text 'ADD TO CART' successfully

2022-02-16 17:23:34 - [MESSAGE][PASSED] - Scrolling to text 'ADD TO CART' successfully

2022-02-16 17:23:34 - [TEST_STEP][PASSED] - tap(findTestObject("Product/Add To Cart - Detail Item"), 0): Tapped on element 'Object Repository/Product/Add To Cart - Detail Item'

2022-02-16 17:23:34 - [MESSAGE][WARNING] - Timeout '0' is invalid. Using default page load timeout: '30'

2022-02-16 17:23:35 - [MESSAGE][PASSED] - Tapped on element 'Object Repository/Product/Add To Cart - Detail Item'

2022-02-16 17:23:35 - [TEST_STEP][PASSED] - tap(findTestObject("Product/Button - Back To Products"), 0): Tapped on element 'Object Repository/Product/Button - Back To Products'

2022-02-16 17:23:35 - [MESSAGE][WARNING] - Timeout '0' is invalid. Using default page load timeout: '30'

2022-02-16 17:23:36 - [MESSAGE][PASSED] - Tapped on element 'Object Repository/Product/Button - Back To Products'

2022-02-16 17:23:36 - [TEST_STEP][PASSED] - if (i == 0): null

2022-02-16 17:23:36 - [TEST_STEP][PASSED] - else if (i == 1): null

2022-02-16 17:23:36 - [TEST_STEP][PASSED] - else if (i == 2): null

2022-02-16 17:23:36 - [TEST_STEP][PASSED] - else if (i == 3): Tapped on element 'Object Repository/Product/TextView - Sauce Labs Backpack'

2022-02-16 17:23:36 - [TEST_STEP][PASSED] - scrollToText(Item3, STOP_ON_FAILURE): Scrolling to text 'Bolt' successfully

2022-02-16 17:23:41 - [MESSAGE][PASSED] - Scrolling to text 'Bolt' successfully

2022-02-16 17:23:41 - [TEST_STEP][PASSED] - tap(findTestObject("Product/TextView - Sauce Labs Backpack", ["text":Item3]), 0): Tapped on element 'Object Repository/Product/TextView - Sauce Labs Backpack'

2022-02-16 17:23:41 - [MESSAGE][WARNING] - Timeout '0' is invalid. Using default page load timeout: '30'

2022-02-16 17:23:41 - [MESSAGE][PASSED] - Tapped on element 'Object Repository/Product/TextView - Sauce Labs Backpack'

2022-02-16 17:23:41 - [TEST_STEP][PASSED] - scrollToText("ADD TO CART", STOP_ON_FAILURE): Scrolling to text 'ADD TO CART' successfully

2022-02-16 17:23:46 - [MESSAGE][PASSED] - Scrolling to text 'ADD TO CART' successfully

2022-02-16 17:23:46 - [TEST_STEP][PASSED] - tap(findTestObject("Product/Add To Cart - Detail Item"), 0): Tapped on element 'Object Repository/Product/Add To Cart - Detail Item'

2022-02-16 17:23:46 - [MESSAGE][WARNING] - Timeout '0' is invalid. Using default page load timeout: '30'

2022-02-16 17:23:47 - [MESSAGE][PASSED] - Tapped on element 'Object Repository/Product/Add To Cart - Detail Item'

2022-02-16 17:23:47 - [TEST_STEP][PASSED] - tap(findTestObject("Product/Button - Back To Products"), 0): Tapped on element 'Object Repository/Product/Button - Back To Products'

2022-02-16 17:23:47 - [MESSAGE][WARNING] - Timeout '0' is invalid. Using default page load timeout: '30'

2022-02-16 17:23:49 - [MESSAGE][PASSED] - Tapped on element 'Object Repository/Product/Button - Back To Products'

2022-02-16 17:23:49 - [TEST_STEP][PASSED] - if (i == 0): null

2022-02-16 17:23:49 - [TEST_STEP][PASSED] - else if (i == 1): null

2022-02-16 17:23:49 - [TEST_STEP][PASSED] - else if (i == 2): null

2022-02-16 17:23:49 - [TEST_STEP][PASSED] - else if (i == 3): null

2022-02-16 17:23:49 - [TEST_STEP][PASSED] - else if (i == 4): Tapped on element 'Object Repository/Product/TextView - Sauce Labs Backpack'

2022-02-16 17:23:49 - [TEST_STEP][PASSED] - scrollToText(Item4, STOP_ON_FAILURE): Scrolling to text 'Onesie' successfully

2022-02-16 17:23:50 - [MESSAGE][PASSED] - Scrolling to text 'Onesie' successfully

2022-02-16 17:23:50 - [TEST_STEP][PASSED] - tap(findTestObject("Product/TextView - Sauce Labs Backpack", ["text":Item4]), 0): Tapped on element 'Object Repository/Product/TextView - Sauce Labs Backpack'

2022-02-16 17:23:50 - [MESSAGE][WARNING] - Timeout '0' is invalid. Using default page load timeout: '30'

2022-02-16 17:23:51 - [MESSAGE][PASSED] - Tapped on element 'Object Repository/Product/TextView - Sauce Labs Backpack'

2022-02-16 17:23:51 - [TEST_STEP][PASSED] - scrollToText("ADD TO CART", STOP_ON_FAILURE): Scrolling to text 'ADD TO CART' successfully

2022-02-16 17:23:55 - [MESSAGE][PASSED] - Scrolling to text 'ADD TO CART' successfully

2022-02-16 17:23:55 - [TEST_STEP][PASSED] - tap(findTestObject("Product/Add To Cart - Detail Item"), 0): Tapped on element 'Object Repository/Product/Add To Cart - Detail Item'

2022-02-16 17:23:55 - [MESSAGE][WARNING] - Timeout '0' is invalid. Using default page load timeout: '30'

2022-02-16 17:23:56 - [MESSAGE][PASSED] - Tapped on element 'Object Repository/Product/Add To Cart - Detail Item'

2022-02-16 17:23:56 - [TEST_STEP][PASSED] - tap(findTestObject("Product/Button - Back To Products"), 0): Tapped on element 'Object Repository/Product/Button - Back To Products'

2022-02-16 17:23:56 - [MESSAGE][WARNING] - Timeout '0' is invalid. Using default page load timeout: '30'

2022-02-16 17:23:57 - [MESSAGE][PASSED] - Tapped on element 'Object Repository/Product/Button - Back To Products'

2022-02-16 17:23:57 - [TEST_STEP][PASSED] - if (i == 0): null

2022-02-16 17:23:57 - [TEST_STEP][PASSED] - else if (i == 1): null

2022-02-16 17:23:57 - [TEST_STEP][PASSED] - else if (i == 2): null

2022-02-16 17:23:57 - [TEST_STEP][PASSED] - else if (i == 3): null

2022-02-16 17:23:57 - [TEST_STEP][PASSED] - else if (i == 4): null

2022-02-16 17:23:57 - [TEST_STEP][PASSED] - else if (i == 5): Tapped on element 'Object Repository/Product/TextView - Sauce Labs Backpack'

2022-02-16 17:23:57 - [TEST_STEP][PASSED] - scrollToText(Item5, STOP_ON_FAILURE): Scrolling to text 'Red' successfully

2022-02-16 17:23:58 - [MESSAGE][PASSED] - Scrolling to text 'Red' successfully

2022-02-16 17:23:58 - [TEST_STEP][PASSED] - tap(findTestObject("Product/TextView - Sauce Labs Backpack", ["text":Item5]), 0): Tapped on element 'Object Repository/Product/TextView - Sauce Labs Backpack'

2022-02-16 17:23:58 - [MESSAGE][WARNING] - Timeout '0' is invalid. Using default page load timeout: '30'

2022-02-16 17:23:59 - [MESSAGE][PASSED] - Tapped on element 'Object Repository/Product/TextView - Sauce Labs Backpack'

2022-02-16 17:23:59 - [TEST_STEP][PASSED] - scrollToText("ADD TO CART", STOP_ON_FAILURE): Scrolling to text 'ADD TO CART' successfully

2022-02-16 17:24:04 - [MESSAGE][PASSED] - Scrolling to text 'ADD TO CART' successfully

2022-02-16 17:24:04 - [TEST_STEP][PASSED] - tap(findTestObject("Product/Add To Cart - Detail Item"), 0): Tapped on element 'Object Repository/Product/Add To Cart - Detail Item'

2022-02-16 17:24:04 - [MESSAGE][WARNING] - Timeout '0' is invalid. Using default page load timeout: '30'

2022-02-16 17:24:04 - [MESSAGE][PASSED] - Tapped on element 'Object Repository/Product/Add To Cart - Detail Item'

2022-02-16 17:24:04 - [TEST_STEP][PASSED] - tap(findTestObject("Product/Button - Back To Products"), 0): Tapped on element 'Object Repository/Product/Button - Back To Products'

2022-02-16 17:24:04 - [MESSAGE][WARNING] - Timeout '0' is invalid. Using default page load timeout: '30'

2022-02-16 17:24:05 - [MESSAGE][PASSED] - Tapped on element 'Object Repository/Product/Button - Back To Products'

2022-02-16 17:24:05 - [TEST_STEP][PASSED] - tap(findTestObject("Object Repository/Product/Image - Cart"), 0): Tapped on element 'Object Repository/Product/Image - Cart'

2022-02-16 17:24:05 - [MESSAGE][WARNING] - Timeout '0' is invalid. Using default page load timeout: '30'

2022-02-16 17:24:07 - [MESSAGE][PASSED] - Tapped on element 'Object Repository/Product/Image - Cart'

2022-02-16 17:24:07 - [TEST_STEP][PASSED] - scrollToText("CHECKOUT", STOP_ON_FAILURE): Scrolling to text 'CHECKOUT' successfully

2022-02-16 17:24:18 - [MESSAGE][PASSED] - Scrolling to text 'CHECKOUT' successfully

2022-02-16 17:24:18 - [TEST_STEP][PASSED] - tap(findTestObject("Product/TextView - CHECKOUT"), 0): Tapped on element 'Object Repository/Product/TextView - CHECKOUT'

2022-02-16 17:24:18 - [MESSAGE][WARNING] - Timeout '0' is invalid. Using default page load timeout: '30'

2022-02-16 17:24:20 - [MESSAGE][PASSED] - Tapped on element 'Object Repository/Product/TextView - CHECKOUT'

2022-02-16 17:24:20 - [MESSAGE][PASSED] - Call Test Case 'Test Cases/TC - 002 - Products' successfully

2022-02-16 17:24:20 - [TEST_STEP][PASSED] - callTestCase(findTestCase("TC - 003 - Checkout"), ["FirstName":FirstName, "LastName":LastName, "Pos":Pos], STOP_ON_FAILURE): Call Test Case 'Test Cases/TC - 003 - Checkout' successfully

2022-02-16 17:24:20 - [TEST_CASE][PASSED] - Test Cases/TC - 003 - Checkout: Test Cases/TC - 003 - Checkout

2022-02-16 17:24:20 - [TEST_STEP][PASSED] - setText(findTestObject("Object Repository/Checkout/EditText - First Name"), FirstName, 0): Text 'Bu' has been set to element 'Object Repository/Checkout/EditText - First Name'

2022-02-16 17:24:20 - [MESSAGE][WARNING] - Timeout '0' is invalid. Using default page load timeout: '30'

2022-02-16 17:24:21 - [MESSAGE][PASSED] - Text 'Bu' has been set to element 'Object Repository/Checkout/EditText - First Name'

2022-02-16 17:24:21 - [TEST_STEP][PASSED] - setText(findTestObject("Object Repository/Checkout/EditText - Last Name"), LastName, 0): Text 'Di' has been set to element 'Object Repository/Checkout/EditText - Last Name'

2022-02-16 17:24:21 - [MESSAGE][WARNING] - Timeout '0' is invalid. Using default page load timeout: '30'

2022-02-16 17:24:23 - [MESSAGE][PASSED] - Text 'Di' has been set to element 'Object Repository/Checkout/EditText - Last Name'

2022-02-16 17:24:23 - [TEST_STEP][PASSED] - setText(findTestObject("Checkout/EditText - ZipPostal Code"), Pos, 0): Text '2314' has been set to element 'Object Repository/Checkout/EditText - ZipPostal Code'

2022-02-16 17:24:23 - [MESSAGE][WARNING] - Timeout '0' is invalid. Using default page load timeout: '30'

2022-02-16 17:24:25 - [MESSAGE][PASSED] - Text '2314' has been set to element 'Object Repository/Checkout/EditText - ZipPostal Code'

2022-02-16 17:24:25 - [TEST_STEP][PASSED] - tap(findTestObject("Object Repository/Checkout/Button - Continue"), 0): Tapped on element 'Object Repository/Checkout/Button - Continue'

2022-02-16 17:24:25 - [MESSAGE][WARNING] - Timeout '0' is invalid. Using default page load timeout: '30'

2022-02-16 17:24:25 - [MESSAGE][PASSED] - Tapped on element 'Object Repository/Checkout/Button - Continue'

2022-02-16 17:24:25 - [TEST_STEP][PASSED] - scrollToText("FINISH", STOP_ON_FAILURE): Scrolling to text 'FINISH' successfully

2022-02-16 17:24:36 - [MESSAGE][PASSED] - Scrolling to text 'FINISH' successfully

2022-02-16 17:24:36 - [TEST_STEP][PASSED] - tap(findTestObject("Object Repository/Checkout/Button - Finish"), 0): Tapped on element 'Object Repository/Checkout/Button - Finish'

2022-02-16 17:24:36 - [MESSAGE][WARNING] - Timeout '0' is invalid. Using default page load timeout: '30'

2022-02-16 17:24:37 - [MESSAGE][PASSED] - Tapped on element 'Object Repository/Checkout/Button - Finish'

2022-02-16 17:24:37 - [MESSAGE][PASSED] - Call Test Case 'Test Cases/TC - 003 - Checkout' successfully

2022-02-16 17:24:37 - [TEST_STEP][PASSED] - closeApplication(): Close app successfully

2022-02-16 17:24:37 - [MESSAGE][PASSED] - Close app successfully]]></system-out>
         <system-err><![CDATA[]]></system-err>
      </testcase>
      <system-out><![CDATA[2022-02-16 17:19:02 - [TEST_SUITE][INCOMPLETE] - TS - Buy Product: null]]></system-out>
      <system-err><![CDATA[2022-02-16 17:19:02 - [TEST_SUITE][INCOMPLETE] - TS - Buy Product: null]]></system-err>
   </testsuite>
</testsuites>
