<?xml version="1.0" encoding="UTF-8"?>
<testsuites name="TS - Buy Product" time="290.542" tests="3" failures="1" skips="0" errors="0">
   <testsuite name="TS - Buy Product" tests="3" failures="1" errors="0" time="290.542" skips="0" timestamp="2022-02-18 00:37:30" hostname="Lenovo - Muri" id="Test Suites/TS - Buy Product">
      <properties>
         <property name="deviceName" value="Xiaomi Redmi 7 (Android 10)"/>
         <property name="devicePlatform" value=""/>
         <property name="logFolder" value="C:\\Users\\Lenovo\\Katalon Studio\\Sauce Labs Mobile Test\\Reports\\20220218_003725\\TS - Buy Product\\20220218_003725"/>
         <property name="logFiles" value="C:\\Users\\Lenovo\\Katalon Studio\\Sauce Labs Mobile Test\\Reports\\20220218_003725\\TS - Buy Product\\20220218_003725\\appium.log, C:\\Users\\Lenovo\\Katalon Studio\\Sauce Labs Mobile Test\\Reports\\20220218_003725\\TS - Buy Product\\20220218_003725\\execution0.log"/>
         <property name="attachments" value="C:\\Users\\Lenovo\\Katalon Studio\\Sauce Labs Mobile Test\\Reports\\20220218_003725\\TS - Buy Product\\20220218_003725\\1645119531971.png"/>
         <property name="hostName" value="Lenovo - Muri"/>
         <property name="os" value="Windows 10 64bit"/>
         <property name="appiumServerStatus" value="{&quot;value&quot;:{&quot;build&quot;:{&quot;version&quot;:&quot;1.21.0&quot;}},&quot;sessionId&quot;:null,&quot;status&quot;:0}"/>
         <property name="katalonVersion" value="7.8.0.208"/>
         <property name="deviceOS" value="Android"/>
         <property name="appiumVersion" value="1.21.0"/>
         <property name="deviceModel" value="Redmi 7"/>
         <property name="hostAddress" value="192.168.43.147"/>
         <property name="deviceManufacturer" value="Xiaomi"/>
         <property name="deviceId" value="4a90dd0d"/>
         <property name="deviceName" value="Xiaomi Redmi 7 (Android 10)"/>
         <property name="deviceOSVersion" value="10"/>
      </properties>
      <testcase name="Test Cases/TC - 000 - Swag Labs Master" time="80.456" classname="Test Cases/TC - 000 - Swag Labs Master" status="FAILED">
         <failure type="FAILED" message="Test Cases/TC - 000 - Swag Labs Master FAILED.
Reason:
com.kms.katalon.core.exception.StepFailedException: Call Test Case 'Test Cases/TC - 002 - Product' failed
	at com.kms.katalon.core.keyword.builtin.CallTestCaseKeyword$_callTestCase_closure1.doCall(CallTestCaseKeyword.groovy:63)
	at com.kms.katalon.core.keyword.builtin.CallTestCaseKeyword$_callTestCase_closure1.call(CallTestCaseKeyword.groovy)
	at com.kms.katalon.core.keyword.internal.KeywordMain.runKeyword(KeywordMain.groovy:68)
	at com.kms.katalon.core.keyword.builtin.CallTestCaseKeyword.callTestCase(CallTestCaseKeyword.groovy:81)
	at com.kms.katalon.core.keyword.builtin.CallTestCaseKeyword.execute(CallTestCaseKeyword.groovy:44)
	at com.kms.katalon.core.keyword.internal.KeywordExecutor.executeKeywordForPlatform(KeywordExecutor.groovy:73)
	at com.kms.katalon.core.keyword.BuiltinKeywords.callTestCase(BuiltinKeywords.groovy:334)
	at TC - 000 - Swag Labs Master.run(TC - 000 - Swag Labs Master:25)
	at com.kms.katalon.core.main.ScriptEngine.run(ScriptEngine.java:194)
	at com.kms.katalon.core.main.ScriptEngine.runScriptAsRawText(ScriptEngine.java:119)
	at com.kms.katalon.core.main.TestCaseExecutor.runScript(TestCaseExecutor.java:393)
	at com.kms.katalon.core.main.TestCaseExecutor.doExecute(TestCaseExecutor.java:384)
	at com.kms.katalon.core.main.TestCaseExecutor.processExecutionPhase(TestCaseExecutor.java:363)
	at com.kms.katalon.core.main.TestCaseExecutor.accessMainPhase(TestCaseExecutor.java:355)
	at com.kms.katalon.core.main.TestCaseExecutor.execute(TestCaseExecutor.java:251)
	at com.kms.katalon.core.main.TestSuiteExecutor.accessTestCaseMainPhase(TestSuiteExecutor.java:203)
	at com.kms.katalon.core.main.TestSuiteExecutor.accessTestSuiteMainPhase(TestSuiteExecutor.java:152)
	at com.kms.katalon.core.main.TestSuiteExecutor.execute(TestSuiteExecutor.java:95)
	at com.kms.katalon.core.main.TestCaseMain.startTestSuite(TestCaseMain.java:157)
	at com.kms.katalon.core.main.TestCaseMain$startTestSuite$0.call(Unknown Source)
	at TempTestSuite1645119445340.run(TempTestSuite1645119445340.groovy:39)
Caused by: com.kms.katalon.core.exception.StepFailedException: Failed to tap on element 'Object Repository/Product/TextView - Products' (Root cause: org.openqa.selenium.InvalidArgumentException: Coordinate [x=397.0, y=1391.0] is outside of element rect: [0,0][720,1369]
Build info: version: '3.141.59', revision: 'e82be7d358', time: '2018-11-14T08:25:53'
System info: host: 'MURI', ip: '192.168.43.147', os.name: 'Windows 10', os.arch: 'amd64', os.version: '10.0', java.version: '1.8.0_181'
Driver info: com.kms.katalon.core.appium.driver.SwipeableAndroidDriver
Capabilities {app: C:\Users\Lenovo\Katalon Stu..., appPackage: com.swaglabsmobileapp, appWaitActivity: *, autoGrantPermissions: true, automationName: uiautomator2, chromedriverPort: 60904, databaseEnabled: false, desired: {app: C:\Users\Lenovo\Katalon Stu..., appWaitActivity: *, autoGrantPermissions: true, automationName: uiautomator2, chromedriverPort: 60904, deviceId: 4a90dd0d, deviceName: Xiaomi Redmi 7 (Android 10), fullReset: false, newCommandTimeout: 1800, noReset: true, platform: ANDROID, platformName: android, platformVersion: 10, systemPort: 60902, udid: 4a90dd0d}, deviceApiLevel: 29, deviceId: 4a90dd0d, deviceManufacturer: Xiaomi, deviceModel: Redmi 7, deviceName: 4a90dd0d, deviceScreenDensity: 320, deviceScreenSize: 720x1520, deviceUDID: 4a90dd0d, fullReset: false, javascriptEnabled: true, locationContextEnabled: false, networkConnectionEnabled: true, newCommandTimeout: 1800, noReset: true, pixelRatio: 2, platform: ANDROID, platformName: Android, platformVersion: 10, statBarHeight: 55, systemPort: 60902, takesScreenshot: true, udid: 4a90dd0d, viewportRect: {height: 1314, left: 0, top: 55, width: 720}, warnings: {}, webStorageEnabled: false}
Session ID: fb8a18ff-a099-4f4b-a8e3-671b9863fe0e
	at org.openqa.selenium.remote.http.W3CHttpResponseCodec.createException(W3CHttpResponseCodec.java:187)
	at org.openqa.selenium.remote.http.W3CHttpResponseCodec.decode(W3CHttpResponseCodec.java:122)
	at org.openqa.selenium.remote.http.W3CHttpResponseCodec.decode(W3CHttpResponseCodec.java:49)
	at org.openqa.selenium.remote.HttpCommandExecutor.execute(HttpCommandExecutor.java:158)
	at io.appium.java_client.remote.AppiumCommandExecutor.execute(AppiumCommandExecutor.java:239)
	at org.openqa.selenium.remote.RemoteWebDriver.execute(RemoteWebDriver.java:552)
	at io.appium.java_client.DefaultGenericMobileDriver.execute(DefaultGenericMobileDriver.java:42)
	at io.appium.java_client.AppiumDriver.execute(AppiumDriver.java:1)
	at io.appium.java_client.android.AndroidDriver.execute(AndroidDriver.java:1)
	at com.kms.katalon.core.appium.driver.SwipeableAndroidDriver.execute(SwipeableAndroidDriver.java:1)
	at io.appium.java_client.PerformsTouchActions.performTouchAction(PerformsTouchActions.java:41)
	at io.appium.java_client.TouchAction.perform(TouchAction.java:187)
	at com.kms.katalon.core.mobile.keyword.builtin.TapKeyword$_tap_closure1.doCall(TapKeyword.groovy:84)
	at com.kms.katalon.core.mobile.keyword.builtin.TapKeyword$_tap_closure1.call(TapKeyword.groovy)
	at com.kms.katalon.core.mobile.keyword.internal.MobileKeywordMain.runKeyword(MobileKeywordMain.groovy:21)
	at com.kms.katalon.core.mobile.keyword.builtin.TapKeyword.tap(TapKeyword.groovy:86)
	at com.kms.katalon.core.mobile.keyword.builtin.TapKeyword.execute(TapKeyword.groovy:68)
	at com.kms.katalon.core.keyword.internal.KeywordExecutor.executeKeywordForPlatform(KeywordExecutor.groovy:73)
	at com.kms.katalon.core.mobile.keyword.MobileBuiltInKeywords.tap(MobileBuiltInKeywords.groovy:1267)
	at com.kms.katalon.core.mobile.keyword.MobileBuiltInKeywords$tap$1.call(Unknown Source)
	at TC - 002 - Product.run(TC - 002 - Product:26)
	at com.kms.katalon.core.main.ScriptEngine.run(ScriptEngine.java:194)
	at com.kms.katalon.core.main.ScriptEngine.runScriptAsRawText(ScriptEngine.java:119)
	at com.kms.katalon.core.main.TestCaseExecutor.runScript(TestCaseExecutor.java:393)
	at com.kms.katalon.core.main.TestCaseExecutor.doExecute(TestCaseExecutor.java:384)
	at com.kms.katalon.core.main.TestCaseExecutor.processExecutionPhase(TestCaseExecutor.java:363)
	at com.kms.katalon.core.main.TestCaseExecutor.accessMainPhase(TestCaseExecutor.java:355)
	at com.kms.katalon.core.main.TestCaseExecutor.execute(TestCaseExecutor.java:251)
	at com.kms.katalon.core.main.TestCaseMain.runTestCase(TestCaseMain.java:114)
	at com.kms.katalon.core.keyword.builtin.CallTestCaseKeyword$_callTestCase_closure1.doCall(CallTestCaseKeyword.groovy:59)
	at com.kms.katalon.core.keyword.builtin.CallTestCaseKeyword$_callTestCase_closure1.call(CallTestCaseKeyword.groovy)
	at com.kms.katalon.core.keyword.internal.KeywordMain.runKeyword(KeywordMain.groovy:68)
	at com.kms.katalon.core.keyword.builtin.CallTestCaseKeyword.callTestCase(CallTestCaseKeyword.groovy:81)
	at com.kms.katalon.core.keyword.builtin.CallTestCaseKeyword.execute(CallTestCaseKeyword.groovy:44)
	at com.kms.katalon.core.keyword.internal.KeywordExecutor.executeKeywordForPlatform(KeywordExecutor.groovy:73)
	at com.kms.katalon.core.keyword.BuiltinKeywords.callTestCase(BuiltinKeywords.groovy:334)
	at TC - 000 - Swag Labs Master.run(TC - 000 - Swag Labs Master:25)
	at com.kms.katalon.core.main.ScriptEngine.run(ScriptEngine.java:194)
	at com.kms.katalon.core.main.ScriptEngine.runScriptAsRawText(ScriptEngine.java:119)
	at com.kms.katalon.core.main.TestCaseExecutor.runScript(TestCaseExecutor.java:393)
	at com.kms.katalon.core.main.TestCaseExecutor.doExecute(TestCaseExecutor.java:384)
	at com.kms.katalon.core.main.TestCaseExecutor.processExecutionPhase(TestCaseExecutor.java:363)
	at com.kms.katalon.core.main.TestCaseExecutor.accessMainPhase(TestCaseExecutor.java:355)
	at com.kms.katalon.core.main.TestCaseExecutor.execute(TestCaseExecutor.java:251)
	at com.kms.katalon.core.main.TestSuiteExecutor.accessTestCaseMainPhase(TestSuiteExecutor.java:203)
	at com.kms.katalon.core.main.TestSuiteExecutor.accessTestSuiteMainPhase(TestSuiteExecutor.java:152)
	at com.kms.katalon.core.main.TestSuiteExecutor.execute(TestSuiteExecutor.java:95)
	at com.kms.katalon.core.main.TestCaseMain.startTestSuite(TestCaseMain.java:157)
	at com.kms.katalon.core.main.TestCaseMain$startTestSuite$0.call(Unknown Source)
	at TempTestSuite1645119445340.run(TempTestSuite1645119445340.groovy:39)
)
	at com.kms.katalon.core.keyword.internal.KeywordMain.stepFailed(KeywordMain.groovy:50)
	at com.kms.katalon.core.mobile.keyword.internal.MobileKeywordMain.stepFailed(MobileKeywordMain.groovy:40)
	at com.kms.katalon.core.mobile.keyword.internal.MobileKeywordMain.runKeyword(MobileKeywordMain.groovy:23)
	at com.kms.katalon.core.mobile.keyword.builtin.TapKeyword.tap(TapKeyword.groovy:86)
	at com.kms.katalon.core.mobile.keyword.builtin.TapKeyword.execute(TapKeyword.groovy:68)
	at com.kms.katalon.core.keyword.internal.KeywordExecutor.executeKeywordForPlatform(KeywordExecutor.groovy:73)
	at com.kms.katalon.core.mobile.keyword.MobileBuiltInKeywords.tap(MobileBuiltInKeywords.groovy:1267)
	at com.kms.katalon.core.mobile.keyword.MobileBuiltInKeywords$tap$1.call(Unknown Source)
	at TC - 002 - Product.run(TC - 002 - Product:26)
	at com.kms.katalon.core.main.ScriptEngine.run(ScriptEngine.java:194)
	at com.kms.katalon.core.main.ScriptEngine.runScriptAsRawText(ScriptEngine.java:119)
	at com.kms.katalon.core.main.TestCaseExecutor.runScript(TestCaseExecutor.java:393)
	at com.kms.katalon.core.main.TestCaseExecutor.doExecute(TestCaseExecutor.java:384)
	at com.kms.katalon.core.main.TestCaseExecutor.processExecutionPhase(TestCaseExecutor.java:363)
	at com.kms.katalon.core.main.TestCaseExecutor.accessMainPhase(TestCaseExecutor.java:355)
	at com.kms.katalon.core.main.TestCaseExecutor.execute(TestCaseExecutor.java:251)
	at com.kms.katalon.core.main.TestCaseMain.runTestCase(TestCaseMain.java:114)
	at com.kms.katalon.core.keyword.builtin.CallTestCaseKeyword$_callTestCase_closure1.doCall(CallTestCaseKeyword.groovy:59)
	... 20 more
Caused by: org.openqa.selenium.InvalidArgumentException: Coordinate [x=397.0, y=1391.0] is outside of element rect: [0,0][720,1369]
Build info: version: '3.141.59', revision: 'e82be7d358', time: '2018-11-14T08:25:53'
System info: host: 'MURI', ip: '192.168.43.147', os.name: 'Windows 10', os.arch: 'amd64', os.version: '10.0', java.version: '1.8.0_181'
Driver info: com.kms.katalon.core.appium.driver.SwipeableAndroidDriver
Capabilities {app: C:\Users\Lenovo\Katalon Stu..., appPackage: com.swaglabsmobileapp, appWaitActivity: *, autoGrantPermissions: true, automationName: uiautomator2, chromedriverPort: 60904, databaseEnabled: false, desired: {app: C:\Users\Lenovo\Katalon Stu..., appWaitActivity: *, autoGrantPermissions: true, automationName: uiautomator2, chromedriverPort: 60904, deviceId: 4a90dd0d, deviceName: Xiaomi Redmi 7 (Android 10), fullReset: false, newCommandTimeout: 1800, noReset: true, platform: ANDROID, platformName: android, platformVersion: 10, systemPort: 60902, udid: 4a90dd0d}, deviceApiLevel: 29, deviceId: 4a90dd0d, deviceManufacturer: Xiaomi, deviceModel: Redmi 7, deviceName: 4a90dd0d, deviceScreenDensity: 320, deviceScreenSize: 720x1520, deviceUDID: 4a90dd0d, fullReset: false, javascriptEnabled: true, locationContextEnabled: false, networkConnectionEnabled: true, newCommandTimeout: 1800, noReset: true, pixelRatio: 2, platform: ANDROID, platformName: Android, platformVersion: 10, statBarHeight: 55, systemPort: 60902, takesScreenshot: true, udid: 4a90dd0d, viewportRect: {height: 1314, left: 0, top: 55, width: 720}, warnings: {}, webStorageEnabled: false}
Session ID: fb8a18ff-a099-4f4b-a8e3-671b9863fe0e
	at org.openqa.selenium.remote.http.W3CHttpResponseCodec.createException(W3CHttpResponseCodec.java:187)
	at org.openqa.selenium.remote.http.W3CHttpResponseCodec.decode(W3CHttpResponseCodec.java:122)
	at org.openqa.selenium.remote.http.W3CHttpResponseCodec.decode(W3CHttpResponseCodec.java:49)
	at org.openqa.selenium.remote.HttpCommandExecutor.execute(HttpCommandExecutor.java:158)
	at io.appium.java_client.remote.AppiumCommandExecutor.execute(AppiumCommandExecutor.java:239)
	at org.openqa.selenium.remote.RemoteWebDriver.execute(RemoteWebDriver.java:552)
	at io.appium.java_client.DefaultGenericMobileDriver.execute(DefaultGenericMobileDriver.java:42)
	at io.appium.java_client.AppiumDriver.execute(AppiumDriver.java:1)
	at io.appium.java_client.android.AndroidDriver.execute(AndroidDriver.java:1)
	at com.kms.katalon.core.appium.driver.SwipeableAndroidDriver.execute(SwipeableAndroidDriver.java:1)
	at io.appium.java_client.PerformsTouchActions.performTouchAction(PerformsTouchActions.java:41)
	at io.appium.java_client.TouchAction.perform(TouchAction.java:187)
	at com.kms.katalon.core.mobile.keyword.builtin.TapKeyword$_tap_closure1.doCall(TapKeyword.groovy:84)
	at com.kms.katalon.core.mobile.keyword.builtin.TapKeyword$_tap_closure1.call(TapKeyword.groovy)
	at com.kms.katalon.core.mobile.keyword.internal.MobileKeywordMain.runKeyword(MobileKeywordMain.groovy:21)
	... 35 more
"/>
         <system-out><![CDATA[2022-02-18 00:37:33 - [TEST_CASE][FAILED] - Test Cases/TC - 000 - Swag Labs Master: Test Cases/TC - 000 - Swag Labs Master FAILED.
Reason:
com.kms.katalon.core.exception.StepFailedException: Call Test Case 'Test Cases/TC - 002 - Product' failed
	at com.kms.katalon.core.keyword.builtin.CallTestCaseKeyword$_callTestCase_closure1.doCall(CallTestCaseKeyword.groovy:63)
	at com.kms.katalon.core.keyword.builtin.CallTestCaseKeyword$_callTestCase_closure1.call(CallTestCaseKeyword.groovy)
	at com.kms.katalon.core.keyword.internal.KeywordMain.runKeyword(KeywordMain.groovy:68)
	at com.kms.katalon.core.keyword.builtin.CallTestCaseKeyword.callTestCase(CallTestCaseKeyword.groovy:81)
	at com.kms.katalon.core.keyword.builtin.CallTestCaseKeyword.execute(CallTestCaseKeyword.groovy:44)
	at com.kms.katalon.core.keyword.internal.KeywordExecutor.executeKeywordForPlatform(KeywordExecutor.groovy:73)
	at com.kms.katalon.core.keyword.BuiltinKeywords.callTestCase(BuiltinKeywords.groovy:334)
	at TC - 000 - Swag Labs Master.run(TC - 000 - Swag Labs Master:25)
	at com.kms.katalon.core.main.ScriptEngine.run(ScriptEngine.java:194)
	at com.kms.katalon.core.main.ScriptEngine.runScriptAsRawText(ScriptEngine.java:119)
	at com.kms.katalon.core.main.TestCaseExecutor.runScript(TestCaseExecutor.java:393)
	at com.kms.katalon.core.main.TestCaseExecutor.doExecute(TestCaseExecutor.java:384)
	at com.kms.katalon.core.main.TestCaseExecutor.processExecutionPhase(TestCaseExecutor.java:363)
	at com.kms.katalon.core.main.TestCaseExecutor.accessMainPhase(TestCaseExecutor.java:355)
	at com.kms.katalon.core.main.TestCaseExecutor.execute(TestCaseExecutor.java:251)
	at com.kms.katalon.core.main.TestSuiteExecutor.accessTestCaseMainPhase(TestSuiteExecutor.java:203)
	at com.kms.katalon.core.main.TestSuiteExecutor.accessTestSuiteMainPhase(TestSuiteExecutor.java:152)
	at com.kms.katalon.core.main.TestSuiteExecutor.execute(TestSuiteExecutor.java:95)
	at com.kms.katalon.core.main.TestCaseMain.startTestSuite(TestCaseMain.java:157)
	at com.kms.katalon.core.main.TestCaseMain$startTestSuite$0.call(Unknown Source)
	at TempTestSuite1645119445340.run(TempTestSuite1645119445340.groovy:39)
Caused by: com.kms.katalon.core.exception.StepFailedException: Failed to tap on element 'Object Repository/Product/TextView - Products' (Root cause: org.openqa.selenium.InvalidArgumentException: Coordinate [x=397.0, y=1391.0] is outside of element rect: [0,0][720,1369]
Build info: version: '3.141.59', revision: 'e82be7d358', time: '2018-11-14T08:25:53'
System info: host: 'MURI', ip: '192.168.43.147', os.name: 'Windows 10', os.arch: 'amd64', os.version: '10.0', java.version: '1.8.0_181'
Driver info: com.kms.katalon.core.appium.driver.SwipeableAndroidDriver
Capabilities {app: C:\Users\Lenovo\Katalon Stu..., appPackage: com.swaglabsmobileapp, appWaitActivity: *, autoGrantPermissions: true, automationName: uiautomator2, chromedriverPort: 60904, databaseEnabled: false, desired: {app: C:\Users\Lenovo\Katalon Stu..., appWaitActivity: *, autoGrantPermissions: true, automationName: uiautomator2, chromedriverPort: 60904, deviceId: 4a90dd0d, deviceName: Xiaomi Redmi 7 (Android 10), fullReset: false, newCommandTimeout: 1800, noReset: true, platform: ANDROID, platformName: android, platformVersion: 10, systemPort: 60902, udid: 4a90dd0d}, deviceApiLevel: 29, deviceId: 4a90dd0d, deviceManufacturer: Xiaomi, deviceModel: Redmi 7, deviceName: 4a90dd0d, deviceScreenDensity: 320, deviceScreenSize: 720x1520, deviceUDID: 4a90dd0d, fullReset: false, javascriptEnabled: true, locationContextEnabled: false, networkConnectionEnabled: true, newCommandTimeout: 1800, noReset: true, pixelRatio: 2, platform: ANDROID, platformName: Android, platformVersion: 10, statBarHeight: 55, systemPort: 60902, takesScreenshot: true, udid: 4a90dd0d, viewportRect: {height: 1314, left: 0, top: 55, width: 720}, warnings: {}, webStorageEnabled: false}
Session ID: fb8a18ff-a099-4f4b-a8e3-671b9863fe0e
	at org.openqa.selenium.remote.http.W3CHttpResponseCodec.createException(W3CHttpResponseCodec.java:187)
	at org.openqa.selenium.remote.http.W3CHttpResponseCodec.decode(W3CHttpResponseCodec.java:122)
	at org.openqa.selenium.remote.http.W3CHttpResponseCodec.decode(W3CHttpResponseCodec.java:49)
	at org.openqa.selenium.remote.HttpCommandExecutor.execute(HttpCommandExecutor.java:158)
	at io.appium.java_client.remote.AppiumCommandExecutor.execute(AppiumCommandExecutor.java:239)
	at org.openqa.selenium.remote.RemoteWebDriver.execute(RemoteWebDriver.java:552)
	at io.appium.java_client.DefaultGenericMobileDriver.execute(DefaultGenericMobileDriver.java:42)
	at io.appium.java_client.AppiumDriver.execute(AppiumDriver.java:1)
	at io.appium.java_client.android.AndroidDriver.execute(AndroidDriver.java:1)
	at com.kms.katalon.core.appium.driver.SwipeableAndroidDriver.execute(SwipeableAndroidDriver.java:1)
	at io.appium.java_client.PerformsTouchActions.performTouchAction(PerformsTouchActions.java:41)
	at io.appium.java_client.TouchAction.perform(TouchAction.java:187)
	at com.kms.katalon.core.mobile.keyword.builtin.TapKeyword$_tap_closure1.doCall(TapKeyword.groovy:84)
	at com.kms.katalon.core.mobile.keyword.builtin.TapKeyword$_tap_closure1.call(TapKeyword.groovy)
	at com.kms.katalon.core.mobile.keyword.internal.MobileKeywordMain.runKeyword(MobileKeywordMain.groovy:21)
	at com.kms.katalon.core.mobile.keyword.builtin.TapKeyword.tap(TapKeyword.groovy:86)
	at com.kms.katalon.core.mobile.keyword.builtin.TapKeyword.execute(TapKeyword.groovy:68)
	at com.kms.katalon.core.keyword.internal.KeywordExecutor.executeKeywordForPlatform(KeywordExecutor.groovy:73)
	at com.kms.katalon.core.mobile.keyword.MobileBuiltInKeywords.tap(MobileBuiltInKeywords.groovy:1267)
	at com.kms.katalon.core.mobile.keyword.MobileBuiltInKeywords$tap$1.call(Unknown Source)
	at TC - 002 - Product.run(TC - 002 - Product:26)
	at com.kms.katalon.core.main.ScriptEngine.run(ScriptEngine.java:194)
	at com.kms.katalon.core.main.ScriptEngine.runScriptAsRawText(ScriptEngine.java:119)
	at com.kms.katalon.core.main.TestCaseExecutor.runScript(TestCaseExecutor.java:393)
	at com.kms.katalon.core.main.TestCaseExecutor.doExecute(TestCaseExecutor.java:384)
	at com.kms.katalon.core.main.TestCaseExecutor.processExecutionPhase(TestCaseExecutor.java:363)
	at com.kms.katalon.core.main.TestCaseExecutor.accessMainPhase(TestCaseExecutor.java:355)
	at com.kms.katalon.core.main.TestCaseExecutor.execute(TestCaseExecutor.java:251)
	at com.kms.katalon.core.main.TestCaseMain.runTestCase(TestCaseMain.java:114)
	at com.kms.katalon.core.keyword.builtin.CallTestCaseKeyword$_callTestCase_closure1.doCall(CallTestCaseKeyword.groovy:59)
	at com.kms.katalon.core.keyword.builtin.CallTestCaseKeyword$_callTestCase_closure1.call(CallTestCaseKeyword.groovy)
	at com.kms.katalon.core.keyword.internal.KeywordMain.runKeyword(KeywordMain.groovy:68)
	at com.kms.katalon.core.keyword.builtin.CallTestCaseKeyword.callTestCase(CallTestCaseKeyword.groovy:81)
	at com.kms.katalon.core.keyword.builtin.CallTestCaseKeyword.execute(CallTestCaseKeyword.groovy:44)
	at com.kms.katalon.core.keyword.internal.KeywordExecutor.executeKeywordForPlatform(KeywordExecutor.groovy:73)
	at com.kms.katalon.core.keyword.BuiltinKeywords.callTestCase(BuiltinKeywords.groovy:334)
	at TC - 000 - Swag Labs Master.run(TC - 000 - Swag Labs Master:25)
	at com.kms.katalon.core.main.ScriptEngine.run(ScriptEngine.java:194)
	at com.kms.katalon.core.main.ScriptEngine.runScriptAsRawText(ScriptEngine.java:119)
	at com.kms.katalon.core.main.TestCaseExecutor.runScript(TestCaseExecutor.java:393)
	at com.kms.katalon.core.main.TestCaseExecutor.doExecute(TestCaseExecutor.java:384)
	at com.kms.katalon.core.main.TestCaseExecutor.processExecutionPhase(TestCaseExecutor.java:363)
	at com.kms.katalon.core.main.TestCaseExecutor.accessMainPhase(TestCaseExecutor.java:355)
	at com.kms.katalon.core.main.TestCaseExecutor.execute(TestCaseExecutor.java:251)
	at com.kms.katalon.core.main.TestSuiteExecutor.accessTestCaseMainPhase(TestSuiteExecutor.java:203)
	at com.kms.katalon.core.main.TestSuiteExecutor.accessTestSuiteMainPhase(TestSuiteExecutor.java:152)
	at com.kms.katalon.core.main.TestSuiteExecutor.execute(TestSuiteExecutor.java:95)
	at com.kms.katalon.core.main.TestCaseMain.startTestSuite(TestCaseMain.java:157)
	at com.kms.katalon.core.main.TestCaseMain$startTestSuite$0.call(Unknown Source)
	at TempTestSuite1645119445340.run(TempTestSuite1645119445340.groovy:39)
)
	at com.kms.katalon.core.keyword.internal.KeywordMain.stepFailed(KeywordMain.groovy:50)
	at com.kms.katalon.core.mobile.keyword.internal.MobileKeywordMain.stepFailed(MobileKeywordMain.groovy:40)
	at com.kms.katalon.core.mobile.keyword.internal.MobileKeywordMain.runKeyword(MobileKeywordMain.groovy:23)
	at com.kms.katalon.core.mobile.keyword.builtin.TapKeyword.tap(TapKeyword.groovy:86)
	at com.kms.katalon.core.mobile.keyword.builtin.TapKeyword.execute(TapKeyword.groovy:68)
	at com.kms.katalon.core.keyword.internal.KeywordExecutor.executeKeywordForPlatform(KeywordExecutor.groovy:73)
	at com.kms.katalon.core.mobile.keyword.MobileBuiltInKeywords.tap(MobileBuiltInKeywords.groovy:1267)
	at com.kms.katalon.core.mobile.keyword.MobileBuiltInKeywords$tap$1.call(Unknown Source)
	at TC - 002 - Product.run(TC - 002 - Product:26)
	at com.kms.katalon.core.main.ScriptEngine.run(ScriptEngine.java:194)
	at com.kms.katalon.core.main.ScriptEngine.runScriptAsRawText(ScriptEngine.java:119)
	at com.kms.katalon.core.main.TestCaseExecutor.runScript(TestCaseExecutor.java:393)
	at com.kms.katalon.core.main.TestCaseExecutor.doExecute(TestCaseExecutor.java:384)
	at com.kms.katalon.core.main.TestCaseExecutor.processExecutionPhase(TestCaseExecutor.java:363)
	at com.kms.katalon.core.main.TestCaseExecutor.accessMainPhase(TestCaseExecutor.java:355)
	at com.kms.katalon.core.main.TestCaseExecutor.execute(TestCaseExecutor.java:251)
	at com.kms.katalon.core.main.TestCaseMain.runTestCase(TestCaseMain.java:114)
	at com.kms.katalon.core.keyword.builtin.CallTestCaseKeyword$_callTestCase_closure1.doCall(CallTestCaseKeyword.groovy:59)
	... 20 more
Caused by: org.openqa.selenium.InvalidArgumentException: Coordinate [x=397.0, y=1391.0] is outside of element rect: [0,0][720,1369]
Build info: version: '3.141.59', revision: 'e82be7d358', time: '2018-11-14T08:25:53'
System info: host: 'MURI', ip: '192.168.43.147', os.name: 'Windows 10', os.arch: 'amd64', os.version: '10.0', java.version: '1.8.0_181'
Driver info: com.kms.katalon.core.appium.driver.SwipeableAndroidDriver
Capabilities {app: C:\Users\Lenovo\Katalon Stu..., appPackage: com.swaglabsmobileapp, appWaitActivity: *, autoGrantPermissions: true, automationName: uiautomator2, chromedriverPort: 60904, databaseEnabled: false, desired: {app: C:\Users\Lenovo\Katalon Stu..., appWaitActivity: *, autoGrantPermissions: true, automationName: uiautomator2, chromedriverPort: 60904, deviceId: 4a90dd0d, deviceName: Xiaomi Redmi 7 (Android 10), fullReset: false, newCommandTimeout: 1800, noReset: true, platform: ANDROID, platformName: android, platformVersion: 10, systemPort: 60902, udid: 4a90dd0d}, deviceApiLevel: 29, deviceId: 4a90dd0d, deviceManufacturer: Xiaomi, deviceModel: Redmi 7, deviceName: 4a90dd0d, deviceScreenDensity: 320, deviceScreenSize: 720x1520, deviceUDID: 4a90dd0d, fullReset: false, javascriptEnabled: true, locationContextEnabled: false, networkConnectionEnabled: true, newCommandTimeout: 1800, noReset: true, pixelRatio: 2, platform: ANDROID, platformName: Android, platformVersion: 10, statBarHeight: 55, systemPort: 60902, takesScreenshot: true, udid: 4a90dd0d, viewportRect: {height: 1314, left: 0, top: 55, width: 720}, warnings: {}, webStorageEnabled: false}
Session ID: fb8a18ff-a099-4f4b-a8e3-671b9863fe0e
	at org.openqa.selenium.remote.http.W3CHttpResponseCodec.createException(W3CHttpResponseCodec.java:187)
	at org.openqa.selenium.remote.http.W3CHttpResponseCodec.decode(W3CHttpResponseCodec.java:122)
	at org.openqa.selenium.remote.http.W3CHttpResponseCodec.decode(W3CHttpResponseCodec.java:49)
	at org.openqa.selenium.remote.HttpCommandExecutor.execute(HttpCommandExecutor.java:158)
	at io.appium.java_client.remote.AppiumCommandExecutor.execute(AppiumCommandExecutor.java:239)
	at org.openqa.selenium.remote.RemoteWebDriver.execute(RemoteWebDriver.java:552)
	at io.appium.java_client.DefaultGenericMobileDriver.execute(DefaultGenericMobileDriver.java:42)
	at io.appium.java_client.AppiumDriver.execute(AppiumDriver.java:1)
	at io.appium.java_client.android.AndroidDriver.execute(AndroidDriver.java:1)
	at com.kms.katalon.core.appium.driver.SwipeableAndroidDriver.execute(SwipeableAndroidDriver.java:1)
	at io.appium.java_client.PerformsTouchActions.performTouchAction(PerformsTouchActions.java:41)
	at io.appium.java_client.TouchAction.perform(TouchAction.java:187)
	at com.kms.katalon.core.mobile.keyword.builtin.TapKeyword$_tap_closure1.doCall(TapKeyword.groovy:84)
	at com.kms.katalon.core.mobile.keyword.builtin.TapKeyword$_tap_closure1.call(TapKeyword.groovy)
	at com.kms.katalon.core.mobile.keyword.internal.MobileKeywordMain.runKeyword(MobileKeywordMain.groovy:21)
	... 35 more


2022-02-18 00:37:34 - [TEST_STEP][PASSED] - startApplication("C:\Users\Lenovo\Katalon Studio\Sauce Labs Mobile Test\Android.SauceLabs.Mobile.Sample.app.2.7.1.apk", false): Started app at: 'C:\Users\Lenovo\Katalon Studio\Sauce Labs Mobile Test\Android.SauceLabs.Mobile.Sample.app.2.7.1.apk'

2022-02-18 00:37:35 - [MESSAGE][INFO] - User set preference: ['appWaitActivity', '*']

2022-02-18 00:37:35 - [MESSAGE][INFO] - User set preference: ['deviceId', '4a90dd0d']

2022-02-18 00:37:38 - [MESSAGE][INFO] - Appium server started on port 60,903

2022-02-18 00:37:57 - [MESSAGE][INFO] - Failed to get Android statusbar's information.

2022-02-18 00:37:57 - [MESSAGE][PASSED] - Started app at: 'C:\Users\Lenovo\Katalon Studio\Sauce Labs Mobile Test\Android.SauceLabs.Mobile.Sample.app.2.7.1.apk'

2022-02-18 00:37:57 - [TEST_STEP][PASSED] - callTestCase(findTestCase("TC - 001 - Login"), [:], STOP_ON_FAILURE): Call Test Case 'Test Cases/TC - 001 - Login' successfully

2022-02-18 00:37:57 - [TEST_CASE][PASSED] - Test Cases/TC - 001 - Login: Test Cases/TC - 001 - Login

2022-02-18 00:37:58 - [TEST_STEP][PASSED] - setText(findTestObject("Login/EditText - Username"), "standard_user", 0): Text 'standard_user' has been set to element 'Object Repository/Login/EditText - Username'

2022-02-18 00:37:58 - [MESSAGE][WARNING] - Timeout '0' is invalid. Using default page load timeout: '30'

2022-02-18 00:38:01 - [MESSAGE][PASSED] - Text 'standard_user' has been set to element 'Object Repository/Login/EditText - Username'

2022-02-18 00:38:01 - [TEST_STEP][PASSED] - setText(findTestObject("Login/EditText - Password"), "secret_sauce", 0): Text 'secret_sauce' has been set to element 'Object Repository/Login/EditText - Password'

2022-02-18 00:38:01 - [MESSAGE][WARNING] - Timeout '0' is invalid. Using default page load timeout: '30'

2022-02-18 00:38:02 - [MESSAGE][PASSED] - Text 'secret_sauce' has been set to element 'Object Repository/Login/EditText - Password'

2022-02-18 00:38:02 - [TEST_STEP][PASSED] - tap(findTestObject("Login/Button - Login"), 0): Tapped on element 'Object Repository/Login/Button - Login'

2022-02-18 00:38:02 - [MESSAGE][WARNING] - Timeout '0' is invalid. Using default page load timeout: '30'

2022-02-18 00:38:03 - [MESSAGE][PASSED] - Tapped on element 'Object Repository/Login/Button - Login'

2022-02-18 00:38:04 - [MESSAGE][PASSED] - Call Test Case 'Test Cases/TC - 001 - Login' successfully

2022-02-18 00:38:04 - [TEST_STEP][PASSED] - delay(2, STOP_ON_FAILURE): Delayed 2 second(s)

2022-02-18 00:38:06 - [MESSAGE][PASSED] - Delayed 2 second(s)

2022-02-18 00:38:06 - [TEST_STEP][FAILED] - callTestCase(findTestCase("TC - 002 - Product"), ["Total":Total, "Item0":Item0, "Item1":Item1, "Item2":Item2, "Item3":Item3, "Item4":Item4, "Item5":Item5], STOP_ON_FAILURE): Unable to call Test Case 'Test Cases/TC - 002 - Product' (Root cause: com.kms.katalon.core.exception.StepFailedException: Call Test Case 'Test Cases/TC - 002 - Product' failed
	at com.kms.katalon.core.keyword.builtin.CallTestCaseKeyword$_callTestCase_closure1.doCall(CallTestCaseKeyword.groovy:63)
	at com.kms.katalon.core.keyword.builtin.CallTestCaseKeyword$_callTestCase_closure1.call(CallTestCaseKeyword.groovy)
	at com.kms.katalon.core.keyword.internal.KeywordMain.runKeyword(KeywordMain.groovy:68)
	at com.kms.katalon.core.keyword.builtin.CallTestCaseKeyword.callTestCase(CallTestCaseKeyword.groovy:81)
	at com.kms.katalon.core.keyword.builtin.CallTestCaseKeyword.execute(CallTestCaseKeyword.groovy:44)
	at com.kms.katalon.core.keyword.internal.KeywordExecutor.executeKeywordForPlatform(KeywordExecutor.groovy:73)
	at com.kms.katalon.core.keyword.BuiltinKeywords.callTestCase(BuiltinKeywords.groovy:334)
	at TC - 000 - Swag Labs Master.run(TC - 000 - Swag Labs Master:25)
	at com.kms.katalon.core.main.ScriptEngine.run(ScriptEngine.java:194)
	at com.kms.katalon.core.main.ScriptEngine.runScriptAsRawText(ScriptEngine.java:119)
	at com.kms.katalon.core.main.TestCaseExecutor.runScript(TestCaseExecutor.java:393)
	at com.kms.katalon.core.main.TestCaseExecutor.doExecute(TestCaseExecutor.java:384)
	at com.kms.katalon.core.main.TestCaseExecutor.processExecutionPhase(TestCaseExecutor.java:363)
	at com.kms.katalon.core.main.TestCaseExecutor.accessMainPhase(TestCaseExecutor.java:355)
	at com.kms.katalon.core.main.TestCaseExecutor.execute(TestCaseExecutor.java:251)
	at com.kms.katalon.core.main.TestSuiteExecutor.accessTestCaseMainPhase(TestSuiteExecutor.java:203)
	at com.kms.katalon.core.main.TestSuiteExecutor.accessTestSuiteMainPhase(TestSuiteExecutor.java:152)
	at com.kms.katalon.core.main.TestSuiteExecutor.execute(TestSuiteExecutor.java:95)
	at com.kms.katalon.core.main.TestCaseMain.startTestSuite(TestCaseMain.java:157)
	at com.kms.katalon.core.main.TestCaseMain$startTestSuite$0.call(Unknown Source)
	at TempTestSuite1645119445340.run(TempTestSuite1645119445340.groovy:39)
Caused by: com.kms.katalon.core.exception.StepFailedException: Failed to tap on element 'Object Repository/Product/TextView - Products' (Root cause: org.openqa.selenium.InvalidArgumentException: Coordinate [x=397.0, y=1391.0] is outside of element rect: [0,0][720,1369]
Build info: version: '3.141.59', revision: 'e82be7d358', time: '2018-11-14T08:25:53'
System info: host: 'MURI', ip: '192.168.43.147', os.name: 'Windows 10', os.arch: 'amd64', os.version: '10.0', java.version: '1.8.0_181'
Driver info: com.kms.katalon.core.appium.driver.SwipeableAndroidDriver
Capabilities {app: C:\Users\Lenovo\Katalon Stu..., appPackage: com.swaglabsmobileapp, appWaitActivity: *, autoGrantPermissions: true, automationName: uiautomator2, chromedriverPort: 60904, databaseEnabled: false, desired: {app: C:\Users\Lenovo\Katalon Stu..., appWaitActivity: *, autoGrantPermissions: true, automationName: uiautomator2, chromedriverPort: 60904, deviceId: 4a90dd0d, deviceName: Xiaomi Redmi 7 (Android 10), fullReset: false, newCommandTimeout: 1800, noReset: true, platform: ANDROID, platformName: android, platformVersion: 10, systemPort: 60902, udid: 4a90dd0d}, deviceApiLevel: 29, deviceId: 4a90dd0d, deviceManufacturer: Xiaomi, deviceModel: Redmi 7, deviceName: 4a90dd0d, deviceScreenDensity: 320, deviceScreenSize: 720x1520, deviceUDID: 4a90dd0d, fullReset: false, javascriptEnabled: true, locationContextEnabled: false, networkConnectionEnabled: true, newCommandTimeout: 1800, noReset: true, pixelRatio: 2, platform: ANDROID, platformName: Android, platformVersion: 10, statBarHeight: 55, systemPort: 60902, takesScreenshot: true, udid: 4a90dd0d, viewportRect: {height: 1314, left: 0, top: 55, width: 720}, warnings: {}, webStorageEnabled: false}
Session ID: fb8a18ff-a099-4f4b-a8e3-671b9863fe0e
	at org.openqa.selenium.remote.http.W3CHttpResponseCodec.createException(W3CHttpResponseCodec.java:187)
	at org.openqa.selenium.remote.http.W3CHttpResponseCodec.decode(W3CHttpResponseCodec.java:122)
	at org.openqa.selenium.remote.http.W3CHttpResponseCodec.decode(W3CHttpResponseCodec.java:49)
	at org.openqa.selenium.remote.HttpCommandExecutor.execute(HttpCommandExecutor.java:158)
	at io.appium.java_client.remote.AppiumCommandExecutor.execute(AppiumCommandExecutor.java:239)
	at org.openqa.selenium.remote.RemoteWebDriver.execute(RemoteWebDriver.java:552)
	at io.appium.java_client.DefaultGenericMobileDriver.execute(DefaultGenericMobileDriver.java:42)
	at io.appium.java_client.AppiumDriver.execute(AppiumDriver.java:1)
	at io.appium.java_client.android.AndroidDriver.execute(AndroidDriver.java:1)
	at com.kms.katalon.core.appium.driver.SwipeableAndroidDriver.execute(SwipeableAndroidDriver.java:1)
	at io.appium.java_client.PerformsTouchActions.performTouchAction(PerformsTouchActions.java:41)
	at io.appium.java_client.TouchAction.perform(TouchAction.java:187)
	at com.kms.katalon.core.mobile.keyword.builtin.TapKeyword$_tap_closure1.doCall(TapKeyword.groovy:84)
	at com.kms.katalon.core.mobile.keyword.builtin.TapKeyword$_tap_closure1.call(TapKeyword.groovy)
	at com.kms.katalon.core.mobile.keyword.internal.MobileKeywordMain.runKeyword(MobileKeywordMain.groovy:21)
	at com.kms.katalon.core.mobile.keyword.builtin.TapKeyword.tap(TapKeyword.groovy:86)
	at com.kms.katalon.core.mobile.keyword.builtin.TapKeyword.execute(TapKeyword.groovy:68)
	at com.kms.katalon.core.keyword.internal.KeywordExecutor.executeKeywordForPlatform(KeywordExecutor.groovy:73)
	at com.kms.katalon.core.mobile.keyword.MobileBuiltInKeywords.tap(MobileBuiltInKeywords.groovy:1267)
	at com.kms.katalon.core.mobile.keyword.MobileBuiltInKeywords$tap$1.call(Unknown Source)
	at TC - 002 - Product.run(TC - 002 - Product:26)
	at com.kms.katalon.core.main.ScriptEngine.run(ScriptEngine.java:194)
	at com.kms.katalon.core.main.ScriptEngine.runScriptAsRawText(ScriptEngine.java:119)
	at com.kms.katalon.core.main.TestCaseExecutor.runScript(TestCaseExecutor.java:393)
	at com.kms.katalon.core.main.TestCaseExecutor.doExecute(TestCaseExecutor.java:384)
	at com.kms.katalon.core.main.TestCaseExecutor.processExecutionPhase(TestCaseExecutor.java:363)
	at com.kms.katalon.core.main.TestCaseExecutor.accessMainPhase(TestCaseExecutor.java:355)
	at com.kms.katalon.core.main.TestCaseExecutor.execute(TestCaseExecutor.java:251)
	at com.kms.katalon.core.main.TestCaseMain.runTestCase(TestCaseMain.java:114)
	at com.kms.katalon.core.keyword.builtin.CallTestCaseKeyword$_callTestCase_closure1.doCall(CallTestCaseKeyword.groovy:59)
	at com.kms.katalon.core.keyword.builtin.CallTestCaseKeyword$_callTestCase_closure1.call(CallTestCaseKeyword.groovy)
	at com.kms.katalon.core.keyword.internal.KeywordMain.runKeyword(KeywordMain.groovy:68)
	at com.kms.katalon.core.keyword.builtin.CallTestCaseKeyword.callTestCase(CallTestCaseKeyword.groovy:81)
	at com.kms.katalon.core.keyword.builtin.CallTestCaseKeyword.execute(CallTestCaseKeyword.groovy:44)
	at com.kms.katalon.core.keyword.internal.KeywordExecutor.executeKeywordForPlatform(KeywordExecutor.groovy:73)
	at com.kms.katalon.core.keyword.BuiltinKeywords.callTestCase(BuiltinKeywords.groovy:334)
	at TC - 000 - Swag Labs Master.run(TC - 000 - Swag Labs Master:25)
	at com.kms.katalon.core.main.ScriptEngine.run(ScriptEngine.java:194)
	at com.kms.katalon.core.main.ScriptEngine.runScriptAsRawText(ScriptEngine.java:119)
	at com.kms.katalon.core.main.TestCaseExecutor.runScript(TestCaseExecutor.java:393)
	at com.kms.katalon.core.main.TestCaseExecutor.doExecute(TestCaseExecutor.java:384)
	at com.kms.katalon.core.main.TestCaseExecutor.processExecutionPhase(TestCaseExecutor.java:363)
	at com.kms.katalon.core.main.TestCaseExecutor.accessMainPhase(TestCaseExecutor.java:355)
	at com.kms.katalon.core.main.TestCaseExecutor.execute(TestCaseExecutor.java:251)
	at com.kms.katalon.core.main.TestSuiteExecutor.accessTestCaseMainPhase(TestSuiteExecutor.java:203)
	at com.kms.katalon.core.main.TestSuiteExecutor.accessTestSuiteMainPhase(TestSuiteExecutor.java:152)
	at com.kms.katalon.core.main.TestSuiteExecutor.execute(TestSuiteExecutor.java:95)
	at com.kms.katalon.core.main.TestCaseMain.startTestSuite(TestCaseMain.java:157)
	at com.kms.katalon.core.main.TestCaseMain$startTestSuite$0.call(Unknown Source)
	at TempTestSuite1645119445340.run(TempTestSuite1645119445340.groovy:39)
)
	at com.kms.katalon.core.keyword.internal.KeywordMain.stepFailed(KeywordMain.groovy:50)
	at com.kms.katalon.core.mobile.keyword.internal.MobileKeywordMain.stepFailed(MobileKeywordMain.groovy:40)
	at com.kms.katalon.core.mobile.keyword.internal.MobileKeywordMain.runKeyword(MobileKeywordMain.groovy:23)
	at com.kms.katalon.core.mobile.keyword.builtin.TapKeyword.tap(TapKeyword.groovy:86)
	at com.kms.katalon.core.mobile.keyword.builtin.TapKeyword.execute(TapKeyword.groovy:68)
	at com.kms.katalon.core.keyword.internal.KeywordExecutor.executeKeywordForPlatform(KeywordExecutor.groovy:73)
	at com.kms.katalon.core.mobile.keyword.MobileBuiltInKeywords.tap(MobileBuiltInKeywords.groovy:1267)
	at com.kms.katalon.core.mobile.keyword.MobileBuiltInKeywords$tap$1.call(Unknown Source)
	at TC - 002 - Product.run(TC - 002 - Product:26)
	at com.kms.katalon.core.main.ScriptEngine.run(ScriptEngine.java:194)
	at com.kms.katalon.core.main.ScriptEngine.runScriptAsRawText(ScriptEngine.java:119)
	at com.kms.katalon.core.main.TestCaseExecutor.runScript(TestCaseExecutor.java:393)
	at com.kms.katalon.core.main.TestCaseExecutor.doExecute(TestCaseExecutor.java:384)
	at com.kms.katalon.core.main.TestCaseExecutor.processExecutionPhase(TestCaseExecutor.java:363)
	at com.kms.katalon.core.main.TestCaseExecutor.accessMainPhase(TestCaseExecutor.java:355)
	at com.kms.katalon.core.main.TestCaseExecutor.execute(TestCaseExecutor.java:251)
	at com.kms.katalon.core.main.TestCaseMain.runTestCase(TestCaseMain.java:114)
	at com.kms.katalon.core.keyword.builtin.CallTestCaseKeyword$_callTestCase_closure1.doCall(CallTestCaseKeyword.groovy:59)
	... 20 more
Caused by: org.openqa.selenium.InvalidArgumentException: Coordinate [x=397.0, y=1391.0] is outside of element rect: [0,0][720,1369]
Build info: version: '3.141.59', revision: 'e82be7d358', time: '2018-11-14T08:25:53'
System info: host: 'MURI', ip: '192.168.43.147', os.name: 'Windows 10', os.arch: 'amd64', os.version: '10.0', java.version: '1.8.0_181'
Driver info: com.kms.katalon.core.appium.driver.SwipeableAndroidDriver
Capabilities {app: C:\Users\Lenovo\Katalon Stu..., appPackage: com.swaglabsmobileapp, appWaitActivity: *, autoGrantPermissions: true, automationName: uiautomator2, chromedriverPort: 60904, databaseEnabled: false, desired: {app: C:\Users\Lenovo\Katalon Stu..., appWaitActivity: *, autoGrantPermissions: true, automationName: uiautomator2, chromedriverPort: 60904, deviceId: 4a90dd0d, deviceName: Xiaomi Redmi 7 (Android 10), fullReset: false, newCommandTimeout: 1800, noReset: true, platform: ANDROID, platformName: android, platformVersion: 10, systemPort: 60902, udid: 4a90dd0d}, deviceApiLevel: 29, deviceId: 4a90dd0d, deviceManufacturer: Xiaomi, deviceModel: Redmi 7, deviceName: 4a90dd0d, deviceScreenDensity: 320, deviceScreenSize: 720x1520, deviceUDID: 4a90dd0d, fullReset: false, javascriptEnabled: true, locationContextEnabled: false, networkConnectionEnabled: true, newCommandTimeout: 1800, noReset: true, pixelRatio: 2, platform: ANDROID, platformName: Android, platformVersion: 10, statBarHeight: 55, systemPort: 60902, takesScreenshot: true, udid: 4a90dd0d, viewportRect: {height: 1314, left: 0, top: 55, width: 720}, warnings: {}, webStorageEnabled: false}
Session ID: fb8a18ff-a099-4f4b-a8e3-671b9863fe0e
	at org.openqa.selenium.remote.http.W3CHttpResponseCodec.createException(W3CHttpResponseCodec.java:187)
	at org.openqa.selenium.remote.http.W3CHttpResponseCodec.decode(W3CHttpResponseCodec.java:122)
	at org.openqa.selenium.remote.http.W3CHttpResponseCodec.decode(W3CHttpResponseCodec.java:49)
	at org.openqa.selenium.remote.HttpCommandExecutor.execute(HttpCommandExecutor.java:158)
	at io.appium.java_client.remote.AppiumCommandExecutor.execute(AppiumCommandExecutor.java:239)
	at org.openqa.selenium.remote.RemoteWebDriver.execute(RemoteWebDriver.java:552)
	at io.appium.java_client.DefaultGenericMobileDriver.execute(DefaultGenericMobileDriver.java:42)
	at io.appium.java_client.AppiumDriver.execute(AppiumDriver.java:1)
	at io.appium.java_client.android.AndroidDriver.execute(AndroidDriver.java:1)
	at com.kms.katalon.core.appium.driver.SwipeableAndroidDriver.execute(SwipeableAndroidDriver.java:1)
	at io.appium.java_client.PerformsTouchActions.performTouchAction(PerformsTouchActions.java:41)
	at io.appium.java_client.TouchAction.perform(TouchAction.java:187)
	at com.kms.katalon.core.mobile.keyword.builtin.TapKeyword$_tap_closure1.doCall(TapKeyword.groovy:84)
	at com.kms.katalon.core.mobile.keyword.builtin.TapKeyword$_tap_closure1.call(TapKeyword.groovy)
	at com.kms.katalon.core.mobile.keyword.internal.MobileKeywordMain.runKeyword(MobileKeywordMain.groovy:21)
	... 35 more
)

2022-02-18 00:38:06 - [TEST_CASE][FAILED] - Test Cases/TC - 002 - Product: Test Cases/TC - 002 - Product FAILED.
Reason:
com.kms.katalon.core.exception.StepFailedException: Failed to tap on element 'Object Repository/Product/TextView - Products' (Root cause: org.openqa.selenium.InvalidArgumentException: Coordinate [x=397.0, y=1391.0] is outside of element rect: [0,0][720,1369]
Build info: version: '3.141.59', revision: 'e82be7d358', time: '2018-11-14T08:25:53'
System info: host: 'MURI', ip: '192.168.43.147', os.name: 'Windows 10', os.arch: 'amd64', os.version: '10.0', java.version: '1.8.0_181'
Driver info: com.kms.katalon.core.appium.driver.SwipeableAndroidDriver
Capabilities {app: C:\Users\Lenovo\Katalon Stu..., appPackage: com.swaglabsmobileapp, appWaitActivity: *, autoGrantPermissions: true, automationName: uiautomator2, chromedriverPort: 60904, databaseEnabled: false, desired: {app: C:\Users\Lenovo\Katalon Stu..., appWaitActivity: *, autoGrantPermissions: true, automationName: uiautomator2, chromedriverPort: 60904, deviceId: 4a90dd0d, deviceName: Xiaomi Redmi 7 (Android 10), fullReset: false, newCommandTimeout: 1800, noReset: true, platform: ANDROID, platformName: android, platformVersion: 10, systemPort: 60902, udid: 4a90dd0d}, deviceApiLevel: 29, deviceId: 4a90dd0d, deviceManufacturer: Xiaomi, deviceModel: Redmi 7, deviceName: 4a90dd0d, deviceScreenDensity: 320, deviceScreenSize: 720x1520, deviceUDID: 4a90dd0d, fullReset: false, javascriptEnabled: true, locationContextEnabled: false, networkConnectionEnabled: true, newCommandTimeout: 1800, noReset: true, pixelRatio: 2, platform: ANDROID, platformName: Android, platformVersion: 10, statBarHeight: 55, systemPort: 60902, takesScreenshot: true, udid: 4a90dd0d, viewportRect: {height: 1314, left: 0, top: 55, width: 720}, warnings: {}, webStorageEnabled: false}
Session ID: fb8a18ff-a099-4f4b-a8e3-671b9863fe0e
	at org.openqa.selenium.remote.http.W3CHttpResponseCodec.createException(W3CHttpResponseCodec.java:187)
	at org.openqa.selenium.remote.http.W3CHttpResponseCodec.decode(W3CHttpResponseCodec.java:122)
	at org.openqa.selenium.remote.http.W3CHttpResponseCodec.decode(W3CHttpResponseCodec.java:49)
	at org.openqa.selenium.remote.HttpCommandExecutor.execute(HttpCommandExecutor.java:158)
	at io.appium.java_client.remote.AppiumCommandExecutor.execute(AppiumCommandExecutor.java:239)
	at org.openqa.selenium.remote.RemoteWebDriver.execute(RemoteWebDriver.java:552)
	at io.appium.java_client.DefaultGenericMobileDriver.execute(DefaultGenericMobileDriver.java:42)
	at io.appium.java_client.AppiumDriver.execute(AppiumDriver.java:1)
	at io.appium.java_client.android.AndroidDriver.execute(AndroidDriver.java:1)
	at com.kms.katalon.core.appium.driver.SwipeableAndroidDriver.execute(SwipeableAndroidDriver.java:1)
	at io.appium.java_client.PerformsTouchActions.performTouchAction(PerformsTouchActions.java:41)
	at io.appium.java_client.TouchAction.perform(TouchAction.java:187)
	at com.kms.katalon.core.mobile.keyword.builtin.TapKeyword$_tap_closure1.doCall(TapKeyword.groovy:84)
	at com.kms.katalon.core.mobile.keyword.builtin.TapKeyword$_tap_closure1.call(TapKeyword.groovy)
	at com.kms.katalon.core.mobile.keyword.internal.MobileKeywordMain.runKeyword(MobileKeywordMain.groovy:21)
	at com.kms.katalon.core.mobile.keyword.builtin.TapKeyword.tap(TapKeyword.groovy:86)
	at com.kms.katalon.core.mobile.keyword.builtin.TapKeyword.execute(TapKeyword.groovy:68)
	at com.kms.katalon.core.keyword.internal.KeywordExecutor.executeKeywordForPlatform(KeywordExecutor.groovy:73)
	at com.kms.katalon.core.mobile.keyword.MobileBuiltInKeywords.tap(MobileBuiltInKeywords.groovy:1267)
	at com.kms.katalon.core.mobile.keyword.MobileBuiltInKeywords$tap$1.call(Unknown Source)
	at TC - 002 - Product.run(TC - 002 - Product:26)
	at com.kms.katalon.core.main.ScriptEngine.run(ScriptEngine.java:194)
	at com.kms.katalon.core.main.ScriptEngine.runScriptAsRawText(ScriptEngine.java:119)
	at com.kms.katalon.core.main.TestCaseExecutor.runScript(TestCaseExecutor.java:393)
	at com.kms.katalon.core.main.TestCaseExecutor.doExecute(TestCaseExecutor.java:384)
	at com.kms.katalon.core.main.TestCaseExecutor.processExecutionPhase(TestCaseExecutor.java:363)
	at com.kms.katalon.core.main.TestCaseExecutor.accessMainPhase(TestCaseExecutor.java:355)
	at com.kms.katalon.core.main.TestCaseExecutor.execute(TestCaseExecutor.java:251)
	at com.kms.katalon.core.main.TestCaseMain.runTestCase(TestCaseMain.java:114)
	at com.kms.katalon.core.keyword.builtin.CallTestCaseKeyword$_callTestCase_closure1.doCall(CallTestCaseKeyword.groovy:59)
	at com.kms.katalon.core.keyword.builtin.CallTestCaseKeyword$_callTestCase_closure1.call(CallTestCaseKeyword.groovy)
	at com.kms.katalon.core.keyword.internal.KeywordMain.runKeyword(KeywordMain.groovy:68)
	at com.kms.katalon.core.keyword.builtin.CallTestCaseKeyword.callTestCase(CallTestCaseKeyword.groovy:81)
	at com.kms.katalon.core.keyword.builtin.CallTestCaseKeyword.execute(CallTestCaseKeyword.groovy:44)
	at com.kms.katalon.core.keyword.internal.KeywordExecutor.executeKeywordForPlatform(KeywordExecutor.groovy:73)
	at com.kms.katalon.core.keyword.BuiltinKeywords.callTestCase(BuiltinKeywords.groovy:334)
	at TC - 000 - Swag Labs Master.run(TC - 000 - Swag Labs Master:25)
	at com.kms.katalon.core.main.ScriptEngine.run(ScriptEngine.java:194)
	at com.kms.katalon.core.main.ScriptEngine.runScriptAsRawText(ScriptEngine.java:119)
	at com.kms.katalon.core.main.TestCaseExecutor.runScript(TestCaseExecutor.java:393)
	at com.kms.katalon.core.main.TestCaseExecutor.doExecute(TestCaseExecutor.java:384)
	at com.kms.katalon.core.main.TestCaseExecutor.processExecutionPhase(TestCaseExecutor.java:363)
	at com.kms.katalon.core.main.TestCaseExecutor.accessMainPhase(TestCaseExecutor.java:355)
	at com.kms.katalon.core.main.TestCaseExecutor.execute(TestCaseExecutor.java:251)
	at com.kms.katalon.core.main.TestSuiteExecutor.accessTestCaseMainPhase(TestSuiteExecutor.java:203)
	at com.kms.katalon.core.main.TestSuiteExecutor.accessTestSuiteMainPhase(TestSuiteExecutor.java:152)
	at com.kms.katalon.core.main.TestSuiteExecutor.execute(TestSuiteExecutor.java:95)
	at com.kms.katalon.core.main.TestCaseMain.startTestSuite(TestCaseMain.java:157)
	at com.kms.katalon.core.main.TestCaseMain$startTestSuite$0.call(Unknown Source)
	at TempTestSuite1645119445340.run(TempTestSuite1645119445340.groovy:39)
)
	at com.kms.katalon.core.keyword.internal.KeywordMain.stepFailed(KeywordMain.groovy:50)
	at com.kms.katalon.core.mobile.keyword.internal.MobileKeywordMain.stepFailed(MobileKeywordMain.groovy:40)
	at com.kms.katalon.core.mobile.keyword.internal.MobileKeywordMain.runKeyword(MobileKeywordMain.groovy:23)
	at com.kms.katalon.core.mobile.keyword.builtin.TapKeyword.tap(TapKeyword.groovy:86)
	at com.kms.katalon.core.mobile.keyword.builtin.TapKeyword.execute(TapKeyword.groovy:68)
	at com.kms.katalon.core.keyword.internal.KeywordExecutor.executeKeywordForPlatform(KeywordExecutor.groovy:73)
	at com.kms.katalon.core.mobile.keyword.MobileBuiltInKeywords.tap(MobileBuiltInKeywords.groovy:1267)
	at com.kms.katalon.core.mobile.keyword.MobileBuiltInKeywords$tap$1.call(Unknown Source)
	at TC - 002 - Product.run(TC - 002 - Product:26)
	at com.kms.katalon.core.main.ScriptEngine.run(ScriptEngine.java:194)
	at com.kms.katalon.core.main.ScriptEngine.runScriptAsRawText(ScriptEngine.java:119)
	at com.kms.katalon.core.main.TestCaseExecutor.runScript(TestCaseExecutor.java:393)
	at com.kms.katalon.core.main.TestCaseExecutor.doExecute(TestCaseExecutor.java:384)
	at com.kms.katalon.core.main.TestCaseExecutor.processExecutionPhase(TestCaseExecutor.java:363)
	at com.kms.katalon.core.main.TestCaseExecutor.accessMainPhase(TestCaseExecutor.java:355)
	at com.kms.katalon.core.main.TestCaseExecutor.execute(TestCaseExecutor.java:251)
	at com.kms.katalon.core.main.TestCaseMain.runTestCase(TestCaseMain.java:114)
	at com.kms.katalon.core.keyword.builtin.CallTestCaseKeyword$_callTestCase_closure1.doCall(CallTestCaseKeyword.groovy:59)
	at com.kms.katalon.core.keyword.builtin.CallTestCaseKeyword$_callTestCase_closure1.call(CallTestCaseKeyword.groovy)
	at com.kms.katalon.core.keyword.internal.KeywordMain.runKeyword(KeywordMain.groovy:68)
	at com.kms.katalon.core.keyword.builtin.CallTestCaseKeyword.callTestCase(CallTestCaseKeyword.groovy:81)
	at com.kms.katalon.core.keyword.builtin.CallTestCaseKeyword.execute(CallTestCaseKeyword.groovy:44)
	at com.kms.katalon.core.keyword.internal.KeywordExecutor.executeKeywordForPlatform(KeywordExecutor.groovy:73)
	at com.kms.katalon.core.keyword.BuiltinKeywords.callTestCase(BuiltinKeywords.groovy:334)
	at TC - 000 - Swag Labs Master.run(TC - 000 - Swag Labs Master:25)
	at com.kms.katalon.core.main.ScriptEngine.run(ScriptEngine.java:194)
	at com.kms.katalon.core.main.ScriptEngine.runScriptAsRawText(ScriptEngine.java:119)
	at com.kms.katalon.core.main.TestCaseExecutor.runScript(TestCaseExecutor.java:393)
	at com.kms.katalon.core.main.TestCaseExecutor.doExecute(TestCaseExecutor.java:384)
	at com.kms.katalon.core.main.TestCaseExecutor.processExecutionPhase(TestCaseExecutor.java:363)
	at com.kms.katalon.core.main.TestCaseExecutor.accessMainPhase(TestCaseExecutor.java:355)
	at com.kms.katalon.core.main.TestCaseExecutor.execute(TestCaseExecutor.java:251)
	at com.kms.katalon.core.main.TestSuiteExecutor.accessTestCaseMainPhase(TestSuiteExecutor.java:203)
	at com.kms.katalon.core.main.TestSuiteExecutor.accessTestSuiteMainPhase(TestSuiteExecutor.java:152)
	at com.kms.katalon.core.main.TestSuiteExecutor.execute(TestSuiteExecutor.java:95)
	at com.kms.katalon.core.main.TestCaseMain.startTestSuite(TestCaseMain.java:157)
	at com.kms.katalon.core.main.TestCaseMain$startTestSuite$0.call(Unknown Source)
	at TempTestSuite1645119445340.run(TempTestSuite1645119445340.groovy:39)
Caused by: org.openqa.selenium.InvalidArgumentException: Coordinate [x=397.0, y=1391.0] is outside of element rect: [0,0][720,1369]
Build info: version: '3.141.59', revision: 'e82be7d358', time: '2018-11-14T08:25:53'
System info: host: 'MURI', ip: '192.168.43.147', os.name: 'Windows 10', os.arch: 'amd64', os.version: '10.0', java.version: '1.8.0_181'
Driver info: com.kms.katalon.core.appium.driver.SwipeableAndroidDriver
Capabilities {app: C:\Users\Lenovo\Katalon Stu..., appPackage: com.swaglabsmobileapp, appWaitActivity: *, autoGrantPermissions: true, automationName: uiautomator2, chromedriverPort: 60904, databaseEnabled: false, desired: {app: C:\Users\Lenovo\Katalon Stu..., appWaitActivity: *, autoGrantPermissions: true, automationName: uiautomator2, chromedriverPort: 60904, deviceId: 4a90dd0d, deviceName: Xiaomi Redmi 7 (Android 10), fullReset: false, newCommandTimeout: 1800, noReset: true, platform: ANDROID, platformName: android, platformVersion: 10, systemPort: 60902, udid: 4a90dd0d}, deviceApiLevel: 29, deviceId: 4a90dd0d, deviceManufacturer: Xiaomi, deviceModel: Redmi 7, deviceName: 4a90dd0d, deviceScreenDensity: 320, deviceScreenSize: 720x1520, deviceUDID: 4a90dd0d, fullReset: false, javascriptEnabled: true, locationContextEnabled: false, networkConnectionEnabled: true, newCommandTimeout: 1800, noReset: true, pixelRatio: 2, platform: ANDROID, platformName: Android, platformVersion: 10, statBarHeight: 55, systemPort: 60902, takesScreenshot: true, udid: 4a90dd0d, viewportRect: {height: 1314, left: 0, top: 55, width: 720}, warnings: {}, webStorageEnabled: false}
Session ID: fb8a18ff-a099-4f4b-a8e3-671b9863fe0e
	at org.openqa.selenium.remote.http.W3CHttpResponseCodec.createException(W3CHttpResponseCodec.java:187)
	at org.openqa.selenium.remote.http.W3CHttpResponseCodec.decode(W3CHttpResponseCodec.java:122)
	at org.openqa.selenium.remote.http.W3CHttpResponseCodec.decode(W3CHttpResponseCodec.java:49)
	at org.openqa.selenium.remote.HttpCommandExecutor.execute(HttpCommandExecutor.java:158)
	at io.appium.java_client.remote.AppiumCommandExecutor.execute(AppiumCommandExecutor.java:239)
	at org.openqa.selenium.remote.RemoteWebDriver.execute(RemoteWebDriver.java:552)
	at io.appium.java_client.DefaultGenericMobileDriver.execute(DefaultGenericMobileDriver.java:42)
	at io.appium.java_client.AppiumDriver.execute(AppiumDriver.java:1)
	at io.appium.java_client.android.AndroidDriver.execute(AndroidDriver.java:1)
	at com.kms.katalon.core.appium.driver.SwipeableAndroidDriver.execute(SwipeableAndroidDriver.java:1)
	at io.appium.java_client.PerformsTouchActions.performTouchAction(PerformsTouchActions.java:41)
	at io.appium.java_client.TouchAction.perform(TouchAction.java:187)
	at com.kms.katalon.core.mobile.keyword.builtin.TapKeyword$_tap_closure1.doCall(TapKeyword.groovy:84)
	at com.kms.katalon.core.mobile.keyword.builtin.TapKeyword$_tap_closure1.call(TapKeyword.groovy)
	at com.kms.katalon.core.mobile.keyword.internal.MobileKeywordMain.runKeyword(MobileKeywordMain.groovy:21)
	... 35 more


2022-02-18 00:38:07 - [TEST_STEP][FAILED] - for ([i = 0, i < Total, (i++)]): Failed to tap on element 'Object Repository/Product/TextView - Products' (Root cause: org.openqa.selenium.InvalidArgumentException: Coordinate [x=397.0, y=1391.0] is outside of element rect: [0,0][720,1369]
Build info: version: '3.141.59', revision: 'e82be7d358', time: '2018-11-14T08:25:53'
System info: host: 'MURI', ip: '192.168.43.147', os.name: 'Windows 10', os.arch: 'amd64', os.version: '10.0', java.version: '1.8.0_181'
Driver info: com.kms.katalon.core.appium.driver.SwipeableAndroidDriver
Capabilities {app: C:\Users\Lenovo\Katalon Stu..., appPackage: com.swaglabsmobileapp, appWaitActivity: *, autoGrantPermissions: true, automationName: uiautomator2, chromedriverPort: 60904, databaseEnabled: false, desired: {app: C:\Users\Lenovo\Katalon Stu..., appWaitActivity: *, autoGrantPermissions: true, automationName: uiautomator2, chromedriverPort: 60904, deviceId: 4a90dd0d, deviceName: Xiaomi Redmi 7 (Android 10), fullReset: false, newCommandTimeout: 1800, noReset: true, platform: ANDROID, platformName: android, platformVersion: 10, systemPort: 60902, udid: 4a90dd0d}, deviceApiLevel: 29, deviceId: 4a90dd0d, deviceManufacturer: Xiaomi, deviceModel: Redmi 7, deviceName: 4a90dd0d, deviceScreenDensity: 320, deviceScreenSize: 720x1520, deviceUDID: 4a90dd0d, fullReset: false, javascriptEnabled: true, locationContextEnabled: false, networkConnectionEnabled: true, newCommandTimeout: 1800, noReset: true, pixelRatio: 2, platform: ANDROID, platformName: Android, platformVersion: 10, statBarHeight: 55, systemPort: 60902, takesScreenshot: true, udid: 4a90dd0d, viewportRect: {height: 1314, left: 0, top: 55, width: 720}, warnings: {}, webStorageEnabled: false}
Session ID: fb8a18ff-a099-4f4b-a8e3-671b9863fe0e
	at org.openqa.selenium.remote.http.W3CHttpResponseCodec.createException(W3CHttpResponseCodec.java:187)
	at org.openqa.selenium.remote.http.W3CHttpResponseCodec.decode(W3CHttpResponseCodec.java:122)
	at org.openqa.selenium.remote.http.W3CHttpResponseCodec.decode(W3CHttpResponseCodec.java:49)
	at org.openqa.selenium.remote.HttpCommandExecutor.execute(HttpCommandExecutor.java:158)
	at io.appium.java_client.remote.AppiumCommandExecutor.execute(AppiumCommandExecutor.java:239)
	at org.openqa.selenium.remote.RemoteWebDriver.execute(RemoteWebDriver.java:552)
	at io.appium.java_client.DefaultGenericMobileDriver.execute(DefaultGenericMobileDriver.java:42)
	at io.appium.java_client.AppiumDriver.execute(AppiumDriver.java:1)
	at io.appium.java_client.android.AndroidDriver.execute(AndroidDriver.java:1)
	at com.kms.katalon.core.appium.driver.SwipeableAndroidDriver.execute(SwipeableAndroidDriver.java:1)
	at io.appium.java_client.PerformsTouchActions.performTouchAction(PerformsTouchActions.java:41)
	at io.appium.java_client.TouchAction.perform(TouchAction.java:187)
	at com.kms.katalon.core.mobile.keyword.builtin.TapKeyword$_tap_closure1.doCall(TapKeyword.groovy:84)
	at com.kms.katalon.core.mobile.keyword.builtin.TapKeyword$_tap_closure1.call(TapKeyword.groovy)
	at com.kms.katalon.core.mobile.keyword.internal.MobileKeywordMain.runKeyword(MobileKeywordMain.groovy:21)
	at com.kms.katalon.core.mobile.keyword.builtin.TapKeyword.tap(TapKeyword.groovy:86)
	at com.kms.katalon.core.mobile.keyword.builtin.TapKeyword.execute(TapKeyword.groovy:68)
	at com.kms.katalon.core.keyword.internal.KeywordExecutor.executeKeywordForPlatform(KeywordExecutor.groovy:73)
	at com.kms.katalon.core.mobile.keyword.MobileBuiltInKeywords.tap(MobileBuiltInKeywords.groovy:1267)
	at com.kms.katalon.core.mobile.keyword.MobileBuiltInKeywords$tap$1.call(Unknown Source)
	at TC - 002 - Product.run(TC - 002 - Product:26)
	at com.kms.katalon.core.main.ScriptEngine.run(ScriptEngine.java:194)
	at com.kms.katalon.core.main.ScriptEngine.runScriptAsRawText(ScriptEngine.java:119)
	at com.kms.katalon.core.main.TestCaseExecutor.runScript(TestCaseExecutor.java:393)
	at com.kms.katalon.core.main.TestCaseExecutor.doExecute(TestCaseExecutor.java:384)
	at com.kms.katalon.core.main.TestCaseExecutor.processExecutionPhase(TestCaseExecutor.java:363)
	at com.kms.katalon.core.main.TestCaseExecutor.accessMainPhase(TestCaseExecutor.java:355)
	at com.kms.katalon.core.main.TestCaseExecutor.execute(TestCaseExecutor.java:251)
	at com.kms.katalon.core.main.TestCaseMain.runTestCase(TestCaseMain.java:114)
	at com.kms.katalon.core.keyword.builtin.CallTestCaseKeyword$_callTestCase_closure1.doCall(CallTestCaseKeyword.groovy:59)
	at com.kms.katalon.core.keyword.builtin.CallTestCaseKeyword$_callTestCase_closure1.call(CallTestCaseKeyword.groovy)
	at com.kms.katalon.core.keyword.internal.KeywordMain.runKeyword(KeywordMain.groovy:68)
	at com.kms.katalon.core.keyword.builtin.CallTestCaseKeyword.callTestCase(CallTestCaseKeyword.groovy:81)
	at com.kms.katalon.core.keyword.builtin.CallTestCaseKeyword.execute(CallTestCaseKeyword.groovy:44)
	at com.kms.katalon.core.keyword.internal.KeywordExecutor.executeKeywordForPlatform(KeywordExecutor.groovy:73)
	at com.kms.katalon.core.keyword.BuiltinKeywords.callTestCase(BuiltinKeywords.groovy:334)
	at TC - 000 - Swag Labs Master.run(TC - 000 - Swag Labs Master:25)
	at com.kms.katalon.core.main.ScriptEngine.run(ScriptEngine.java:194)
	at com.kms.katalon.core.main.ScriptEngine.runScriptAsRawText(ScriptEngine.java:119)
	at com.kms.katalon.core.main.TestCaseExecutor.runScript(TestCaseExecutor.java:393)
	at com.kms.katalon.core.main.TestCaseExecutor.doExecute(TestCaseExecutor.java:384)
	at com.kms.katalon.core.main.TestCaseExecutor.processExecutionPhase(TestCaseExecutor.java:363)
	at com.kms.katalon.core.main.TestCaseExecutor.accessMainPhase(TestCaseExecutor.java:355)
	at com.kms.katalon.core.main.TestCaseExecutor.execute(TestCaseExecutor.java:251)
	at com.kms.katalon.core.main.TestSuiteExecutor.accessTestCaseMainPhase(TestSuiteExecutor.java:203)
	at com.kms.katalon.core.main.TestSuiteExecutor.accessTestSuiteMainPhase(TestSuiteExecutor.java:152)
	at com.kms.katalon.core.main.TestSuiteExecutor.execute(TestSuiteExecutor.java:95)
	at com.kms.katalon.core.main.TestCaseMain.startTestSuite(TestCaseMain.java:157)
	at com.kms.katalon.core.main.TestCaseMain$startTestSuite$0.call(Unknown Source)
	at TempTestSuite1645119445340.run(TempTestSuite1645119445340.groovy:39)
)

2022-02-18 00:38:07 - [TEST_STEP][PASSED] - if (i == 0): Tapped on element 'Object Repository/Product/TextView - Products'

2022-02-18 00:38:07 - [TEST_STEP][PASSED] - scrollToText(Item0, STOP_ON_FAILURE): Scrolling to text 'Jacket' successfully

2022-02-18 00:38:11 - [MESSAGE][PASSED] - Scrolling to text 'Jacket' successfully

2022-02-18 00:38:11 - [TEST_STEP][PASSED] - tap(findTestObject("Product/TextView - Products", ["text":Item0]), 0): Tapped on element 'Object Repository/Product/TextView - Products'

2022-02-18 00:38:12 - [MESSAGE][WARNING] - Timeout '0' is invalid. Using default page load timeout: '30'

2022-02-18 00:38:12 - [MESSAGE][PASSED] - Tapped on element 'Object Repository/Product/TextView - Products'

2022-02-18 00:38:12 - [TEST_STEP][PASSED] - scrollToText("ADD TO CART", STOP_ON_FAILURE): Scrolling to text 'ADD TO CART' successfully

2022-02-18 00:38:17 - [MESSAGE][PASSED] - Scrolling to text 'ADD TO CART' successfully

2022-02-18 00:38:17 - [TEST_STEP][PASSED] - tap(findTestObject("Product/TextView - ADD TO CART"), 0): Tapped on element 'Object Repository/Product/TextView - ADD TO CART'

2022-02-18 00:38:17 - [MESSAGE][WARNING] - Timeout '0' is invalid. Using default page load timeout: '30'

2022-02-18 00:38:18 - [MESSAGE][PASSED] - Tapped on element 'Object Repository/Product/TextView - ADD TO CART'

2022-02-18 00:38:18 - [TEST_STEP][PASSED] - tap(findTestObject("Product/Button - BACK TO PRODUCTS"), 0): Tapped on element 'Object Repository/Product/Button - BACK TO PRODUCTS'

2022-02-18 00:38:18 - [MESSAGE][WARNING] - Timeout '0' is invalid. Using default page load timeout: '30'

2022-02-18 00:38:19 - [MESSAGE][PASSED] - Tapped on element 'Object Repository/Product/Button - BACK TO PRODUCTS'

2022-02-18 00:38:19 - [TEST_STEP][PASSED] - if (i == 0): null

2022-02-18 00:38:19 - [TEST_STEP][FAILED] - else if (i == 1): Failed to tap on element 'Object Repository/Product/TextView - Products' (Root cause: org.openqa.selenium.InvalidArgumentException: Coordinate [x=397.0, y=1391.0] is outside of element rect: [0,0][720,1369]
Build info: version: '3.141.59', revision: 'e82be7d358', time: '2018-11-14T08:25:53'
System info: host: 'MURI', ip: '192.168.43.147', os.name: 'Windows 10', os.arch: 'amd64', os.version: '10.0', java.version: '1.8.0_181'
Driver info: com.kms.katalon.core.appium.driver.SwipeableAndroidDriver
Capabilities {app: C:\Users\Lenovo\Katalon Stu..., appPackage: com.swaglabsmobileapp, appWaitActivity: *, autoGrantPermissions: true, automationName: uiautomator2, chromedriverPort: 60904, databaseEnabled: false, desired: {app: C:\Users\Lenovo\Katalon Stu..., appWaitActivity: *, autoGrantPermissions: true, automationName: uiautomator2, chromedriverPort: 60904, deviceId: 4a90dd0d, deviceName: Xiaomi Redmi 7 (Android 10), fullReset: false, newCommandTimeout: 1800, noReset: true, platform: ANDROID, platformName: android, platformVersion: 10, systemPort: 60902, udid: 4a90dd0d}, deviceApiLevel: 29, deviceId: 4a90dd0d, deviceManufacturer: Xiaomi, deviceModel: Redmi 7, deviceName: 4a90dd0d, deviceScreenDensity: 320, deviceScreenSize: 720x1520, deviceUDID: 4a90dd0d, fullReset: false, javascriptEnabled: true, locationContextEnabled: false, networkConnectionEnabled: true, newCommandTimeout: 1800, noReset: true, pixelRatio: 2, platform: ANDROID, platformName: Android, platformVersion: 10, statBarHeight: 55, systemPort: 60902, takesScreenshot: true, udid: 4a90dd0d, viewportRect: {height: 1314, left: 0, top: 55, width: 720}, warnings: {}, webStorageEnabled: false}
Session ID: fb8a18ff-a099-4f4b-a8e3-671b9863fe0e
	at org.openqa.selenium.remote.http.W3CHttpResponseCodec.createException(W3CHttpResponseCodec.java:187)
	at org.openqa.selenium.remote.http.W3CHttpResponseCodec.decode(W3CHttpResponseCodec.java:122)
	at org.openqa.selenium.remote.http.W3CHttpResponseCodec.decode(W3CHttpResponseCodec.java:49)
	at org.openqa.selenium.remote.HttpCommandExecutor.execute(HttpCommandExecutor.java:158)
	at io.appium.java_client.remote.AppiumCommandExecutor.execute(AppiumCommandExecutor.java:239)
	at org.openqa.selenium.remote.RemoteWebDriver.execute(RemoteWebDriver.java:552)
	at io.appium.java_client.DefaultGenericMobileDriver.execute(DefaultGenericMobileDriver.java:42)
	at io.appium.java_client.AppiumDriver.execute(AppiumDriver.java:1)
	at io.appium.java_client.android.AndroidDriver.execute(AndroidDriver.java:1)
	at com.kms.katalon.core.appium.driver.SwipeableAndroidDriver.execute(SwipeableAndroidDriver.java:1)
	at io.appium.java_client.PerformsTouchActions.performTouchAction(PerformsTouchActions.java:41)
	at io.appium.java_client.TouchAction.perform(TouchAction.java:187)
	at com.kms.katalon.core.mobile.keyword.builtin.TapKeyword$_tap_closure1.doCall(TapKeyword.groovy:84)
	at com.kms.katalon.core.mobile.keyword.builtin.TapKeyword$_tap_closure1.call(TapKeyword.groovy)
	at com.kms.katalon.core.mobile.keyword.internal.MobileKeywordMain.runKeyword(MobileKeywordMain.groovy:21)
	at com.kms.katalon.core.mobile.keyword.builtin.TapKeyword.tap(TapKeyword.groovy:86)
	at com.kms.katalon.core.mobile.keyword.builtin.TapKeyword.execute(TapKeyword.groovy:68)
	at com.kms.katalon.core.keyword.internal.KeywordExecutor.executeKeywordForPlatform(KeywordExecutor.groovy:73)
	at com.kms.katalon.core.mobile.keyword.MobileBuiltInKeywords.tap(MobileBuiltInKeywords.groovy:1267)
	at com.kms.katalon.core.mobile.keyword.MobileBuiltInKeywords$tap$1.call(Unknown Source)
	at TC - 002 - Product.run(TC - 002 - Product:26)
	at com.kms.katalon.core.main.ScriptEngine.run(ScriptEngine.java:194)
	at com.kms.katalon.core.main.ScriptEngine.runScriptAsRawText(ScriptEngine.java:119)
	at com.kms.katalon.core.main.TestCaseExecutor.runScript(TestCaseExecutor.java:393)
	at com.kms.katalon.core.main.TestCaseExecutor.doExecute(TestCaseExecutor.java:384)
	at com.kms.katalon.core.main.TestCaseExecutor.processExecutionPhase(TestCaseExecutor.java:363)
	at com.kms.katalon.core.main.TestCaseExecutor.accessMainPhase(TestCaseExecutor.java:355)
	at com.kms.katalon.core.main.TestCaseExecutor.execute(TestCaseExecutor.java:251)
	at com.kms.katalon.core.main.TestCaseMain.runTestCase(TestCaseMain.java:114)
	at com.kms.katalon.core.keyword.builtin.CallTestCaseKeyword$_callTestCase_closure1.doCall(CallTestCaseKeyword.groovy:59)
	at com.kms.katalon.core.keyword.builtin.CallTestCaseKeyword$_callTestCase_closure1.call(CallTestCaseKeyword.groovy)
	at com.kms.katalon.core.keyword.internal.KeywordMain.runKeyword(KeywordMain.groovy:68)
	at com.kms.katalon.core.keyword.builtin.CallTestCaseKeyword.callTestCase(CallTestCaseKeyword.groovy:81)
	at com.kms.katalon.core.keyword.builtin.CallTestCaseKeyword.execute(CallTestCaseKeyword.groovy:44)
	at com.kms.katalon.core.keyword.internal.KeywordExecutor.executeKeywordForPlatform(KeywordExecutor.groovy:73)
	at com.kms.katalon.core.keyword.BuiltinKeywords.callTestCase(BuiltinKeywords.groovy:334)
	at TC - 000 - Swag Labs Master.run(TC - 000 - Swag Labs Master:25)
	at com.kms.katalon.core.main.ScriptEngine.run(ScriptEngine.java:194)
	at com.kms.katalon.core.main.ScriptEngine.runScriptAsRawText(ScriptEngine.java:119)
	at com.kms.katalon.core.main.TestCaseExecutor.runScript(TestCaseExecutor.java:393)
	at com.kms.katalon.core.main.TestCaseExecutor.doExecute(TestCaseExecutor.java:384)
	at com.kms.katalon.core.main.TestCaseExecutor.processExecutionPhase(TestCaseExecutor.java:363)
	at com.kms.katalon.core.main.TestCaseExecutor.accessMainPhase(TestCaseExecutor.java:355)
	at com.kms.katalon.core.main.TestCaseExecutor.execute(TestCaseExecutor.java:251)
	at com.kms.katalon.core.main.TestSuiteExecutor.accessTestCaseMainPhase(TestSuiteExecutor.java:203)
	at com.kms.katalon.core.main.TestSuiteExecutor.accessTestSuiteMainPhase(TestSuiteExecutor.java:152)
	at com.kms.katalon.core.main.TestSuiteExecutor.execute(TestSuiteExecutor.java:95)
	at com.kms.katalon.core.main.TestCaseMain.startTestSuite(TestCaseMain.java:157)
	at com.kms.katalon.core.main.TestCaseMain$startTestSuite$0.call(Unknown Source)
	at TempTestSuite1645119445340.run(TempTestSuite1645119445340.groovy:39)
)

2022-02-18 00:38:19 - [TEST_STEP][PASSED] - scrollToText(Item1, STOP_ON_FAILURE): Scrolling to text 'Red' successfully

2022-02-18 00:38:21 - [MESSAGE][PASSED] - Scrolling to text 'Red' successfully

2022-02-18 00:38:21 - [TEST_STEP][FAILED] - tap(findTestObject("Product/TextView - Products", ["text":Item1]), 0): Failed to tap on element 'Object Repository/Product/TextView - Products' (Root cause: org.openqa.selenium.InvalidArgumentException: Coordinate [x=397.0, y=1391.0] is outside of element rect: [0,0][720,1369]
Build info: version: '3.141.59', revision: 'e82be7d358', time: '2018-11-14T08:25:53'
System info: host: 'MURI', ip: '192.168.43.147', os.name: 'Windows 10', os.arch: 'amd64', os.version: '10.0', java.version: '1.8.0_181'
Driver info: com.kms.katalon.core.appium.driver.SwipeableAndroidDriver
Capabilities {app: C:\Users\Lenovo\Katalon Stu..., appPackage: com.swaglabsmobileapp, appWaitActivity: *, autoGrantPermissions: true, automationName: uiautomator2, chromedriverPort: 60904, databaseEnabled: false, desired: {app: C:\Users\Lenovo\Katalon Stu..., appWaitActivity: *, autoGrantPermissions: true, automationName: uiautomator2, chromedriverPort: 60904, deviceId: 4a90dd0d, deviceName: Xiaomi Redmi 7 (Android 10), fullReset: false, newCommandTimeout: 1800, noReset: true, platform: ANDROID, platformName: android, platformVersion: 10, systemPort: 60902, udid: 4a90dd0d}, deviceApiLevel: 29, deviceId: 4a90dd0d, deviceManufacturer: Xiaomi, deviceModel: Redmi 7, deviceName: 4a90dd0d, deviceScreenDensity: 320, deviceScreenSize: 720x1520, deviceUDID: 4a90dd0d, fullReset: false, javascriptEnabled: true, locationContextEnabled: false, networkConnectionEnabled: true, newCommandTimeout: 1800, noReset: true, pixelRatio: 2, platform: ANDROID, platformName: Android, platformVersion: 10, statBarHeight: 55, systemPort: 60902, takesScreenshot: true, udid: 4a90dd0d, viewportRect: {height: 1314, left: 0, top: 55, width: 720}, warnings: {}, webStorageEnabled: false}
Session ID: fb8a18ff-a099-4f4b-a8e3-671b9863fe0e
	at org.openqa.selenium.remote.http.W3CHttpResponseCodec.createException(W3CHttpResponseCodec.java:187)
	at org.openqa.selenium.remote.http.W3CHttpResponseCodec.decode(W3CHttpResponseCodec.java:122)
	at org.openqa.selenium.remote.http.W3CHttpResponseCodec.decode(W3CHttpResponseCodec.java:49)
	at org.openqa.selenium.remote.HttpCommandExecutor.execute(HttpCommandExecutor.java:158)
	at io.appium.java_client.remote.AppiumCommandExecutor.execute(AppiumCommandExecutor.java:239)
	at org.openqa.selenium.remote.RemoteWebDriver.execute(RemoteWebDriver.java:552)
	at io.appium.java_client.DefaultGenericMobileDriver.execute(DefaultGenericMobileDriver.java:42)
	at io.appium.java_client.AppiumDriver.execute(AppiumDriver.java:1)
	at io.appium.java_client.android.AndroidDriver.execute(AndroidDriver.java:1)
	at com.kms.katalon.core.appium.driver.SwipeableAndroidDriver.execute(SwipeableAndroidDriver.java:1)
	at io.appium.java_client.PerformsTouchActions.performTouchAction(PerformsTouchActions.java:41)
	at io.appium.java_client.TouchAction.perform(TouchAction.java:187)
	at com.kms.katalon.core.mobile.keyword.builtin.TapKeyword$_tap_closure1.doCall(TapKeyword.groovy:84)
	at com.kms.katalon.core.mobile.keyword.builtin.TapKeyword$_tap_closure1.call(TapKeyword.groovy)
	at com.kms.katalon.core.mobile.keyword.internal.MobileKeywordMain.runKeyword(MobileKeywordMain.groovy:21)
	at com.kms.katalon.core.mobile.keyword.builtin.TapKeyword.tap(TapKeyword.groovy:86)
	at com.kms.katalon.core.mobile.keyword.builtin.TapKeyword.execute(TapKeyword.groovy:68)
	at com.kms.katalon.core.keyword.internal.KeywordExecutor.executeKeywordForPlatform(KeywordExecutor.groovy:73)
	at com.kms.katalon.core.mobile.keyword.MobileBuiltInKeywords.tap(MobileBuiltInKeywords.groovy:1267)
	at com.kms.katalon.core.mobile.keyword.MobileBuiltInKeywords$tap$1.call(Unknown Source)
	at TC - 002 - Product.run(TC - 002 - Product:26)
	at com.kms.katalon.core.main.ScriptEngine.run(ScriptEngine.java:194)
	at com.kms.katalon.core.main.ScriptEngine.runScriptAsRawText(ScriptEngine.java:119)
	at com.kms.katalon.core.main.TestCaseExecutor.runScript(TestCaseExecutor.java:393)
	at com.kms.katalon.core.main.TestCaseExecutor.doExecute(TestCaseExecutor.java:384)
	at com.kms.katalon.core.main.TestCaseExecutor.processExecutionPhase(TestCaseExecutor.java:363)
	at com.kms.katalon.core.main.TestCaseExecutor.accessMainPhase(TestCaseExecutor.java:355)
	at com.kms.katalon.core.main.TestCaseExecutor.execute(TestCaseExecutor.java:251)
	at com.kms.katalon.core.main.TestCaseMain.runTestCase(TestCaseMain.java:114)
	at com.kms.katalon.core.keyword.builtin.CallTestCaseKeyword$_callTestCase_closure1.doCall(CallTestCaseKeyword.groovy:59)
	at com.kms.katalon.core.keyword.builtin.CallTestCaseKeyword$_callTestCase_closure1.call(CallTestCaseKeyword.groovy)
	at com.kms.katalon.core.keyword.internal.KeywordMain.runKeyword(KeywordMain.groovy:68)
	at com.kms.katalon.core.keyword.builtin.CallTestCaseKeyword.callTestCase(CallTestCaseKeyword.groovy:81)
	at com.kms.katalon.core.keyword.builtin.CallTestCaseKeyword.execute(CallTestCaseKeyword.groovy:44)
	at com.kms.katalon.core.keyword.internal.KeywordExecutor.executeKeywordForPlatform(KeywordExecutor.groovy:73)
	at com.kms.katalon.core.keyword.BuiltinKeywords.callTestCase(BuiltinKeywords.groovy:334)
	at TC - 000 - Swag Labs Master.run(TC - 000 - Swag Labs Master:25)
	at com.kms.katalon.core.main.ScriptEngine.run(ScriptEngine.java:194)
	at com.kms.katalon.core.main.ScriptEngine.runScriptAsRawText(ScriptEngine.java:119)
	at com.kms.katalon.core.main.TestCaseExecutor.runScript(TestCaseExecutor.java:393)
	at com.kms.katalon.core.main.TestCaseExecutor.doExecute(TestCaseExecutor.java:384)
	at com.kms.katalon.core.main.TestCaseExecutor.processExecutionPhase(TestCaseExecutor.java:363)
	at com.kms.katalon.core.main.TestCaseExecutor.accessMainPhase(TestCaseExecutor.java:355)
	at com.kms.katalon.core.main.TestCaseExecutor.execute(TestCaseExecutor.java:251)
	at com.kms.katalon.core.main.TestSuiteExecutor.accessTestCaseMainPhase(TestSuiteExecutor.java:203)
	at com.kms.katalon.core.main.TestSuiteExecutor.accessTestSuiteMainPhase(TestSuiteExecutor.java:152)
	at com.kms.katalon.core.main.TestSuiteExecutor.execute(TestSuiteExecutor.java:95)
	at com.kms.katalon.core.main.TestCaseMain.startTestSuite(TestCaseMain.java:157)
	at com.kms.katalon.core.main.TestCaseMain$startTestSuite$0.call(Unknown Source)
	at TempTestSuite1645119445340.run(TempTestSuite1645119445340.groovy:39)
)

2022-02-18 00:38:21 - [MESSAGE][WARNING] - Timeout '0' is invalid. Using default page load timeout: '30'

2022-02-18 00:38:53 - [MESSAGE][FAILED] - Failed to tap on element 'Object Repository/Product/TextView - Products' (Root cause: org.openqa.selenium.InvalidArgumentException: Coordinate [x=397.0, y=1391.0] is outside of element rect: [0,0][720,1369]
Build info: version: '3.141.59', revision: 'e82be7d358', time: '2018-11-14T08:25:53'
System info: host: 'MURI', ip: '192.168.43.147', os.name: 'Windows 10', os.arch: 'amd64', os.version: '10.0', java.version: '1.8.0_181'
Driver info: com.kms.katalon.core.appium.driver.SwipeableAndroidDriver
Capabilities {app: C:\Users\Lenovo\Katalon Stu..., appPackage: com.swaglabsmobileapp, appWaitActivity: *, autoGrantPermissions: true, automationName: uiautomator2, chromedriverPort: 60904, databaseEnabled: false, desired: {app: C:\Users\Lenovo\Katalon Stu..., appWaitActivity: *, autoGrantPermissions: true, automationName: uiautomator2, chromedriverPort: 60904, deviceId: 4a90dd0d, deviceName: Xiaomi Redmi 7 (Android 10), fullReset: false, newCommandTimeout: 1800, noReset: true, platform: ANDROID, platformName: android, platformVersion: 10, systemPort: 60902, udid: 4a90dd0d}, deviceApiLevel: 29, deviceId: 4a90dd0d, deviceManufacturer: Xiaomi, deviceModel: Redmi 7, deviceName: 4a90dd0d, deviceScreenDensity: 320, deviceScreenSize: 720x1520, deviceUDID: 4a90dd0d, fullReset: false, javascriptEnabled: true, locationContextEnabled: false, networkConnectionEnabled: true, newCommandTimeout: 1800, noReset: true, pixelRatio: 2, platform: ANDROID, platformName: Android, platformVersion: 10, statBarHeight: 55, systemPort: 60902, takesScreenshot: true, udid: 4a90dd0d, viewportRect: {height: 1314, left: 0, top: 55, width: 720}, warnings: {}, webStorageEnabled: false}
Session ID: fb8a18ff-a099-4f4b-a8e3-671b9863fe0e
	at org.openqa.selenium.remote.http.W3CHttpResponseCodec.createException(W3CHttpResponseCodec.java:187)
	at org.openqa.selenium.remote.http.W3CHttpResponseCodec.decode(W3CHttpResponseCodec.java:122)
	at org.openqa.selenium.remote.http.W3CHttpResponseCodec.decode(W3CHttpResponseCodec.java:49)
	at org.openqa.selenium.remote.HttpCommandExecutor.execute(HttpCommandExecutor.java:158)
	at io.appium.java_client.remote.AppiumCommandExecutor.execute(AppiumCommandExecutor.java:239)
	at org.openqa.selenium.remote.RemoteWebDriver.execute(RemoteWebDriver.java:552)
	at io.appium.java_client.DefaultGenericMobileDriver.execute(DefaultGenericMobileDriver.java:42)
	at io.appium.java_client.AppiumDriver.execute(AppiumDriver.java:1)
	at io.appium.java_client.android.AndroidDriver.execute(AndroidDriver.java:1)
	at com.kms.katalon.core.appium.driver.SwipeableAndroidDriver.execute(SwipeableAndroidDriver.java:1)
	at io.appium.java_client.PerformsTouchActions.performTouchAction(PerformsTouchActions.java:41)
	at io.appium.java_client.TouchAction.perform(TouchAction.java:187)
	at com.kms.katalon.core.mobile.keyword.builtin.TapKeyword$_tap_closure1.doCall(TapKeyword.groovy:84)
	at com.kms.katalon.core.mobile.keyword.builtin.TapKeyword$_tap_closure1.call(TapKeyword.groovy)
	at com.kms.katalon.core.mobile.keyword.internal.MobileKeywordMain.runKeyword(MobileKeywordMain.groovy:21)
	at com.kms.katalon.core.mobile.keyword.builtin.TapKeyword.tap(TapKeyword.groovy:86)
	at com.kms.katalon.core.mobile.keyword.builtin.TapKeyword.execute(TapKeyword.groovy:68)
	at com.kms.katalon.core.keyword.internal.KeywordExecutor.executeKeywordForPlatform(KeywordExecutor.groovy:73)
	at com.kms.katalon.core.mobile.keyword.MobileBuiltInKeywords.tap(MobileBuiltInKeywords.groovy:1267)
	at com.kms.katalon.core.mobile.keyword.MobileBuiltInKeywords$tap$1.call(Unknown Source)
	at TC - 002 - Product.run(TC - 002 - Product:26)
	at com.kms.katalon.core.main.ScriptEngine.run(ScriptEngine.java:194)
	at com.kms.katalon.core.main.ScriptEngine.runScriptAsRawText(ScriptEngine.java:119)
	at com.kms.katalon.core.main.TestCaseExecutor.runScript(TestCaseExecutor.java:393)
	at com.kms.katalon.core.main.TestCaseExecutor.doExecute(TestCaseExecutor.java:384)
	at com.kms.katalon.core.main.TestCaseExecutor.processExecutionPhase(TestCaseExecutor.java:363)
	at com.kms.katalon.core.main.TestCaseExecutor.accessMainPhase(TestCaseExecutor.java:355)
	at com.kms.katalon.core.main.TestCaseExecutor.execute(TestCaseExecutor.java:251)
	at com.kms.katalon.core.main.TestCaseMain.runTestCase(TestCaseMain.java:114)
	at com.kms.katalon.core.keyword.builtin.CallTestCaseKeyword$_callTestCase_closure1.doCall(CallTestCaseKeyword.groovy:59)
	at com.kms.katalon.core.keyword.builtin.CallTestCaseKeyword$_callTestCase_closure1.call(CallTestCaseKeyword.groovy)
	at com.kms.katalon.core.keyword.internal.KeywordMain.runKeyword(KeywordMain.groovy:68)
	at com.kms.katalon.core.keyword.builtin.CallTestCaseKeyword.callTestCase(CallTestCaseKeyword.groovy:81)
	at com.kms.katalon.core.keyword.builtin.CallTestCaseKeyword.execute(CallTestCaseKeyword.groovy:44)
	at com.kms.katalon.core.keyword.internal.KeywordExecutor.executeKeywordForPlatform(KeywordExecutor.groovy:73)
	at com.kms.katalon.core.keyword.BuiltinKeywords.callTestCase(BuiltinKeywords.groovy:334)
	at TC - 000 - Swag Labs Master.run(TC - 000 - Swag Labs Master:25)
	at com.kms.katalon.core.main.ScriptEngine.run(ScriptEngine.java:194)
	at com.kms.katalon.core.main.ScriptEngine.runScriptAsRawText(ScriptEngine.java:119)
	at com.kms.katalon.core.main.TestCaseExecutor.runScript(TestCaseExecutor.java:393)
	at com.kms.katalon.core.main.TestCaseExecutor.doExecute(TestCaseExecutor.java:384)
	at com.kms.katalon.core.main.TestCaseExecutor.processExecutionPhase(TestCaseExecutor.java:363)
	at com.kms.katalon.core.main.TestCaseExecutor.accessMainPhase(TestCaseExecutor.java:355)
	at com.kms.katalon.core.main.TestCaseExecutor.execute(TestCaseExecutor.java:251)
	at com.kms.katalon.core.main.TestSuiteExecutor.accessTestCaseMainPhase(TestSuiteExecutor.java:203)
	at com.kms.katalon.core.main.TestSuiteExecutor.accessTestSuiteMainPhase(TestSuiteExecutor.java:152)
	at com.kms.katalon.core.main.TestSuiteExecutor.execute(TestSuiteExecutor.java:95)
	at com.kms.katalon.core.main.TestCaseMain.startTestSuite(TestCaseMain.java:157)
	at com.kms.katalon.core.main.TestCaseMain$startTestSuite$0.call(Unknown Source)
	at TempTestSuite1645119445340.run(TempTestSuite1645119445340.groovy:39)
)
[[ATTACHMENT|C:\\Users\\Lenovo\\Katalon Studio\\Sauce Labs Mobile Test\\Reports\\20220218_003725\\TS - Buy Product\\20220218_003725\\1645119531971.png]]

2022-02-18 00:38:53 - [MESSAGE][FAILED] - Unable to call Test Case 'Test Cases/TC - 002 - Product' (Root cause: com.kms.katalon.core.exception.StepFailedException: Call Test Case 'Test Cases/TC - 002 - Product' failed
	at com.kms.katalon.core.keyword.builtin.CallTestCaseKeyword$_callTestCase_closure1.doCall(CallTestCaseKeyword.groovy:63)
	at com.kms.katalon.core.keyword.builtin.CallTestCaseKeyword$_callTestCase_closure1.call(CallTestCaseKeyword.groovy)
	at com.kms.katalon.core.keyword.internal.KeywordMain.runKeyword(KeywordMain.groovy:68)
	at com.kms.katalon.core.keyword.builtin.CallTestCaseKeyword.callTestCase(CallTestCaseKeyword.groovy:81)
	at com.kms.katalon.core.keyword.builtin.CallTestCaseKeyword.execute(CallTestCaseKeyword.groovy:44)
	at com.kms.katalon.core.keyword.internal.KeywordExecutor.executeKeywordForPlatform(KeywordExecutor.groovy:73)
	at com.kms.katalon.core.keyword.BuiltinKeywords.callTestCase(BuiltinKeywords.groovy:334)
	at TC - 000 - Swag Labs Master.run(TC - 000 - Swag Labs Master:25)
	at com.kms.katalon.core.main.ScriptEngine.run(ScriptEngine.java:194)
	at com.kms.katalon.core.main.ScriptEngine.runScriptAsRawText(ScriptEngine.java:119)
	at com.kms.katalon.core.main.TestCaseExecutor.runScript(TestCaseExecutor.java:393)
	at com.kms.katalon.core.main.TestCaseExecutor.doExecute(TestCaseExecutor.java:384)
	at com.kms.katalon.core.main.TestCaseExecutor.processExecutionPhase(TestCaseExecutor.java:363)
	at com.kms.katalon.core.main.TestCaseExecutor.accessMainPhase(TestCaseExecutor.java:355)
	at com.kms.katalon.core.main.TestCaseExecutor.execute(TestCaseExecutor.java:251)
	at com.kms.katalon.core.main.TestSuiteExecutor.accessTestCaseMainPhase(TestSuiteExecutor.java:203)
	at com.kms.katalon.core.main.TestSuiteExecutor.accessTestSuiteMainPhase(TestSuiteExecutor.java:152)
	at com.kms.katalon.core.main.TestSuiteExecutor.execute(TestSuiteExecutor.java:95)
	at com.kms.katalon.core.main.TestCaseMain.startTestSuite(TestCaseMain.java:157)
	at com.kms.katalon.core.main.TestCaseMain$startTestSuite$0.call(Unknown Source)
	at TempTestSuite1645119445340.run(TempTestSuite1645119445340.groovy:39)
Caused by: com.kms.katalon.core.exception.StepFailedException: Failed to tap on element 'Object Repository/Product/TextView - Products' (Root cause: org.openqa.selenium.InvalidArgumentException: Coordinate [x=397.0, y=1391.0] is outside of element rect: [0,0][720,1369]
Build info: version: '3.141.59', revision: 'e82be7d358', time: '2018-11-14T08:25:53'
System info: host: 'MURI', ip: '192.168.43.147', os.name: 'Windows 10', os.arch: 'amd64', os.version: '10.0', java.version: '1.8.0_181'
Driver info: com.kms.katalon.core.appium.driver.SwipeableAndroidDriver
Capabilities {app: C:\Users\Lenovo\Katalon Stu..., appPackage: com.swaglabsmobileapp, appWaitActivity: *, autoGrantPermissions: true, automationName: uiautomator2, chromedriverPort: 60904, databaseEnabled: false, desired: {app: C:\Users\Lenovo\Katalon Stu..., appWaitActivity: *, autoGrantPermissions: true, automationName: uiautomator2, chromedriverPort: 60904, deviceId: 4a90dd0d, deviceName: Xiaomi Redmi 7 (Android 10), fullReset: false, newCommandTimeout: 1800, noReset: true, platform: ANDROID, platformName: android, platformVersion: 10, systemPort: 60902, udid: 4a90dd0d}, deviceApiLevel: 29, deviceId: 4a90dd0d, deviceManufacturer: Xiaomi, deviceModel: Redmi 7, deviceName: 4a90dd0d, deviceScreenDensity: 320, deviceScreenSize: 720x1520, deviceUDID: 4a90dd0d, fullReset: false, javascriptEnabled: true, locationContextEnabled: false, networkConnectionEnabled: true, newCommandTimeout: 1800, noReset: true, pixelRatio: 2, platform: ANDROID, platformName: Android, platformVersion: 10, statBarHeight: 55, systemPort: 60902, takesScreenshot: true, udid: 4a90dd0d, viewportRect: {height: 1314, left: 0, top: 55, width: 720}, warnings: {}, webStorageEnabled: false}
Session ID: fb8a18ff-a099-4f4b-a8e3-671b9863fe0e
	at org.openqa.selenium.remote.http.W3CHttpResponseCodec.createException(W3CHttpResponseCodec.java:187)
	at org.openqa.selenium.remote.http.W3CHttpResponseCodec.decode(W3CHttpResponseCodec.java:122)
	at org.openqa.selenium.remote.http.W3CHttpResponseCodec.decode(W3CHttpResponseCodec.java:49)
	at org.openqa.selenium.remote.HttpCommandExecutor.execute(HttpCommandExecutor.java:158)
	at io.appium.java_client.remote.AppiumCommandExecutor.execute(AppiumCommandExecutor.java:239)
	at org.openqa.selenium.remote.RemoteWebDriver.execute(RemoteWebDriver.java:552)
	at io.appium.java_client.DefaultGenericMobileDriver.execute(DefaultGenericMobileDriver.java:42)
	at io.appium.java_client.AppiumDriver.execute(AppiumDriver.java:1)
	at io.appium.java_client.android.AndroidDriver.execute(AndroidDriver.java:1)
	at com.kms.katalon.core.appium.driver.SwipeableAndroidDriver.execute(SwipeableAndroidDriver.java:1)
	at io.appium.java_client.PerformsTouchActions.performTouchAction(PerformsTouchActions.java:41)
	at io.appium.java_client.TouchAction.perform(TouchAction.java:187)
	at com.kms.katalon.core.mobile.keyword.builtin.TapKeyword$_tap_closure1.doCall(TapKeyword.groovy:84)
	at com.kms.katalon.core.mobile.keyword.builtin.TapKeyword$_tap_closure1.call(TapKeyword.groovy)
	at com.kms.katalon.core.mobile.keyword.internal.MobileKeywordMain.runKeyword(MobileKeywordMain.groovy:21)
	at com.kms.katalon.core.mobile.keyword.builtin.TapKeyword.tap(TapKeyword.groovy:86)
	at com.kms.katalon.core.mobile.keyword.builtin.TapKeyword.execute(TapKeyword.groovy:68)
	at com.kms.katalon.core.keyword.internal.KeywordExecutor.executeKeywordForPlatform(KeywordExecutor.groovy:73)
	at com.kms.katalon.core.mobile.keyword.MobileBuiltInKeywords.tap(MobileBuiltInKeywords.groovy:1267)
	at com.kms.katalon.core.mobile.keyword.MobileBuiltInKeywords$tap$1.call(Unknown Source)
	at TC - 002 - Product.run(TC - 002 - Product:26)
	at com.kms.katalon.core.main.ScriptEngine.run(ScriptEngine.java:194)
	at com.kms.katalon.core.main.ScriptEngine.runScriptAsRawText(ScriptEngine.java:119)
	at com.kms.katalon.core.main.TestCaseExecutor.runScript(TestCaseExecutor.java:393)
	at com.kms.katalon.core.main.TestCaseExecutor.doExecute(TestCaseExecutor.java:384)
	at com.kms.katalon.core.main.TestCaseExecutor.processExecutionPhase(TestCaseExecutor.java:363)
	at com.kms.katalon.core.main.TestCaseExecutor.accessMainPhase(TestCaseExecutor.java:355)
	at com.kms.katalon.core.main.TestCaseExecutor.execute(TestCaseExecutor.java:251)
	at com.kms.katalon.core.main.TestCaseMain.runTestCase(TestCaseMain.java:114)
	at com.kms.katalon.core.keyword.builtin.CallTestCaseKeyword$_callTestCase_closure1.doCall(CallTestCaseKeyword.groovy:59)
	at com.kms.katalon.core.keyword.builtin.CallTestCaseKeyword$_callTestCase_closure1.call(CallTestCaseKeyword.groovy)
	at com.kms.katalon.core.keyword.internal.KeywordMain.runKeyword(KeywordMain.groovy:68)
	at com.kms.katalon.core.keyword.builtin.CallTestCaseKeyword.callTestCase(CallTestCaseKeyword.groovy:81)
	at com.kms.katalon.core.keyword.builtin.CallTestCaseKeyword.execute(CallTestCaseKeyword.groovy:44)
	at com.kms.katalon.core.keyword.internal.KeywordExecutor.executeKeywordForPlatform(KeywordExecutor.groovy:73)
	at com.kms.katalon.core.keyword.BuiltinKeywords.callTestCase(BuiltinKeywords.groovy:334)
	at TC - 000 - Swag Labs Master.run(TC - 000 - Swag Labs Master:25)
	at com.kms.katalon.core.main.ScriptEngine.run(ScriptEngine.java:194)
	at com.kms.katalon.core.main.ScriptEngine.runScriptAsRawText(ScriptEngine.java:119)
	at com.kms.katalon.core.main.TestCaseExecutor.runScript(TestCaseExecutor.java:393)
	at com.kms.katalon.core.main.TestCaseExecutor.doExecute(TestCaseExecutor.java:384)
	at com.kms.katalon.core.main.TestCaseExecutor.processExecutionPhase(TestCaseExecutor.java:363)
	at com.kms.katalon.core.main.TestCaseExecutor.accessMainPhase(TestCaseExecutor.java:355)
	at com.kms.katalon.core.main.TestCaseExecutor.execute(TestCaseExecutor.java:251)
	at com.kms.katalon.core.main.TestSuiteExecutor.accessTestCaseMainPhase(TestSuiteExecutor.java:203)
	at com.kms.katalon.core.main.TestSuiteExecutor.accessTestSuiteMainPhase(TestSuiteExecutor.java:152)
	at com.kms.katalon.core.main.TestSuiteExecutor.execute(TestSuiteExecutor.java:95)
	at com.kms.katalon.core.main.TestCaseMain.startTestSuite(TestCaseMain.java:157)
	at com.kms.katalon.core.main.TestCaseMain$startTestSuite$0.call(Unknown Source)
	at TempTestSuite1645119445340.run(TempTestSuite1645119445340.groovy:39)
)
	at com.kms.katalon.core.keyword.internal.KeywordMain.stepFailed(KeywordMain.groovy:50)
	at com.kms.katalon.core.mobile.keyword.internal.MobileKeywordMain.stepFailed(MobileKeywordMain.groovy:40)
	at com.kms.katalon.core.mobile.keyword.internal.MobileKeywordMain.runKeyword(MobileKeywordMain.groovy:23)
	at com.kms.katalon.core.mobile.keyword.builtin.TapKeyword.tap(TapKeyword.groovy:86)
	at com.kms.katalon.core.mobile.keyword.builtin.TapKeyword.execute(TapKeyword.groovy:68)
	at com.kms.katalon.core.keyword.internal.KeywordExecutor.executeKeywordForPlatform(KeywordExecutor.groovy:73)
	at com.kms.katalon.core.mobile.keyword.MobileBuiltInKeywords.tap(MobileBuiltInKeywords.groovy:1267)
	at com.kms.katalon.core.mobile.keyword.MobileBuiltInKeywords$tap$1.call(Unknown Source)
	at TC - 002 - Product.run(TC - 002 - Product:26)
	at com.kms.katalon.core.main.ScriptEngine.run(ScriptEngine.java:194)
	at com.kms.katalon.core.main.ScriptEngine.runScriptAsRawText(ScriptEngine.java:119)
	at com.kms.katalon.core.main.TestCaseExecutor.runScript(TestCaseExecutor.java:393)
	at com.kms.katalon.core.main.TestCaseExecutor.doExecute(TestCaseExecutor.java:384)
	at com.kms.katalon.core.main.TestCaseExecutor.processExecutionPhase(TestCaseExecutor.java:363)
	at com.kms.katalon.core.main.TestCaseExecutor.accessMainPhase(TestCaseExecutor.java:355)
	at com.kms.katalon.core.main.TestCaseExecutor.execute(TestCaseExecutor.java:251)
	at com.kms.katalon.core.main.TestCaseMain.runTestCase(TestCaseMain.java:114)
	at com.kms.katalon.core.keyword.builtin.CallTestCaseKeyword$_callTestCase_closure1.doCall(CallTestCaseKeyword.groovy:59)
	... 20 more
Caused by: org.openqa.selenium.InvalidArgumentException: Coordinate [x=397.0, y=1391.0] is outside of element rect: [0,0][720,1369]
Build info: version: '3.141.59', revision: 'e82be7d358', time: '2018-11-14T08:25:53'
System info: host: 'MURI', ip: '192.168.43.147', os.name: 'Windows 10', os.arch: 'amd64', os.version: '10.0', java.version: '1.8.0_181'
Driver info: com.kms.katalon.core.appium.driver.SwipeableAndroidDriver
Capabilities {app: C:\Users\Lenovo\Katalon Stu..., appPackage: com.swaglabsmobileapp, appWaitActivity: *, autoGrantPermissions: true, automationName: uiautomator2, chromedriverPort: 60904, databaseEnabled: false, desired: {app: C:\Users\Lenovo\Katalon Stu..., appWaitActivity: *, autoGrantPermissions: true, automationName: uiautomator2, chromedriverPort: 60904, deviceId: 4a90dd0d, deviceName: Xiaomi Redmi 7 (Android 10), fullReset: false, newCommandTimeout: 1800, noReset: true, platform: ANDROID, platformName: android, platformVersion: 10, systemPort: 60902, udid: 4a90dd0d}, deviceApiLevel: 29, deviceId: 4a90dd0d, deviceManufacturer: Xiaomi, deviceModel: Redmi 7, deviceName: 4a90dd0d, deviceScreenDensity: 320, deviceScreenSize: 720x1520, deviceUDID: 4a90dd0d, fullReset: false, javascriptEnabled: true, locationContextEnabled: false, networkConnectionEnabled: true, newCommandTimeout: 1800, noReset: true, pixelRatio: 2, platform: ANDROID, platformName: Android, platformVersion: 10, statBarHeight: 55, systemPort: 60902, takesScreenshot: true, udid: 4a90dd0d, viewportRect: {height: 1314, left: 0, top: 55, width: 720}, warnings: {}, webStorageEnabled: false}
Session ID: fb8a18ff-a099-4f4b-a8e3-671b9863fe0e
	at org.openqa.selenium.remote.http.W3CHttpResponseCodec.createException(W3CHttpResponseCodec.java:187)
	at org.openqa.selenium.remote.http.W3CHttpResponseCodec.decode(W3CHttpResponseCodec.java:122)
	at org.openqa.selenium.remote.http.W3CHttpResponseCodec.decode(W3CHttpResponseCodec.java:49)
	at org.openqa.selenium.remote.HttpCommandExecutor.execute(HttpCommandExecutor.java:158)
	at io.appium.java_client.remote.AppiumCommandExecutor.execute(AppiumCommandExecutor.java:239)
	at org.openqa.selenium.remote.RemoteWebDriver.execute(RemoteWebDriver.java:552)
	at io.appium.java_client.DefaultGenericMobileDriver.execute(DefaultGenericMobileDriver.java:42)
	at io.appium.java_client.AppiumDriver.execute(AppiumDriver.java:1)
	at io.appium.java_client.android.AndroidDriver.execute(AndroidDriver.java:1)
	at com.kms.katalon.core.appium.driver.SwipeableAndroidDriver.execute(SwipeableAndroidDriver.java:1)
	at io.appium.java_client.PerformsTouchActions.performTouchAction(PerformsTouchActions.java:41)
	at io.appium.java_client.TouchAction.perform(TouchAction.java:187)
	at com.kms.katalon.core.mobile.keyword.builtin.TapKeyword$_tap_closure1.doCall(TapKeyword.groovy:84)
	at com.kms.katalon.core.mobile.keyword.builtin.TapKeyword$_tap_closure1.call(TapKeyword.groovy)
	at com.kms.katalon.core.mobile.keyword.internal.MobileKeywordMain.runKeyword(MobileKeywordMain.groovy:21)
	... 35 more
)]]></system-out>
         <system-err><![CDATA[2022-02-18 00:37:33 - [TEST_CASE][FAILED] - Test Cases/TC - 000 - Swag Labs Master: Test Cases/TC - 000 - Swag Labs Master FAILED.
Reason:
com.kms.katalon.core.exception.StepFailedException: Call Test Case 'Test Cases/TC - 002 - Product' failed
	at com.kms.katalon.core.keyword.builtin.CallTestCaseKeyword$_callTestCase_closure1.doCall(CallTestCaseKeyword.groovy:63)
	at com.kms.katalon.core.keyword.builtin.CallTestCaseKeyword$_callTestCase_closure1.call(CallTestCaseKeyword.groovy)
	at com.kms.katalon.core.keyword.internal.KeywordMain.runKeyword(KeywordMain.groovy:68)
	at com.kms.katalon.core.keyword.builtin.CallTestCaseKeyword.callTestCase(CallTestCaseKeyword.groovy:81)
	at com.kms.katalon.core.keyword.builtin.CallTestCaseKeyword.execute(CallTestCaseKeyword.groovy:44)
	at com.kms.katalon.core.keyword.internal.KeywordExecutor.executeKeywordForPlatform(KeywordExecutor.groovy:73)
	at com.kms.katalon.core.keyword.BuiltinKeywords.callTestCase(BuiltinKeywords.groovy:334)
	at TC - 000 - Swag Labs Master.run(TC - 000 - Swag Labs Master:25)
	at com.kms.katalon.core.main.ScriptEngine.run(ScriptEngine.java:194)
	at com.kms.katalon.core.main.ScriptEngine.runScriptAsRawText(ScriptEngine.java:119)
	at com.kms.katalon.core.main.TestCaseExecutor.runScript(TestCaseExecutor.java:393)
	at com.kms.katalon.core.main.TestCaseExecutor.doExecute(TestCaseExecutor.java:384)
	at com.kms.katalon.core.main.TestCaseExecutor.processExecutionPhase(TestCaseExecutor.java:363)
	at com.kms.katalon.core.main.TestCaseExecutor.accessMainPhase(TestCaseExecutor.java:355)
	at com.kms.katalon.core.main.TestCaseExecutor.execute(TestCaseExecutor.java:251)
	at com.kms.katalon.core.main.TestSuiteExecutor.accessTestCaseMainPhase(TestSuiteExecutor.java:203)
	at com.kms.katalon.core.main.TestSuiteExecutor.accessTestSuiteMainPhase(TestSuiteExecutor.java:152)
	at com.kms.katalon.core.main.TestSuiteExecutor.execute(TestSuiteExecutor.java:95)
	at com.kms.katalon.core.main.TestCaseMain.startTestSuite(TestCaseMain.java:157)
	at com.kms.katalon.core.main.TestCaseMain$startTestSuite$0.call(Unknown Source)
	at TempTestSuite1645119445340.run(TempTestSuite1645119445340.groovy:39)
Caused by: com.kms.katalon.core.exception.StepFailedException: Failed to tap on element 'Object Repository/Product/TextView - Products' (Root cause: org.openqa.selenium.InvalidArgumentException: Coordinate [x=397.0, y=1391.0] is outside of element rect: [0,0][720,1369]
Build info: version: '3.141.59', revision: 'e82be7d358', time: '2018-11-14T08:25:53'
System info: host: 'MURI', ip: '192.168.43.147', os.name: 'Windows 10', os.arch: 'amd64', os.version: '10.0', java.version: '1.8.0_181'
Driver info: com.kms.katalon.core.appium.driver.SwipeableAndroidDriver
Capabilities {app: C:\Users\Lenovo\Katalon Stu..., appPackage: com.swaglabsmobileapp, appWaitActivity: *, autoGrantPermissions: true, automationName: uiautomator2, chromedriverPort: 60904, databaseEnabled: false, desired: {app: C:\Users\Lenovo\Katalon Stu..., appWaitActivity: *, autoGrantPermissions: true, automationName: uiautomator2, chromedriverPort: 60904, deviceId: 4a90dd0d, deviceName: Xiaomi Redmi 7 (Android 10), fullReset: false, newCommandTimeout: 1800, noReset: true, platform: ANDROID, platformName: android, platformVersion: 10, systemPort: 60902, udid: 4a90dd0d}, deviceApiLevel: 29, deviceId: 4a90dd0d, deviceManufacturer: Xiaomi, deviceModel: Redmi 7, deviceName: 4a90dd0d, deviceScreenDensity: 320, deviceScreenSize: 720x1520, deviceUDID: 4a90dd0d, fullReset: false, javascriptEnabled: true, locationContextEnabled: false, networkConnectionEnabled: true, newCommandTimeout: 1800, noReset: true, pixelRatio: 2, platform: ANDROID, platformName: Android, platformVersion: 10, statBarHeight: 55, systemPort: 60902, takesScreenshot: true, udid: 4a90dd0d, viewportRect: {height: 1314, left: 0, top: 55, width: 720}, warnings: {}, webStorageEnabled: false}
Session ID: fb8a18ff-a099-4f4b-a8e3-671b9863fe0e
	at org.openqa.selenium.remote.http.W3CHttpResponseCodec.createException(W3CHttpResponseCodec.java:187)
	at org.openqa.selenium.remote.http.W3CHttpResponseCodec.decode(W3CHttpResponseCodec.java:122)
	at org.openqa.selenium.remote.http.W3CHttpResponseCodec.decode(W3CHttpResponseCodec.java:49)
	at org.openqa.selenium.remote.HttpCommandExecutor.execute(HttpCommandExecutor.java:158)
	at io.appium.java_client.remote.AppiumCommandExecutor.execute(AppiumCommandExecutor.java:239)
	at org.openqa.selenium.remote.RemoteWebDriver.execute(RemoteWebDriver.java:552)
	at io.appium.java_client.DefaultGenericMobileDriver.execute(DefaultGenericMobileDriver.java:42)
	at io.appium.java_client.AppiumDriver.execute(AppiumDriver.java:1)
	at io.appium.java_client.android.AndroidDriver.execute(AndroidDriver.java:1)
	at com.kms.katalon.core.appium.driver.SwipeableAndroidDriver.execute(SwipeableAndroidDriver.java:1)
	at io.appium.java_client.PerformsTouchActions.performTouchAction(PerformsTouchActions.java:41)
	at io.appium.java_client.TouchAction.perform(TouchAction.java:187)
	at com.kms.katalon.core.mobile.keyword.builtin.TapKeyword$_tap_closure1.doCall(TapKeyword.groovy:84)
	at com.kms.katalon.core.mobile.keyword.builtin.TapKeyword$_tap_closure1.call(TapKeyword.groovy)
	at com.kms.katalon.core.mobile.keyword.internal.MobileKeywordMain.runKeyword(MobileKeywordMain.groovy:21)
	at com.kms.katalon.core.mobile.keyword.builtin.TapKeyword.tap(TapKeyword.groovy:86)
	at com.kms.katalon.core.mobile.keyword.builtin.TapKeyword.execute(TapKeyword.groovy:68)
	at com.kms.katalon.core.keyword.internal.KeywordExecutor.executeKeywordForPlatform(KeywordExecutor.groovy:73)
	at com.kms.katalon.core.mobile.keyword.MobileBuiltInKeywords.tap(MobileBuiltInKeywords.groovy:1267)
	at com.kms.katalon.core.mobile.keyword.MobileBuiltInKeywords$tap$1.call(Unknown Source)
	at TC - 002 - Product.run(TC - 002 - Product:26)
	at com.kms.katalon.core.main.ScriptEngine.run(ScriptEngine.java:194)
	at com.kms.katalon.core.main.ScriptEngine.runScriptAsRawText(ScriptEngine.java:119)
	at com.kms.katalon.core.main.TestCaseExecutor.runScript(TestCaseExecutor.java:393)
	at com.kms.katalon.core.main.TestCaseExecutor.doExecute(TestCaseExecutor.java:384)
	at com.kms.katalon.core.main.TestCaseExecutor.processExecutionPhase(TestCaseExecutor.java:363)
	at com.kms.katalon.core.main.TestCaseExecutor.accessMainPhase(TestCaseExecutor.java:355)
	at com.kms.katalon.core.main.TestCaseExecutor.execute(TestCaseExecutor.java:251)
	at com.kms.katalon.core.main.TestCaseMain.runTestCase(TestCaseMain.java:114)
	at com.kms.katalon.core.keyword.builtin.CallTestCaseKeyword$_callTestCase_closure1.doCall(CallTestCaseKeyword.groovy:59)
	at com.kms.katalon.core.keyword.builtin.CallTestCaseKeyword$_callTestCase_closure1.call(CallTestCaseKeyword.groovy)
	at com.kms.katalon.core.keyword.internal.KeywordMain.runKeyword(KeywordMain.groovy:68)
	at com.kms.katalon.core.keyword.builtin.CallTestCaseKeyword.callTestCase(CallTestCaseKeyword.groovy:81)
	at com.kms.katalon.core.keyword.builtin.CallTestCaseKeyword.execute(CallTestCaseKeyword.groovy:44)
	at com.kms.katalon.core.keyword.internal.KeywordExecutor.executeKeywordForPlatform(KeywordExecutor.groovy:73)
	at com.kms.katalon.core.keyword.BuiltinKeywords.callTestCase(BuiltinKeywords.groovy:334)
	at TC - 000 - Swag Labs Master.run(TC - 000 - Swag Labs Master:25)
	at com.kms.katalon.core.main.ScriptEngine.run(ScriptEngine.java:194)
	at com.kms.katalon.core.main.ScriptEngine.runScriptAsRawText(ScriptEngine.java:119)
	at com.kms.katalon.core.main.TestCaseExecutor.runScript(TestCaseExecutor.java:393)
	at com.kms.katalon.core.main.TestCaseExecutor.doExecute(TestCaseExecutor.java:384)
	at com.kms.katalon.core.main.TestCaseExecutor.processExecutionPhase(TestCaseExecutor.java:363)
	at com.kms.katalon.core.main.TestCaseExecutor.accessMainPhase(TestCaseExecutor.java:355)
	at com.kms.katalon.core.main.TestCaseExecutor.execute(TestCaseExecutor.java:251)
	at com.kms.katalon.core.main.TestSuiteExecutor.accessTestCaseMainPhase(TestSuiteExecutor.java:203)
	at com.kms.katalon.core.main.TestSuiteExecutor.accessTestSuiteMainPhase(TestSuiteExecutor.java:152)
	at com.kms.katalon.core.main.TestSuiteExecutor.execute(TestSuiteExecutor.java:95)
	at com.kms.katalon.core.main.TestCaseMain.startTestSuite(TestCaseMain.java:157)
	at com.kms.katalon.core.main.TestCaseMain$startTestSuite$0.call(Unknown Source)
	at TempTestSuite1645119445340.run(TempTestSuite1645119445340.groovy:39)
)
	at com.kms.katalon.core.keyword.internal.KeywordMain.stepFailed(KeywordMain.groovy:50)
	at com.kms.katalon.core.mobile.keyword.internal.MobileKeywordMain.stepFailed(MobileKeywordMain.groovy:40)
	at com.kms.katalon.core.mobile.keyword.internal.MobileKeywordMain.runKeyword(MobileKeywordMain.groovy:23)
	at com.kms.katalon.core.mobile.keyword.builtin.TapKeyword.tap(TapKeyword.groovy:86)
	at com.kms.katalon.core.mobile.keyword.builtin.TapKeyword.execute(TapKeyword.groovy:68)
	at com.kms.katalon.core.keyword.internal.KeywordExecutor.executeKeywordForPlatform(KeywordExecutor.groovy:73)
	at com.kms.katalon.core.mobile.keyword.MobileBuiltInKeywords.tap(MobileBuiltInKeywords.groovy:1267)
	at com.kms.katalon.core.mobile.keyword.MobileBuiltInKeywords$tap$1.call(Unknown Source)
	at TC - 002 - Product.run(TC - 002 - Product:26)
	at com.kms.katalon.core.main.ScriptEngine.run(ScriptEngine.java:194)
	at com.kms.katalon.core.main.ScriptEngine.runScriptAsRawText(ScriptEngine.java:119)
	at com.kms.katalon.core.main.TestCaseExecutor.runScript(TestCaseExecutor.java:393)
	at com.kms.katalon.core.main.TestCaseExecutor.doExecute(TestCaseExecutor.java:384)
	at com.kms.katalon.core.main.TestCaseExecutor.processExecutionPhase(TestCaseExecutor.java:363)
	at com.kms.katalon.core.main.TestCaseExecutor.accessMainPhase(TestCaseExecutor.java:355)
	at com.kms.katalon.core.main.TestCaseExecutor.execute(TestCaseExecutor.java:251)
	at com.kms.katalon.core.main.TestCaseMain.runTestCase(TestCaseMain.java:114)
	at com.kms.katalon.core.keyword.builtin.CallTestCaseKeyword$_callTestCase_closure1.doCall(CallTestCaseKeyword.groovy:59)
	... 20 more
Caused by: org.openqa.selenium.InvalidArgumentException: Coordinate [x=397.0, y=1391.0] is outside of element rect: [0,0][720,1369]
Build info: version: '3.141.59', revision: 'e82be7d358', time: '2018-11-14T08:25:53'
System info: host: 'MURI', ip: '192.168.43.147', os.name: 'Windows 10', os.arch: 'amd64', os.version: '10.0', java.version: '1.8.0_181'
Driver info: com.kms.katalon.core.appium.driver.SwipeableAndroidDriver
Capabilities {app: C:\Users\Lenovo\Katalon Stu..., appPackage: com.swaglabsmobileapp, appWaitActivity: *, autoGrantPermissions: true, automationName: uiautomator2, chromedriverPort: 60904, databaseEnabled: false, desired: {app: C:\Users\Lenovo\Katalon Stu..., appWaitActivity: *, autoGrantPermissions: true, automationName: uiautomator2, chromedriverPort: 60904, deviceId: 4a90dd0d, deviceName: Xiaomi Redmi 7 (Android 10), fullReset: false, newCommandTimeout: 1800, noReset: true, platform: ANDROID, platformName: android, platformVersion: 10, systemPort: 60902, udid: 4a90dd0d}, deviceApiLevel: 29, deviceId: 4a90dd0d, deviceManufacturer: Xiaomi, deviceModel: Redmi 7, deviceName: 4a90dd0d, deviceScreenDensity: 320, deviceScreenSize: 720x1520, deviceUDID: 4a90dd0d, fullReset: false, javascriptEnabled: true, locationContextEnabled: false, networkConnectionEnabled: true, newCommandTimeout: 1800, noReset: true, pixelRatio: 2, platform: ANDROID, platformName: Android, platformVersion: 10, statBarHeight: 55, systemPort: 60902, takesScreenshot: true, udid: 4a90dd0d, viewportRect: {height: 1314, left: 0, top: 55, width: 720}, warnings: {}, webStorageEnabled: false}
Session ID: fb8a18ff-a099-4f4b-a8e3-671b9863fe0e
	at org.openqa.selenium.remote.http.W3CHttpResponseCodec.createException(W3CHttpResponseCodec.java:187)
	at org.openqa.selenium.remote.http.W3CHttpResponseCodec.decode(W3CHttpResponseCodec.java:122)
	at org.openqa.selenium.remote.http.W3CHttpResponseCodec.decode(W3CHttpResponseCodec.java:49)
	at org.openqa.selenium.remote.HttpCommandExecutor.execute(HttpCommandExecutor.java:158)
	at io.appium.java_client.remote.AppiumCommandExecutor.execute(AppiumCommandExecutor.java:239)
	at org.openqa.selenium.remote.RemoteWebDriver.execute(RemoteWebDriver.java:552)
	at io.appium.java_client.DefaultGenericMobileDriver.execute(DefaultGenericMobileDriver.java:42)
	at io.appium.java_client.AppiumDriver.execute(AppiumDriver.java:1)
	at io.appium.java_client.android.AndroidDriver.execute(AndroidDriver.java:1)
	at com.kms.katalon.core.appium.driver.SwipeableAndroidDriver.execute(SwipeableAndroidDriver.java:1)
	at io.appium.java_client.PerformsTouchActions.performTouchAction(PerformsTouchActions.java:41)
	at io.appium.java_client.TouchAction.perform(TouchAction.java:187)
	at com.kms.katalon.core.mobile.keyword.builtin.TapKeyword$_tap_closure1.doCall(TapKeyword.groovy:84)
	at com.kms.katalon.core.mobile.keyword.builtin.TapKeyword$_tap_closure1.call(TapKeyword.groovy)
	at com.kms.katalon.core.mobile.keyword.internal.MobileKeywordMain.runKeyword(MobileKeywordMain.groovy:21)
	... 35 more]]></system-err>
      </testcase>
      <testcase name="Test Cases/TC - 000 - Swag Labs Master" time="81.174" classname="Test Cases/TC - 000 - Swag Labs Master" status="PASSED">
         <system-out><![CDATA[2022-02-18 00:38:53 - [TEST_CASE][PASSED] - Test Cases/TC - 000 - Swag Labs Master: Test Cases/TC - 000 - Swag Labs Master

2022-02-18 00:38:54 - [TEST_STEP][PASSED] - startApplication("C:\Users\Lenovo\Katalon Studio\Sauce Labs Mobile Test\Android.SauceLabs.Mobile.Sample.app.2.7.1.apk", false): Started app at: 'C:\Users\Lenovo\Katalon Studio\Sauce Labs Mobile Test\Android.SauceLabs.Mobile.Sample.app.2.7.1.apk'

2022-02-18 00:38:54 - [MESSAGE][INFO] - User set preference: ['appWaitActivity', '*']

2022-02-18 00:38:54 - [MESSAGE][INFO] - User set preference: ['deviceId', '4a90dd0d']

2022-02-18 00:39:09 - [MESSAGE][INFO] - Failed to get Android statusbar's information.

2022-02-18 00:39:09 - [MESSAGE][PASSED] - Started app at: 'C:\Users\Lenovo\Katalon Studio\Sauce Labs Mobile Test\Android.SauceLabs.Mobile.Sample.app.2.7.1.apk'

2022-02-18 00:39:09 - [TEST_STEP][PASSED] - callTestCase(findTestCase("TC - 001 - Login"), [:], STOP_ON_FAILURE): Call Test Case 'Test Cases/TC - 001 - Login' successfully

2022-02-18 00:39:09 - [TEST_CASE][PASSED] - Test Cases/TC - 001 - Login: Test Cases/TC - 001 - Login

2022-02-18 00:39:09 - [TEST_STEP][PASSED] - setText(findTestObject("Login/EditText - Username"), "standard_user", 0): Text 'standard_user' has been set to element 'Object Repository/Login/EditText - Username'

2022-02-18 00:39:09 - [MESSAGE][WARNING] - Timeout '0' is invalid. Using default page load timeout: '30'

2022-02-18 00:39:11 - [MESSAGE][PASSED] - Text 'standard_user' has been set to element 'Object Repository/Login/EditText - Username'

2022-02-18 00:39:11 - [TEST_STEP][PASSED] - setText(findTestObject("Login/EditText - Password"), "secret_sauce", 0): Text 'secret_sauce' has been set to element 'Object Repository/Login/EditText - Password'

2022-02-18 00:39:11 - [MESSAGE][WARNING] - Timeout '0' is invalid. Using default page load timeout: '30'

2022-02-18 00:39:12 - [MESSAGE][PASSED] - Text 'secret_sauce' has been set to element 'Object Repository/Login/EditText - Password'

2022-02-18 00:39:12 - [TEST_STEP][PASSED] - tap(findTestObject("Login/Button - Login"), 0): Tapped on element 'Object Repository/Login/Button - Login'

2022-02-18 00:39:12 - [MESSAGE][WARNING] - Timeout '0' is invalid. Using default page load timeout: '30'

2022-02-18 00:39:14 - [MESSAGE][PASSED] - Tapped on element 'Object Repository/Login/Button - Login'

2022-02-18 00:39:14 - [MESSAGE][PASSED] - Call Test Case 'Test Cases/TC - 001 - Login' successfully

2022-02-18 00:39:14 - [TEST_STEP][PASSED] - delay(2, STOP_ON_FAILURE): Delayed 2 second(s)

2022-02-18 00:39:16 - [MESSAGE][PASSED] - Delayed 2 second(s)

2022-02-18 00:39:16 - [TEST_STEP][PASSED] - callTestCase(findTestCase("TC - 002 - Product"), ["Total":Total, "Item0":Item0, "Item1":Item1, "Item2":Item2, "Item3":Item3, "Item4":Item4, "Item5":Item5], STOP_ON_FAILURE): Call Test Case 'Test Cases/TC - 002 - Product' successfully

2022-02-18 00:39:16 - [TEST_CASE][PASSED] - Test Cases/TC - 002 - Product: Test Cases/TC - 002 - Product

2022-02-18 00:39:16 - [TEST_STEP][PASSED] - for ([i = 0, i < Total, (i++)]): Tapped on element 'Object Repository/Product/Button - BACK TO PRODUCTS'

2022-02-18 00:39:16 - [TEST_STEP][PASSED] - if (i == 0): Tapped on element 'Object Repository/Product/TextView - Products'

2022-02-18 00:39:16 - [TEST_STEP][PASSED] - scrollToText(Item0, STOP_ON_FAILURE): Scrolling to text 'Backpack' successfully

2022-02-18 00:39:17 - [MESSAGE][PASSED] - Scrolling to text 'Backpack' successfully

2022-02-18 00:39:17 - [TEST_STEP][PASSED] - tap(findTestObject("Product/TextView - Products", ["text":Item0]), 0): Tapped on element 'Object Repository/Product/TextView - Products'

2022-02-18 00:39:18 - [MESSAGE][WARNING] - Timeout '0' is invalid. Using default page load timeout: '30'

2022-02-18 00:39:18 - [MESSAGE][PASSED] - Tapped on element 'Object Repository/Product/TextView - Products'

2022-02-18 00:39:18 - [TEST_STEP][PASSED] - scrollToText("ADD TO CART", STOP_ON_FAILURE): Scrolling to text 'ADD TO CART' successfully

2022-02-18 00:39:23 - [MESSAGE][PASSED] - Scrolling to text 'ADD TO CART' successfully

2022-02-18 00:39:23 - [TEST_STEP][PASSED] - tap(findTestObject("Product/TextView - ADD TO CART"), 0): Tapped on element 'Object Repository/Product/TextView - ADD TO CART'

2022-02-18 00:39:23 - [MESSAGE][WARNING] - Timeout '0' is invalid. Using default page load timeout: '30'

2022-02-18 00:39:24 - [MESSAGE][PASSED] - Tapped on element 'Object Repository/Product/TextView - ADD TO CART'

2022-02-18 00:39:24 - [TEST_STEP][PASSED] - tap(findTestObject("Product/Button - BACK TO PRODUCTS"), 0): Tapped on element 'Object Repository/Product/Button - BACK TO PRODUCTS'

2022-02-18 00:39:24 - [MESSAGE][WARNING] - Timeout '0' is invalid. Using default page load timeout: '30'

2022-02-18 00:39:26 - [MESSAGE][PASSED] - Tapped on element 'Object Repository/Product/Button - BACK TO PRODUCTS'

2022-02-18 00:39:26 - [TEST_STEP][PASSED] - if (i == 0): null

2022-02-18 00:39:26 - [TEST_STEP][PASSED] - else if (i == 1): Tapped on element 'Object Repository/Product/TextView - Products'

2022-02-18 00:39:26 - [TEST_STEP][PASSED] - scrollToText(Item1, STOP_ON_FAILURE): Scrolling to text 'Onesie' successfully

2022-02-18 00:39:31 - [MESSAGE][PASSED] - Scrolling to text 'Onesie' successfully

2022-02-18 00:39:31 - [TEST_STEP][PASSED] - tap(findTestObject("Product/TextView - Products", ["text":Item1]), 0): Tapped on element 'Object Repository/Product/TextView - Products'

2022-02-18 00:39:31 - [MESSAGE][WARNING] - Timeout '0' is invalid. Using default page load timeout: '30'

2022-02-18 00:39:32 - [MESSAGE][PASSED] - Tapped on element 'Object Repository/Product/TextView - Products'

2022-02-18 00:39:32 - [TEST_STEP][PASSED] - scrollToText("ADD TO CART", STOP_ON_FAILURE): Scrolling to text 'ADD TO CART' successfully

2022-02-18 00:39:36 - [MESSAGE][PASSED] - Scrolling to text 'ADD TO CART' successfully

2022-02-18 00:39:36 - [TEST_STEP][PASSED] - tap(findTestObject("Product/TextView - ADD TO CART"), 0): Tapped on element 'Object Repository/Product/TextView - ADD TO CART'

2022-02-18 00:39:36 - [MESSAGE][WARNING] - Timeout '0' is invalid. Using default page load timeout: '30'

2022-02-18 00:39:37 - [MESSAGE][PASSED] - Tapped on element 'Object Repository/Product/TextView - ADD TO CART'

2022-02-18 00:39:37 - [TEST_STEP][PASSED] - tap(findTestObject("Product/Button - BACK TO PRODUCTS"), 0): Tapped on element 'Object Repository/Product/Button - BACK TO PRODUCTS'

2022-02-18 00:39:37 - [MESSAGE][WARNING] - Timeout '0' is invalid. Using default page load timeout: '30'

2022-02-18 00:39:38 - [MESSAGE][PASSED] - Tapped on element 'Object Repository/Product/Button - BACK TO PRODUCTS'

2022-02-18 00:39:38 - [TEST_STEP][PASSED] - if (i == 0): null

2022-02-18 00:39:38 - [TEST_STEP][PASSED] - else if (i == 1): null

2022-02-18 00:39:38 - [TEST_STEP][PASSED] - else if (i == 2): Tapped on element 'Object Repository/Product/TextView - Products'

2022-02-18 00:39:38 - [TEST_STEP][PASSED] - scrollToText(Item2, STOP_ON_FAILURE): Scrolling to text 'Bolt' successfully

2022-02-18 00:39:40 - [MESSAGE][PASSED] - Scrolling to text 'Bolt' successfully

2022-02-18 00:39:40 - [TEST_STEP][PASSED] - tap(findTestObject("Product/TextView - Products", ["text":Item2]), 0): Tapped on element 'Object Repository/Product/TextView - Products'

2022-02-18 00:39:40 - [MESSAGE][WARNING] - Timeout '0' is invalid. Using default page load timeout: '30'

2022-02-18 00:39:41 - [MESSAGE][PASSED] - Tapped on element 'Object Repository/Product/TextView - Products'

2022-02-18 00:39:41 - [TEST_STEP][PASSED] - scrollToText("ADD TO CART", STOP_ON_FAILURE): Scrolling to text 'ADD TO CART' successfully

2022-02-18 00:39:45 - [MESSAGE][PASSED] - Scrolling to text 'ADD TO CART' successfully

2022-02-18 00:39:45 - [TEST_STEP][PASSED] - tap(findTestObject("Product/TextView - ADD TO CART"), 0): Tapped on element 'Object Repository/Product/TextView - ADD TO CART'

2022-02-18 00:39:46 - [MESSAGE][WARNING] - Timeout '0' is invalid. Using default page load timeout: '30'

2022-02-18 00:39:46 - [MESSAGE][PASSED] - Tapped on element 'Object Repository/Product/TextView - ADD TO CART'

2022-02-18 00:39:46 - [TEST_STEP][PASSED] - tap(findTestObject("Product/Button - BACK TO PRODUCTS"), 0): Tapped on element 'Object Repository/Product/Button - BACK TO PRODUCTS'

2022-02-18 00:39:47 - [MESSAGE][WARNING] - Timeout '0' is invalid. Using default page load timeout: '30'

2022-02-18 00:39:49 - [MESSAGE][PASSED] - Tapped on element 'Object Repository/Product/Button - BACK TO PRODUCTS'

2022-02-18 00:39:49 - [TEST_STEP][PASSED] - tap(findTestObject("Product/Image - Cart"), 0): Tapped on element 'Object Repository/Product/Image - Cart'

2022-02-18 00:39:49 - [MESSAGE][WARNING] - Timeout '0' is invalid. Using default page load timeout: '30'

2022-02-18 00:39:50 - [MESSAGE][PASSED] - Tapped on element 'Object Repository/Product/Image - Cart'

2022-02-18 00:39:50 - [TEST_STEP][PASSED] - scrollToText("CHECKOUT", STOP_ON_FAILURE): Scrolling to text 'CHECKOUT' successfully

2022-02-18 00:39:56 - [MESSAGE][PASSED] - Scrolling to text 'CHECKOUT' successfully

2022-02-18 00:39:56 - [TEST_STEP][PASSED] - tap(findTestObject("Product/TextView - CHECKOUT"), 0): Tapped on element 'Object Repository/Product/TextView - CHECKOUT'

2022-02-18 00:39:56 - [MESSAGE][WARNING] - Timeout '0' is invalid. Using default page load timeout: '30'

2022-02-18 00:39:58 - [MESSAGE][PASSED] - Tapped on element 'Object Repository/Product/TextView - CHECKOUT'

2022-02-18 00:39:58 - [MESSAGE][PASSED] - Call Test Case 'Test Cases/TC - 002 - Product' successfully

2022-02-18 00:39:58 - [TEST_STEP][PASSED] - callTestCase(findTestCase("TC - 003 - Checkout"), ["FirstName":FirstName, "LastName":LastName, "Pos":Pos], STOP_ON_FAILURE): Call Test Case 'Test Cases/TC - 003 - Checkout' successfully

2022-02-18 00:39:58 - [TEST_CASE][PASSED] - Test Cases/TC - 003 - Checkout: Test Cases/TC - 003 - Checkout

2022-02-18 00:39:59 - [TEST_STEP][PASSED] - setText(findTestObject("Checkout/EditText - First Name"), FirstName, 0): Text 'Do' has been set to element 'Object Repository/Checkout/EditText - First Name'

2022-02-18 00:39:59 - [MESSAGE][WARNING] - Timeout '0' is invalid. Using default page load timeout: '30'

2022-02-18 00:40:01 - [MESSAGE][PASSED] - Text 'Do' has been set to element 'Object Repository/Checkout/EditText - First Name'

2022-02-18 00:40:01 - [TEST_STEP][PASSED] - setText(findTestObject("Checkout/EditText - Last Name"), LastName, 0): Text 'Ni' has been set to element 'Object Repository/Checkout/EditText - Last Name'

2022-02-18 00:40:01 - [MESSAGE][WARNING] - Timeout '0' is invalid. Using default page load timeout: '30'

2022-02-18 00:40:03 - [MESSAGE][PASSED] - Text 'Ni' has been set to element 'Object Repository/Checkout/EditText - Last Name'

2022-02-18 00:40:03 - [TEST_STEP][PASSED] - setText(findTestObject("Checkout/EditText - ZipPostal Code"), Pos, 0): Text '3214' has been set to element 'Object Repository/Checkout/EditText - ZipPostal Code'

2022-02-18 00:40:03 - [MESSAGE][WARNING] - Timeout '0' is invalid. Using default page load timeout: '30'

2022-02-18 00:40:05 - [MESSAGE][PASSED] - Text '3214' has been set to element 'Object Repository/Checkout/EditText - ZipPostal Code'

2022-02-18 00:40:05 - [TEST_STEP][PASSED] - tap(findTestObject("Checkout/Button - CONTINUE"), 0): Tapped on element 'Object Repository/Checkout/Button - CONTINUE'

2022-02-18 00:40:05 - [MESSAGE][WARNING] - Timeout '0' is invalid. Using default page load timeout: '30'

2022-02-18 00:40:06 - [MESSAGE][PASSED] - Tapped on element 'Object Repository/Checkout/Button - CONTINUE'

2022-02-18 00:40:06 - [TEST_STEP][PASSED] - scrollToText("FINISH", STOP_ON_FAILURE): Scrolling to text 'FINISH' successfully

2022-02-18 00:40:13 - [MESSAGE][PASSED] - Scrolling to text 'FINISH' successfully

2022-02-18 00:40:13 - [TEST_STEP][PASSED] - tap(findTestObject("Checkout/Button - FINISH"), 0): Tapped on element 'Object Repository/Checkout/Button - FINISH'

2022-02-18 00:40:13 - [MESSAGE][WARNING] - Timeout '0' is invalid. Using default page load timeout: '30'

2022-02-18 00:40:14 - [MESSAGE][PASSED] - Tapped on element 'Object Repository/Checkout/Button - FINISH'

2022-02-18 00:40:14 - [MESSAGE][PASSED] - Call Test Case 'Test Cases/TC - 003 - Checkout' successfully

2022-02-18 00:40:14 - [TEST_STEP][PASSED] - closeApplication(): Close app successfully

2022-02-18 00:40:15 - [MESSAGE][PASSED] - Close app successfully]]></system-out>
         <system-err><![CDATA[]]></system-err>
      </testcase>
      <testcase name="Test Cases/TC - 000 - Swag Labs Master" time="126.058" classname="Test Cases/TC - 000 - Swag Labs Master" status="PASSED">
         <system-out><![CDATA[2022-02-18 00:40:15 - [TEST_CASE][PASSED] - Test Cases/TC - 000 - Swag Labs Master: Test Cases/TC - 000 - Swag Labs Master

2022-02-18 00:40:15 - [TEST_STEP][PASSED] - startApplication("C:\Users\Lenovo\Katalon Studio\Sauce Labs Mobile Test\Android.SauceLabs.Mobile.Sample.app.2.7.1.apk", false): Started app at: 'C:\Users\Lenovo\Katalon Studio\Sauce Labs Mobile Test\Android.SauceLabs.Mobile.Sample.app.2.7.1.apk'

2022-02-18 00:40:15 - [MESSAGE][INFO] - User set preference: ['appWaitActivity', '*']

2022-02-18 00:40:15 - [MESSAGE][INFO] - User set preference: ['deviceId', '4a90dd0d']

2022-02-18 00:40:19 - [MESSAGE][INFO] - Appium server started on port 61,533

2022-02-18 00:40:34 - [MESSAGE][INFO] - Failed to get Android statusbar's information.

2022-02-18 00:40:34 - [MESSAGE][PASSED] - Started app at: 'C:\Users\Lenovo\Katalon Studio\Sauce Labs Mobile Test\Android.SauceLabs.Mobile.Sample.app.2.7.1.apk'

2022-02-18 00:40:34 - [TEST_STEP][PASSED] - callTestCase(findTestCase("TC - 001 - Login"), [:], STOP_ON_FAILURE): Call Test Case 'Test Cases/TC - 001 - Login' successfully

2022-02-18 00:40:34 - [TEST_CASE][PASSED] - Test Cases/TC - 001 - Login: Test Cases/TC - 001 - Login

2022-02-18 00:40:34 - [TEST_STEP][PASSED] - setText(findTestObject("Login/EditText - Username"), "standard_user", 0): Text 'standard_user' has been set to element 'Object Repository/Login/EditText - Username'

2022-02-18 00:40:34 - [MESSAGE][WARNING] - Timeout '0' is invalid. Using default page load timeout: '30'

2022-02-18 00:40:36 - [MESSAGE][PASSED] - Text 'standard_user' has been set to element 'Object Repository/Login/EditText - Username'

2022-02-18 00:40:36 - [TEST_STEP][PASSED] - setText(findTestObject("Login/EditText - Password"), "secret_sauce", 0): Text 'secret_sauce' has been set to element 'Object Repository/Login/EditText - Password'

2022-02-18 00:40:36 - [MESSAGE][WARNING] - Timeout '0' is invalid. Using default page load timeout: '30'

2022-02-18 00:40:38 - [MESSAGE][PASSED] - Text 'secret_sauce' has been set to element 'Object Repository/Login/EditText - Password'

2022-02-18 00:40:38 - [TEST_STEP][PASSED] - tap(findTestObject("Login/Button - Login"), 0): Tapped on element 'Object Repository/Login/Button - Login'

2022-02-18 00:40:38 - [MESSAGE][WARNING] - Timeout '0' is invalid. Using default page load timeout: '30'

2022-02-18 00:40:39 - [MESSAGE][PASSED] - Tapped on element 'Object Repository/Login/Button - Login'

2022-02-18 00:40:39 - [MESSAGE][PASSED] - Call Test Case 'Test Cases/TC - 001 - Login' successfully

2022-02-18 00:40:39 - [TEST_STEP][PASSED] - delay(2, STOP_ON_FAILURE): Delayed 2 second(s)

2022-02-18 00:40:41 - [MESSAGE][PASSED] - Delayed 2 second(s)

2022-02-18 00:40:41 - [TEST_STEP][PASSED] - callTestCase(findTestCase("TC - 002 - Product"), ["Total":Total, "Item0":Item0, "Item1":Item1, "Item2":Item2, "Item3":Item3, "Item4":Item4, "Item5":Item5], STOP_ON_FAILURE): Call Test Case 'Test Cases/TC - 002 - Product' successfully

2022-02-18 00:40:41 - [TEST_CASE][PASSED] - Test Cases/TC - 002 - Product: Test Cases/TC - 002 - Product

2022-02-18 00:40:41 - [TEST_STEP][PASSED] - for ([i = 0, i < Total, (i++)]): Tapped on element 'Object Repository/Product/Button - BACK TO PRODUCTS'

2022-02-18 00:40:41 - [TEST_STEP][PASSED] - if (i == 0): Tapped on element 'Object Repository/Product/TextView - Products'

2022-02-18 00:40:41 - [TEST_STEP][PASSED] - scrollToText(Item0, STOP_ON_FAILURE): Scrolling to text 'Light' successfully

2022-02-18 00:40:43 - [MESSAGE][PASSED] - Scrolling to text 'Light' successfully

2022-02-18 00:40:43 - [TEST_STEP][PASSED] - tap(findTestObject("Product/TextView - Products", ["text":Item0]), 0): Tapped on element 'Object Repository/Product/TextView - Products'

2022-02-18 00:40:43 - [MESSAGE][WARNING] - Timeout '0' is invalid. Using default page load timeout: '30'

2022-02-18 00:40:44 - [MESSAGE][PASSED] - Tapped on element 'Object Repository/Product/TextView - Products'

2022-02-18 00:40:44 - [TEST_STEP][PASSED] - scrollToText("ADD TO CART", STOP_ON_FAILURE): Scrolling to text 'ADD TO CART' successfully

2022-02-18 00:40:48 - [MESSAGE][PASSED] - Scrolling to text 'ADD TO CART' successfully

2022-02-18 00:40:48 - [TEST_STEP][PASSED] - tap(findTestObject("Product/TextView - ADD TO CART"), 0): Tapped on element 'Object Repository/Product/TextView - ADD TO CART'

2022-02-18 00:40:48 - [MESSAGE][WARNING] - Timeout '0' is invalid. Using default page load timeout: '30'

2022-02-18 00:40:49 - [MESSAGE][PASSED] - Tapped on element 'Object Repository/Product/TextView - ADD TO CART'

2022-02-18 00:40:49 - [TEST_STEP][PASSED] - tap(findTestObject("Product/Button - BACK TO PRODUCTS"), 0): Tapped on element 'Object Repository/Product/Button - BACK TO PRODUCTS'

2022-02-18 00:40:49 - [MESSAGE][WARNING] - Timeout '0' is invalid. Using default page load timeout: '30'

2022-02-18 00:40:50 - [MESSAGE][PASSED] - Tapped on element 'Object Repository/Product/Button - BACK TO PRODUCTS'

2022-02-18 00:40:50 - [TEST_STEP][PASSED] - if (i == 0): null

2022-02-18 00:40:50 - [TEST_STEP][PASSED] - else if (i == 1): Tapped on element 'Object Repository/Product/TextView - Products'

2022-02-18 00:40:50 - [TEST_STEP][PASSED] - scrollToText(Item1, STOP_ON_FAILURE): Scrolling to text 'Bolt' successfully

2022-02-18 00:40:55 - [MESSAGE][PASSED] - Scrolling to text 'Bolt' successfully

2022-02-18 00:40:55 - [TEST_STEP][PASSED] - tap(findTestObject("Product/TextView - Products", ["text":Item1]), 0): Tapped on element 'Object Repository/Product/TextView - Products'

2022-02-18 00:40:55 - [MESSAGE][WARNING] - Timeout '0' is invalid. Using default page load timeout: '30'

2022-02-18 00:40:57 - [MESSAGE][PASSED] - Tapped on element 'Object Repository/Product/TextView - Products'

2022-02-18 00:40:57 - [TEST_STEP][PASSED] - scrollToText("ADD TO CART", STOP_ON_FAILURE): Scrolling to text 'ADD TO CART' successfully

2022-02-18 00:41:01 - [MESSAGE][PASSED] - Scrolling to text 'ADD TO CART' successfully

2022-02-18 00:41:01 - [TEST_STEP][PASSED] - tap(findTestObject("Product/TextView - ADD TO CART"), 0): Tapped on element 'Object Repository/Product/TextView - ADD TO CART'

2022-02-18 00:41:01 - [MESSAGE][WARNING] - Timeout '0' is invalid. Using default page load timeout: '30'

2022-02-18 00:41:02 - [MESSAGE][PASSED] - Tapped on element 'Object Repository/Product/TextView - ADD TO CART'

2022-02-18 00:41:02 - [TEST_STEP][PASSED] - tap(findTestObject("Product/Button - BACK TO PRODUCTS"), 0): Tapped on element 'Object Repository/Product/Button - BACK TO PRODUCTS'

2022-02-18 00:41:02 - [MESSAGE][WARNING] - Timeout '0' is invalid. Using default page load timeout: '30'

2022-02-18 00:41:04 - [MESSAGE][PASSED] - Tapped on element 'Object Repository/Product/Button - BACK TO PRODUCTS'

2022-02-18 00:41:04 - [TEST_STEP][PASSED] - if (i == 0): null

2022-02-18 00:41:04 - [TEST_STEP][PASSED] - else if (i == 1): null

2022-02-18 00:41:04 - [TEST_STEP][PASSED] - else if (i == 2): Tapped on element 'Object Repository/Product/TextView - Products'

2022-02-18 00:41:04 - [TEST_STEP][PASSED] - scrollToText(Item2, STOP_ON_FAILURE): Scrolling to text 'Red' successfully

2022-02-18 00:41:05 - [MESSAGE][PASSED] - Scrolling to text 'Red' successfully

2022-02-18 00:41:05 - [TEST_STEP][PASSED] - tap(findTestObject("Product/TextView - Products", ["text":Item2]), 0): Tapped on element 'Object Repository/Product/TextView - Products'

2022-02-18 00:41:05 - [MESSAGE][WARNING] - Timeout '0' is invalid. Using default page load timeout: '30'

2022-02-18 00:41:06 - [MESSAGE][PASSED] - Tapped on element 'Object Repository/Product/TextView - Products'

2022-02-18 00:41:06 - [TEST_STEP][PASSED] - scrollToText("ADD TO CART", STOP_ON_FAILURE): Scrolling to text 'ADD TO CART' successfully

2022-02-18 00:41:10 - [MESSAGE][PASSED] - Scrolling to text 'ADD TO CART' successfully

2022-02-18 00:41:10 - [TEST_STEP][PASSED] - tap(findTestObject("Product/TextView - ADD TO CART"), 0): Tapped on element 'Object Repository/Product/TextView - ADD TO CART'

2022-02-18 00:41:10 - [MESSAGE][WARNING] - Timeout '0' is invalid. Using default page load timeout: '30'

2022-02-18 00:41:11 - [MESSAGE][PASSED] - Tapped on element 'Object Repository/Product/TextView - ADD TO CART'

2022-02-18 00:41:11 - [TEST_STEP][PASSED] - tap(findTestObject("Product/Button - BACK TO PRODUCTS"), 0): Tapped on element 'Object Repository/Product/Button - BACK TO PRODUCTS'

2022-02-18 00:41:11 - [MESSAGE][WARNING] - Timeout '0' is invalid. Using default page load timeout: '30'

2022-02-18 00:41:12 - [MESSAGE][PASSED] - Tapped on element 'Object Repository/Product/Button - BACK TO PRODUCTS'

2022-02-18 00:41:12 - [TEST_STEP][PASSED] - if (i == 0): null

2022-02-18 00:41:12 - [TEST_STEP][PASSED] - else if (i == 1): null

2022-02-18 00:41:12 - [TEST_STEP][PASSED] - else if (i == 2): null

2022-02-18 00:41:12 - [TEST_STEP][PASSED] - else if (i == 3): Tapped on element 'Object Repository/Product/TextView - Products'

2022-02-18 00:41:12 - [TEST_STEP][PASSED] - scrollToText(Item3, STOP_ON_FAILURE): Scrolling to text 'Jacket' successfully

2022-02-18 00:41:13 - [MESSAGE][PASSED] - Scrolling to text 'Jacket' successfully

2022-02-18 00:41:13 - [TEST_STEP][PASSED] - tap(findTestObject("Product/TextView - Products", ["text":Item3]), 0): Tapped on element 'Object Repository/Product/TextView - Products'

2022-02-18 00:41:13 - [MESSAGE][WARNING] - Timeout '0' is invalid. Using default page load timeout: '30'

2022-02-18 00:41:14 - [MESSAGE][PASSED] - Tapped on element 'Object Repository/Product/TextView - Products'

2022-02-18 00:41:14 - [TEST_STEP][PASSED] - scrollToText("ADD TO CART", STOP_ON_FAILURE): Scrolling to text 'ADD TO CART' successfully

2022-02-18 00:41:19 - [MESSAGE][PASSED] - Scrolling to text 'ADD TO CART' successfully

2022-02-18 00:41:19 - [TEST_STEP][PASSED] - tap(findTestObject("Product/TextView - ADD TO CART"), 0): Tapped on element 'Object Repository/Product/TextView - ADD TO CART'

2022-02-18 00:41:19 - [MESSAGE][WARNING] - Timeout '0' is invalid. Using default page load timeout: '30'

2022-02-18 00:41:20 - [MESSAGE][PASSED] - Tapped on element 'Object Repository/Product/TextView - ADD TO CART'

2022-02-18 00:41:20 - [TEST_STEP][PASSED] - tap(findTestObject("Product/Button - BACK TO PRODUCTS"), 0): Tapped on element 'Object Repository/Product/Button - BACK TO PRODUCTS'

2022-02-18 00:41:20 - [MESSAGE][WARNING] - Timeout '0' is invalid. Using default page load timeout: '30'

2022-02-18 00:41:21 - [MESSAGE][PASSED] - Tapped on element 'Object Repository/Product/Button - BACK TO PRODUCTS'

2022-02-18 00:41:21 - [TEST_STEP][PASSED] - if (i == 0): null

2022-02-18 00:41:21 - [TEST_STEP][PASSED] - else if (i == 1): null

2022-02-18 00:41:21 - [TEST_STEP][PASSED] - else if (i == 2): null

2022-02-18 00:41:21 - [TEST_STEP][PASSED] - else if (i == 3): null

2022-02-18 00:41:21 - [TEST_STEP][PASSED] - else if (i == 4): Tapped on element 'Object Repository/Product/TextView - Products'

2022-02-18 00:41:21 - [TEST_STEP][PASSED] - scrollToText(Item4, STOP_ON_FAILURE): Scrolling to text 'Backpack' successfully

2022-02-18 00:41:26 - [MESSAGE][PASSED] - Scrolling to text 'Backpack' successfully

2022-02-18 00:41:26 - [TEST_STEP][PASSED] - tap(findTestObject("Product/TextView - Products", ["text":Item4]), 0): Tapped on element 'Object Repository/Product/TextView - Products'

2022-02-18 00:41:26 - [MESSAGE][WARNING] - Timeout '0' is invalid. Using default page load timeout: '30'

2022-02-18 00:41:27 - [MESSAGE][PASSED] - Tapped on element 'Object Repository/Product/TextView - Products'

2022-02-18 00:41:27 - [TEST_STEP][PASSED] - scrollToText("ADD TO CART", STOP_ON_FAILURE): Scrolling to text 'ADD TO CART' successfully

2022-02-18 00:41:32 - [MESSAGE][PASSED] - Scrolling to text 'ADD TO CART' successfully

2022-02-18 00:41:32 - [TEST_STEP][PASSED] - tap(findTestObject("Product/TextView - ADD TO CART"), 0): Tapped on element 'Object Repository/Product/TextView - ADD TO CART'

2022-02-18 00:41:32 - [MESSAGE][WARNING] - Timeout '0' is invalid. Using default page load timeout: '30'

2022-02-18 00:41:33 - [MESSAGE][PASSED] - Tapped on element 'Object Repository/Product/TextView - ADD TO CART'

2022-02-18 00:41:33 - [TEST_STEP][PASSED] - tap(findTestObject("Product/Button - BACK TO PRODUCTS"), 0): Tapped on element 'Object Repository/Product/Button - BACK TO PRODUCTS'

2022-02-18 00:41:33 - [MESSAGE][WARNING] - Timeout '0' is invalid. Using default page load timeout: '30'

2022-02-18 00:41:34 - [MESSAGE][PASSED] - Tapped on element 'Object Repository/Product/Button - BACK TO PRODUCTS'

2022-02-18 00:41:34 - [TEST_STEP][PASSED] - if (i == 0): null

2022-02-18 00:41:34 - [TEST_STEP][PASSED] - else if (i == 1): null

2022-02-18 00:41:34 - [TEST_STEP][PASSED] - else if (i == 2): null

2022-02-18 00:41:34 - [TEST_STEP][PASSED] - else if (i == 3): null

2022-02-18 00:41:34 - [TEST_STEP][PASSED] - else if (i == 4): null

2022-02-18 00:41:34 - [TEST_STEP][PASSED] - else if (i == 5): Tapped on element 'Object Repository/Product/TextView - Products'

2022-02-18 00:41:34 - [TEST_STEP][PASSED] - scrollToText(Item5, STOP_ON_FAILURE): Scrolling to text 'Onesie' successfully

2022-02-18 00:41:38 - [MESSAGE][PASSED] - Scrolling to text 'Onesie' successfully

2022-02-18 00:41:38 - [TEST_STEP][PASSED] - tap(findTestObject("Product/TextView - Products", ["text":Item5]), 0): Tapped on element 'Object Repository/Product/TextView - Products'

2022-02-18 00:41:38 - [MESSAGE][WARNING] - Timeout '0' is invalid. Using default page load timeout: '30'

2022-02-18 00:41:39 - [MESSAGE][PASSED] - Tapped on element 'Object Repository/Product/TextView - Products'

2022-02-18 00:41:39 - [TEST_STEP][PASSED] - scrollToText("ADD TO CART", STOP_ON_FAILURE): Scrolling to text 'ADD TO CART' successfully

2022-02-18 00:41:44 - [MESSAGE][PASSED] - Scrolling to text 'ADD TO CART' successfully

2022-02-18 00:41:44 - [TEST_STEP][PASSED] - tap(findTestObject("Product/TextView - ADD TO CART"), 0): Tapped on element 'Object Repository/Product/TextView - ADD TO CART'

2022-02-18 00:41:44 - [MESSAGE][WARNING] - Timeout '0' is invalid. Using default page load timeout: '30'

2022-02-18 00:41:44 - [MESSAGE][PASSED] - Tapped on element 'Object Repository/Product/TextView - ADD TO CART'

2022-02-18 00:41:44 - [TEST_STEP][PASSED] - tap(findTestObject("Product/Button - BACK TO PRODUCTS"), 0): Tapped on element 'Object Repository/Product/Button - BACK TO PRODUCTS'

2022-02-18 00:41:44 - [MESSAGE][WARNING] - Timeout '0' is invalid. Using default page load timeout: '30'

2022-02-18 00:41:45 - [MESSAGE][PASSED] - Tapped on element 'Object Repository/Product/Button - BACK TO PRODUCTS'

2022-02-18 00:41:45 - [TEST_STEP][PASSED] - tap(findTestObject("Product/Image - Cart"), 0): Tapped on element 'Object Repository/Product/Image - Cart'

2022-02-18 00:41:46 - [MESSAGE][WARNING] - Timeout '0' is invalid. Using default page load timeout: '30'

2022-02-18 00:41:47 - [MESSAGE][PASSED] - Tapped on element 'Object Repository/Product/Image - Cart'

2022-02-18 00:41:47 - [TEST_STEP][PASSED] - scrollToText("CHECKOUT", STOP_ON_FAILURE): Scrolling to text 'CHECKOUT' successfully

2022-02-18 00:41:58 - [MESSAGE][PASSED] - Scrolling to text 'CHECKOUT' successfully

2022-02-18 00:41:58 - [TEST_STEP][PASSED] - tap(findTestObject("Product/TextView - CHECKOUT"), 0): Tapped on element 'Object Repository/Product/TextView - CHECKOUT'

2022-02-18 00:41:58 - [MESSAGE][WARNING] - Timeout '0' is invalid. Using default page load timeout: '30'

2022-02-18 00:42:01 - [MESSAGE][PASSED] - Tapped on element 'Object Repository/Product/TextView - CHECKOUT'

2022-02-18 00:42:01 - [MESSAGE][PASSED] - Call Test Case 'Test Cases/TC - 002 - Product' successfully

2022-02-18 00:42:01 - [TEST_STEP][PASSED] - callTestCase(findTestCase("TC - 003 - Checkout"), ["FirstName":FirstName, "LastName":LastName, "Pos":Pos], STOP_ON_FAILURE): Call Test Case 'Test Cases/TC - 003 - Checkout' successfully

2022-02-18 00:42:01 - [TEST_CASE][PASSED] - Test Cases/TC - 003 - Checkout: Test Cases/TC - 003 - Checkout

2022-02-18 00:42:01 - [TEST_STEP][PASSED] - setText(findTestObject("Checkout/EditText - First Name"), FirstName, 0): Text 'Bu' has been set to element 'Object Repository/Checkout/EditText - First Name'

2022-02-18 00:42:01 - [MESSAGE][WARNING] - Timeout '0' is invalid. Using default page load timeout: '30'

2022-02-18 00:42:03 - [MESSAGE][PASSED] - Text 'Bu' has been set to element 'Object Repository/Checkout/EditText - First Name'

2022-02-18 00:42:03 - [TEST_STEP][PASSED] - setText(findTestObject("Checkout/EditText - Last Name"), LastName, 0): Text 'Di' has been set to element 'Object Repository/Checkout/EditText - Last Name'

2022-02-18 00:42:03 - [MESSAGE][WARNING] - Timeout '0' is invalid. Using default page load timeout: '30'

2022-02-18 00:42:05 - [MESSAGE][PASSED] - Text 'Di' has been set to element 'Object Repository/Checkout/EditText - Last Name'

2022-02-18 00:42:05 - [TEST_STEP][PASSED] - setText(findTestObject("Checkout/EditText - ZipPostal Code"), Pos, 0): Text '4231' has been set to element 'Object Repository/Checkout/EditText - ZipPostal Code'

2022-02-18 00:42:05 - [MESSAGE][WARNING] - Timeout '0' is invalid. Using default page load timeout: '30'

2022-02-18 00:42:07 - [MESSAGE][PASSED] - Text '4231' has been set to element 'Object Repository/Checkout/EditText - ZipPostal Code'

2022-02-18 00:42:07 - [TEST_STEP][PASSED] - tap(findTestObject("Checkout/Button - CONTINUE"), 0): Tapped on element 'Object Repository/Checkout/Button - CONTINUE'

2022-02-18 00:42:07 - [MESSAGE][WARNING] - Timeout '0' is invalid. Using default page load timeout: '30'

2022-02-18 00:42:08 - [MESSAGE][PASSED] - Tapped on element 'Object Repository/Checkout/Button - CONTINUE'

2022-02-18 00:42:08 - [TEST_STEP][PASSED] - scrollToText("FINISH", STOP_ON_FAILURE): Scrolling to text 'FINISH' successfully

2022-02-18 00:42:19 - [MESSAGE][PASSED] - Scrolling to text 'FINISH' successfully

2022-02-18 00:42:19 - [TEST_STEP][PASSED] - tap(findTestObject("Checkout/Button - FINISH"), 0): Tapped on element 'Object Repository/Checkout/Button - FINISH'

2022-02-18 00:42:19 - [MESSAGE][WARNING] - Timeout '0' is invalid. Using default page load timeout: '30'

2022-02-18 00:42:20 - [MESSAGE][PASSED] - Tapped on element 'Object Repository/Checkout/Button - FINISH'

2022-02-18 00:42:20 - [MESSAGE][PASSED] - Call Test Case 'Test Cases/TC - 003 - Checkout' successfully

2022-02-18 00:42:20 - [TEST_STEP][PASSED] - closeApplication(): Close app successfully

2022-02-18 00:42:21 - [MESSAGE][PASSED] - Close app successfully]]></system-out>
         <system-err><![CDATA[]]></system-err>
      </testcase>
      <system-out><![CDATA[2022-02-18 00:37:30 - [TEST_SUITE][INCOMPLETE] - TS - Buy Product: null]]></system-out>
      <system-err><![CDATA[2022-02-18 00:37:30 - [TEST_SUITE][INCOMPLETE] - TS - Buy Product: null]]></system-err>
   </testsuite>
</testsuites>
